[2026-02-05 00:04:05] [ERROR] PHP Error {"message":"Undefined array key \"tax_total\"","file":"/Applications/XAMPP/xamppfiles/htdocs/melina_hms/src/views/billing/print.php","line":230}
[2026-02-05 00:04:10] [ERROR] PHP Error {"message":"Undefined array key \"tax_total\"","file":"/Applications/XAMPP/xamppfiles/htdocs/melina_hms/src/views/billing/print.php","line":230}
[2026-02-05 00:04:10] [ERROR] PHP Error {"message":"Undefined array key \"tax_total\"","file":"/Applications/XAMPP/xamppfiles/htdocs/melina_hms/src/views/billing/print.php","line":230}
[2026-02-05 00:04:11] [ERROR] PHP Error {"message":"Undefined array key \"tax_total\"","file":"/Applications/XAMPP/xamppfiles/htdocs/melina_hms/src/views/billing/print.php","line":230}
[2026-02-05 00:04:12] [ERROR] PHP Error {"message":"Undefined array key \"tax_total\"","file":"/Applications/XAMPP/xamppfiles/htdocs/melina_hms/src/views/billing/print.php","line":230}
[2026-02-05 00:04:14] [ERROR] PHP Error {"message":"Undefined array key \"tax_total\"","file":"/Applications/XAMPP/xamppfiles/htdocs/melina_hms/src/views/billing/print.php","line":230}
[2026-02-05 00:04:15] [ERROR] PHP Error {"message":"Undefined array key \"tax_total\"","file":"/Applications/XAMPP/xamppfiles/htdocs/melina_hms/src/views/billing/print.php","line":230}
[2026-02-05 00:04:17] [ERROR] PHP Error {"message":"Undefined array key \"tax_total\"","file":"/Applications/XAMPP/xamppfiles/htdocs/melina_hms/src/views/billing/print.php","line":230}
[2026-02-05 00:04:19] [ERROR] PHP Error {"message":"Undefined array key \"tax_total\"","file":"/Applications/XAMPP/xamppfiles/htdocs/melina_hms/src/views/billing/print.php","line":230}
[2026-02-05 00:04:20] [ERROR] PHP Error {"message":"Undefined array key \"tax_total\"","file":"/Applications/XAMPP/xamppfiles/htdocs/melina_hms/src/views/billing/print.php","line":230}
[2026-02-05 00:04:32] [ERROR] PHP Error {"message":"Undefined array key \"tax_total\"","file":"/Applications/XAMPP/xamppfiles/htdocs/melina_hms/src/views/billing/print.php","line":230}
[2026-02-05 00:05:21] [ERROR] PHP Error {"message":"Undefined array key \"tax_total\"","file":"/Applications/XAMPP/xamppfiles/htdocs/melina_hms/src/views/billing/print.php","line":230}
[2026-02-05 00:06:14] [ERROR] PHP Error {"message":"Undefined array key \"tax_total\"","file":"/Applications/XAMPP/xamppfiles/htdocs/melina_hms/src/views/billing/print.php","line":230}
[2026-02-05 15:54:40] [INFO] User logged in {"user_id":1,"username":"admin"}
[2026-02-05 16:04:12] [INFO] Melina Products - Environment Check {"REMOTE_DB_HOST":"srv971.hstgr.io","REMOTE_DB_DATABASE":"u602093072_melina","REMOTE_DB_USERNAME":"u602093072_melina","REMOTE_DB_PASSWORD":"***SET***"}
[2026-02-05 16:04:12] [INFO] Remote DB Connection Attempt {"host":"srv971.hstgr.io","port":"3306","database":"u602093072_melina","username":"u602093072_melina","password_length":15,"password_last_3":"!@#"}
[2026-02-05 16:04:13] [INFO] Melina products fetched successfully {"count":18,"search":""}
[2026-02-05 16:04:13] [INFO] Syncing Melina products to local database {"count":6}
[2026-02-05 16:04:13] [ERROR] Failed to sync product {"product":{"id":25,"name":"APRAGA PARPAM","sku":"FG-005","description":"TEST","tax_percent":"18.00"},"error":"SQLSTATE[42S22]: Column not found: 1054 Unknown column 'updated_at' in 'field list'"}
[2026-02-05 16:04:13] [ERROR] Failed to sync product {"product":{"id":19,"name":"KANKASA TABLET","sku":"FG-001","description":"TEST DESCRIPTION","tax_percent":"18.00"},"error":"SQLSTATE[42S22]: Column not found: 1054 Unknown column 'updated_at' in 'field list'"}
[2026-02-05 16:04:13] [ERROR] Failed to sync product {"product":{"id":26,"name":"kankasa tablet","sku":"FG-006","description":"fff","tax_percent":"18.00"},"error":"SQLSTATE[42S22]: Column not found: 1054 Unknown column 'updated_at' in 'field list'"}
[2026-02-05 16:04:13] [ERROR] Failed to sync product {"product":{"id":20,"name":"Legiyam","sku":"FG-002","description":"Skin Legiyam","tax_percent":"18.00"},"error":"SQLSTATE[42S22]: Column not found: 1054 Unknown column 'updated_at' in 'field list'"}
[2026-02-05 16:04:13] [ERROR] Failed to sync product {"product":{"id":27,"name":"Nellikkaitest","sku":"FG-007","description":"test","tax_percent":"18.00"},"error":"SQLSTATE[42S22]: Column not found: 1054 Unknown column 'updated_at' in 'field list'"}
[2026-02-05 16:04:13] [ERROR] Failed to sync product {"product":{"id":22,"name":"new hair oil","sku":"FG-003","description":"Hair Oil","tax_percent":"18.00"},"error":"SQLSTATE[42S22]: Column not found: 1054 Unknown column 'updated_at' in 'field list'"}
[2026-02-05 16:04:13] [INFO] Melina products sync completed {"synced":0,"skipped":0,"errors":6}
[2026-02-05 16:04:27] [INFO] Purchase Order created {"po_id":"11","items_count":1,"total_amount":922.6399999999999863575794734060764312744140625}
[2026-02-05 16:04:35] [INFO] Fetched PO items {"po_id":11,"items_count":1,"first_item":{"po_item_id":11,"product_id":6,"product_name":"kankasa tablet","sku":"FG-006","qty_ordered":5,"unit_price":"156.38","amount":"781.90","mrp":"781.90"}}
[2026-02-05 16:04:42] [INFO] GRN created successfully with inventory batches {"grn_id":"8","grn_no":"GRN-20260205-987","po_id":11,"items_count":1,"total_amount":781.8999999999999772626324556767940521240234375,"batches_created":1,"po_status_updated":"received","created_by":1}
[2026-02-05 16:05:16] [ERROR] API Error {"message":"Call to private System\\Database::__construct() from scope App\\Api\\Controllers\\PharmacyController","file":"/Applications/XAMPP/xamppfiles/htdocs/melina_hms/src/Api/Controllers/PharmacyController.php","line":17}
[2026-02-05 16:05:18] [ERROR] API Error {"message":"Call to private System\\Database::__construct() from scope App\\Api\\Controllers\\PharmacyController","file":"/Applications/XAMPP/xamppfiles/htdocs/melina_hms/src/Api/Controllers/PharmacyController.php","line":17}
[2026-02-05 16:05:27] [ERROR] API Error {"message":"Call to private System\\Database::__construct() from scope App\\Api\\Controllers\\PharmacyController","file":"/Applications/XAMPP/xamppfiles/htdocs/melina_hms/src/Api/Controllers/PharmacyController.php","line":17}
[2026-02-05 16:36:15] [ERROR] API Error {"message":"Class \"BranchController\" not found","file":"/Applications/XAMPP/xamppfiles/htdocs/melina_hms/system/Router.php","line":168}
[2026-02-05 16:36:19] [ERROR] API Error {"message":"Call to private System\\Database::__construct() from scope App\\Api\\Controllers\\PharmacyController","file":"/Applications/XAMPP/xamppfiles/htdocs/melina_hms/src/Api/Controllers/PharmacyController.php","line":17}
[2026-02-05 16:36:29] [ERROR] API Error {"message":"Call to private System\\Database::__construct() from scope App\\Api\\Controllers\\PharmacyController","file":"/Applications/XAMPP/xamppfiles/htdocs/melina_hms/src/Api/Controllers/PharmacyController.php","line":17}
[2026-02-05 16:37:05] [ERROR] API Error {"message":"Call to private System\\Database::__construct() from scope App\\Api\\Controllers\\PharmacyController","file":"/Applications/XAMPP/xamppfiles/htdocs/melina_hms/src/Api/Controllers/PharmacyController.php","line":17}
[2026-02-05 16:37:11] [ERROR] API Error {"message":"Call to private System\\Database::__construct() from scope App\\Api\\Controllers\\PharmacyController","file":"/Applications/XAMPP/xamppfiles/htdocs/melina_hms/src/Api/Controllers/PharmacyController.php","line":17}
[2026-02-05 16:37:33] [ERROR] API Error {"message":"Class \"BranchController\" not found","file":"/Applications/XAMPP/xamppfiles/htdocs/melina_hms/system/Router.php","line":168}
[2026-02-05 16:37:48] [ERROR] API Error {"message":"Class \"BranchController\" not found","file":"/Applications/XAMPP/xamppfiles/htdocs/melina_hms/system/Router.php","line":168}
[2026-02-05 16:38:32] [ERROR] API Error {"message":"Class \"BranchController\" not found","file":"/Applications/XAMPP/xamppfiles/htdocs/melina_hms/system/Router.php","line":168}
[2026-02-05 16:38:32] [ERROR] API Error {"message":"Class \"BranchController\" not found","file":"/Applications/XAMPP/xamppfiles/htdocs/melina_hms/system/Router.php","line":168}
[2026-02-05 16:38:36] [ERROR] API Error {"message":"Class \"BranchController\" not found","file":"/Applications/XAMPP/xamppfiles/htdocs/melina_hms/system/Router.php","line":168}
[2026-02-05 17:21:45] [ERROR] API Error {"message":"Unknown named parameter $id","file":"/Applications/XAMPP/xamppfiles/htdocs/melina_hms/system/Router.php","line":170}
[2026-02-05 17:21:45] [ERROR] API Error {"message":"Unknown named parameter $id","file":"/Applications/XAMPP/xamppfiles/htdocs/melina_hms/system/Router.php","line":170}
[2026-02-05 17:21:45] [ERROR] API Error {"message":"Unknown named parameter $id","file":"/Applications/XAMPP/xamppfiles/htdocs/melina_hms/system/Router.php","line":170}
[2026-02-05 17:21:45] [ERROR] API Error {"message":"Unknown named parameter $id","file":"/Applications/XAMPP/xamppfiles/htdocs/melina_hms/system/Router.php","line":170}
[2026-02-05 17:21:49] [ERROR] API Error {"message":"Unknown named parameter $id","file":"/Applications/XAMPP/xamppfiles/htdocs/melina_hms/system/Router.php","line":170}
[2026-02-05 17:21:49] [ERROR] API Error {"message":"Unknown named parameter $id","file":"/Applications/XAMPP/xamppfiles/htdocs/melina_hms/system/Router.php","line":170}
[2026-02-05 17:21:49] [ERROR] API Error {"message":"Unknown named parameter $id","file":"/Applications/XAMPP/xamppfiles/htdocs/melina_hms/system/Router.php","line":170}
[2026-02-05 17:21:49] [ERROR] API Error {"message":"Unknown named parameter $id","file":"/Applications/XAMPP/xamppfiles/htdocs/melina_hms/system/Router.php","line":170}
[2026-02-05 17:24:41] [ERROR] API Error {"message":"App\\Api\\Controllers\\PharmacyController::branchDetails(): Argument #1 ($branchId) must be of type int, string given","file":"/Applications/XAMPP/xamppfiles/htdocs/melina_hms/src/Api/Controllers/PharmacyController.php","line":51}
[2026-02-05 17:24:41] [ERROR] API Error {"message":"App\\Api\\Controllers\\PharmacyController::branchInventory(): Argument #1 ($branchId) must be of type int, string given","file":"/Applications/XAMPP/xamppfiles/htdocs/melina_hms/src/Api/Controllers/PharmacyController.php","line":95}
[2026-02-05 17:24:41] [ERROR] API Error {"message":"App\\Api\\Controllers\\PharmacyController::branchSales(): Argument #1 ($branchId) must be of type int, string given","file":"/Applications/XAMPP/xamppfiles/htdocs/melina_hms/src/Api/Controllers/PharmacyController.php","line":123}
[2026-02-05 17:24:41] [ERROR] API Error {"message":"App\\Api\\Controllers\\PharmacyController::branchExpiryAlerts(): Argument #1 ($branchId) must be of type int, string given","file":"/Applications/XAMPP/xamppfiles/htdocs/melina_hms/src/Api/Controllers/PharmacyController.php","line":155}
[2026-02-05 17:24:45] [ERROR] API Error {"message":"App\\Api\\Controllers\\PharmacyController::branchDetails(): Argument #1 ($branchId) must be of type int, string given","file":"/Applications/XAMPP/xamppfiles/htdocs/melina_hms/src/Api/Controllers/PharmacyController.php","line":51}
[2026-02-05 17:24:45] [ERROR] API Error {"message":"App\\Api\\Controllers\\PharmacyController::branchInventory(): Argument #1 ($branchId) must be of type int, string given","file":"/Applications/XAMPP/xamppfiles/htdocs/melina_hms/src/Api/Controllers/PharmacyController.php","line":95}
[2026-02-05 17:24:45] [ERROR] API Error {"message":"App\\Api\\Controllers\\PharmacyController::branchSales(): Argument #1 ($branchId) must be of type int, string given","file":"/Applications/XAMPP/xamppfiles/htdocs/melina_hms/src/Api/Controllers/PharmacyController.php","line":123}
[2026-02-05 17:24:45] [ERROR] API Error {"message":"App\\Api\\Controllers\\PharmacyController::branchExpiryAlerts(): Argument #1 ($branchId) must be of type int, string given","file":"/Applications/XAMPP/xamppfiles/htdocs/melina_hms/src/Api/Controllers/PharmacyController.php","line":155}
[2026-02-05 17:24:47] [ERROR] API Error {"message":"App\\Api\\Controllers\\PharmacyController::branchDetails(): Argument #1 ($branchId) must be of type int, string given","file":"/Applications/XAMPP/xamppfiles/htdocs/melina_hms/src/Api/Controllers/PharmacyController.php","line":51}
[2026-02-05 17:24:48] [ERROR] API Error {"message":"App\\Api\\Controllers\\PharmacyController::branchInventory(): Argument #1 ($branchId) must be of type int, string given","file":"/Applications/XAMPP/xamppfiles/htdocs/melina_hms/src/Api/Controllers/PharmacyController.php","line":95}
[2026-02-05 17:24:48] [ERROR] API Error {"message":"App\\Api\\Controllers\\PharmacyController::branchSales(): Argument #1 ($branchId) must be of type int, string given","file":"/Applications/XAMPP/xamppfiles/htdocs/melina_hms/src/Api/Controllers/PharmacyController.php","line":123}
[2026-02-05 17:24:48] [ERROR] API Error {"message":"App\\Api\\Controllers\\PharmacyController::branchExpiryAlerts(): Argument #1 ($branchId) must be of type int, string given","file":"/Applications/XAMPP/xamppfiles/htdocs/melina_hms/src/Api/Controllers/PharmacyController.php","line":155}
[2026-02-05 17:24:54] [ERROR] API Error {"message":"App\\Api\\Controllers\\PharmacyController::branchDetails(): Argument #1 ($branchId) must be of type int, string given","file":"/Applications/XAMPP/xamppfiles/htdocs/melina_hms/src/Api/Controllers/PharmacyController.php","line":51}
[2026-02-05 17:24:54] [ERROR] API Error {"message":"App\\Api\\Controllers\\PharmacyController::branchInventory(): Argument #1 ($branchId) must be of type int, string given","file":"/Applications/XAMPP/xamppfiles/htdocs/melina_hms/src/Api/Controllers/PharmacyController.php","line":95}
[2026-02-05 17:24:54] [ERROR] API Error {"message":"App\\Api\\Controllers\\PharmacyController::branchSales(): Argument #1 ($branchId) must be of type int, string given","file":"/Applications/XAMPP/xamppfiles/htdocs/melina_hms/src/Api/Controllers/PharmacyController.php","line":123}
[2026-02-05 17:24:54] [ERROR] API Error {"message":"App\\Api\\Controllers\\PharmacyController::branchExpiryAlerts(): Argument #1 ($branchId) must be of type int, string given","file":"/Applications/XAMPP/xamppfiles/htdocs/melina_hms/src/Api/Controllers/PharmacyController.php","line":155}
[2026-02-05 18:45:02] [ERROR] API Error {"message":"SQLSTATE[42S22]: Column not found: 1054 Unknown column 'total' in 'field list'","file":"/Applications/XAMPP/xamppfiles/htdocs/melina_hms/system/Database.php","line":98}
[2026-02-05 18:45:04] [ERROR] API Error {"message":"SQLSTATE[42S22]: Column not found: 1054 Unknown column 'total' in 'field list'","file":"/Applications/XAMPP/xamppfiles/htdocs/melina_hms/system/Database.php","line":98}
[2026-02-05 18:45:07] [ERROR] API Error {"message":"SQLSTATE[42S22]: Column not found: 1054 Unknown column 'total' in 'field list'","file":"/Applications/XAMPP/xamppfiles/htdocs/melina_hms/system/Database.php","line":98}
[2026-02-05 18:45:10] [ERROR] API Error {"message":"SQLSTATE[42S22]: Column not found: 1054 Unknown column 'total' in 'field list'","file":"/Applications/XAMPP/xamppfiles/htdocs/melina_hms/system/Database.php","line":98}
[2026-02-05 18:45:18] [ERROR] API Error {"message":"SQLSTATE[42S22]: Column not found: 1054 Unknown column 'total' in 'field list'","file":"/Applications/XAMPP/xamppfiles/htdocs/melina_hms/system/Database.php","line":98}
[2026-02-05 19:06:58] [ERROR] API Error {"message":"SQLSTATE[42S22]: Column not found: 1054 Unknown column 'total' in 'field list'","file":"/Applications/XAMPP/xamppfiles/htdocs/melina_hms/system/Database.php","line":98}
[2026-02-05 19:07:04] [ERROR] API Error {"message":"SQLSTATE[42S22]: Column not found: 1054 Unknown column 'total' in 'field list'","file":"/Applications/XAMPP/xamppfiles/htdocs/melina_hms/system/Database.php","line":98}
[2026-02-05 19:07:04] [ERROR] API Error {"message":"SQLSTATE[42S22]: Column not found: 1054 Unknown column 'total' in 'field list'","file":"/Applications/XAMPP/xamppfiles/htdocs/melina_hms/system/Database.php","line":98}
[2026-02-05 19:07:04] [ERROR] API Error {"message":"SQLSTATE[42S22]: Column not found: 1054 Unknown column 'total' in 'field list'","file":"/Applications/XAMPP/xamppfiles/htdocs/melina_hms/system/Database.php","line":98}
[2026-02-05 19:07:05] [ERROR] API Error {"message":"SQLSTATE[42S22]: Column not found: 1054 Unknown column 'total' in 'field list'","file":"/Applications/XAMPP/xamppfiles/htdocs/melina_hms/system/Database.php","line":98}
[2026-02-05 19:07:05] [ERROR] API Error {"message":"SQLSTATE[42S22]: Column not found: 1054 Unknown column 'total' in 'field list'","file":"/Applications/XAMPP/xamppfiles/htdocs/melina_hms/system/Database.php","line":98}
[2026-02-05 19:07:05] [ERROR] API Error {"message":"SQLSTATE[42S22]: Column not found: 1054 Unknown column 'total' in 'field list'","file":"/Applications/XAMPP/xamppfiles/htdocs/melina_hms/system/Database.php","line":98}
[2026-02-05 19:07:05] [ERROR] API Error {"message":"SQLSTATE[42S22]: Column not found: 1054 Unknown column 'total' in 'field list'","file":"/Applications/XAMPP/xamppfiles/htdocs/melina_hms/system/Database.php","line":98}
[2026-02-05 19:07:06] [ERROR] API Error {"message":"SQLSTATE[42S22]: Column not found: 1054 Unknown column 'total' in 'field list'","file":"/Applications/XAMPP/xamppfiles/htdocs/melina_hms/system/Database.php","line":98}
[2026-02-05 19:07:06] [ERROR] API Error {"message":"SQLSTATE[42S22]: Column not found: 1054 Unknown column 'total' in 'field list'","file":"/Applications/XAMPP/xamppfiles/htdocs/melina_hms/system/Database.php","line":98}
[2026-02-05 19:07:06] [ERROR] API Error {"message":"SQLSTATE[42S22]: Column not found: 1054 Unknown column 'total' in 'field list'","file":"/Applications/XAMPP/xamppfiles/htdocs/melina_hms/system/Database.php","line":98}
[2026-02-05 19:07:06] [ERROR] API Error {"message":"SQLSTATE[42S22]: Column not found: 1054 Unknown column 'total' in 'field list'","file":"/Applications/XAMPP/xamppfiles/htdocs/melina_hms/system/Database.php","line":98}
[2026-02-05 19:07:06] [ERROR] API Error {"message":"SQLSTATE[42S22]: Column not found: 1054 Unknown column 'total' in 'field list'","file":"/Applications/XAMPP/xamppfiles/htdocs/melina_hms/system/Database.php","line":98}
[2026-02-05 19:07:06] [ERROR] API Error {"message":"SQLSTATE[42S22]: Column not found: 1054 Unknown column 'total' in 'field list'","file":"/Applications/XAMPP/xamppfiles/htdocs/melina_hms/system/Database.php","line":98}
[2026-02-05 19:07:06] [ERROR] API Error {"message":"SQLSTATE[42S22]: Column not found: 1054 Unknown column 'total' in 'field list'","file":"/Applications/XAMPP/xamppfiles/htdocs/melina_hms/system/Database.php","line":98}
[2026-02-05 19:07:06] [ERROR] API Error {"message":"SQLSTATE[42S22]: Column not found: 1054 Unknown column 'total' in 'field list'","file":"/Applications/XAMPP/xamppfiles/htdocs/melina_hms/system/Database.php","line":98}
[2026-02-05 19:07:06] [ERROR] API Error {"message":"SQLSTATE[42S22]: Column not found: 1054 Unknown column 'total' in 'field list'","file":"/Applications/XAMPP/xamppfiles/htdocs/melina_hms/system/Database.php","line":98}
[2026-02-05 19:07:06] [ERROR] API Error {"message":"SQLSTATE[42S22]: Column not found: 1054 Unknown column 'total' in 'field list'","file":"/Applications/XAMPP/xamppfiles/htdocs/melina_hms/system/Database.php","line":98}
[2026-02-05 19:07:07] [ERROR] API Error {"message":"SQLSTATE[42S22]: Column not found: 1054 Unknown column 'total' in 'field list'","file":"/Applications/XAMPP/xamppfiles/htdocs/melina_hms/system/Database.php","line":98}
[2026-02-05 19:07:07] [ERROR] API Error {"message":"SQLSTATE[42S22]: Column not found: 1054 Unknown column 'total' in 'field list'","file":"/Applications/XAMPP/xamppfiles/htdocs/melina_hms/system/Database.php","line":98}
[2026-02-05 19:07:07] [ERROR] API Error {"message":"SQLSTATE[42S22]: Column not found: 1054 Unknown column 'total' in 'field list'","file":"/Applications/XAMPP/xamppfiles/htdocs/melina_hms/system/Database.php","line":98}
[2026-02-05 19:07:07] [ERROR] API Error {"message":"SQLSTATE[42S22]: Column not found: 1054 Unknown column 'total' in 'field list'","file":"/Applications/XAMPP/xamppfiles/htdocs/melina_hms/system/Database.php","line":98}
[2026-02-05 19:07:07] [ERROR] API Error {"message":"SQLSTATE[42S22]: Column not found: 1054 Unknown column 'total' in 'field list'","file":"/Applications/XAMPP/xamppfiles/htdocs/melina_hms/system/Database.php","line":98}
[2026-02-05 19:07:07] [ERROR] API Error {"message":"SQLSTATE[42S22]: Column not found: 1054 Unknown column 'total' in 'field list'","file":"/Applications/XAMPP/xamppfiles/htdocs/melina_hms/system/Database.php","line":98}
[2026-02-05 19:07:07] [ERROR] API Error {"message":"SQLSTATE[42S22]: Column not found: 1054 Unknown column 'total' in 'field list'","file":"/Applications/XAMPP/xamppfiles/htdocs/melina_hms/system/Database.php","line":98}
[2026-02-05 19:07:07] [ERROR] API Error {"message":"SQLSTATE[42S22]: Column not found: 1054 Unknown column 'total' in 'field list'","file":"/Applications/XAMPP/xamppfiles/htdocs/melina_hms/system/Database.php","line":98}
[2026-02-05 19:07:07] [ERROR] API Error {"message":"SQLSTATE[42S22]: Column not found: 1054 Unknown column 'total' in 'field list'","file":"/Applications/XAMPP/xamppfiles/htdocs/melina_hms/system/Database.php","line":98}
[2026-02-05 19:07:07] [ERROR] API Error {"message":"SQLSTATE[42S22]: Column not found: 1054 Unknown column 'total' in 'field list'","file":"/Applications/XAMPP/xamppfiles/htdocs/melina_hms/system/Database.php","line":98}
[2026-02-05 19:07:07] [ERROR] API Error {"message":"SQLSTATE[42S22]: Column not found: 1054 Unknown column 'total' in 'field list'","file":"/Applications/XAMPP/xamppfiles/htdocs/melina_hms/system/Database.php","line":98}
[2026-02-05 19:07:07] [ERROR] API Error {"message":"SQLSTATE[42S22]: Column not found: 1054 Unknown column 'total' in 'field list'","file":"/Applications/XAMPP/xamppfiles/htdocs/melina_hms/system/Database.php","line":98}
[2026-02-05 19:07:08] [ERROR] API Error {"message":"SQLSTATE[42S22]: Column not found: 1054 Unknown column 'total' in 'field list'","file":"/Applications/XAMPP/xamppfiles/htdocs/melina_hms/system/Database.php","line":98}
[2026-02-05 19:07:08] [ERROR] API Error {"message":"SQLSTATE[42S22]: Column not found: 1054 Unknown column 'total' in 'field list'","file":"/Applications/XAMPP/xamppfiles/htdocs/melina_hms/system/Database.php","line":98}
[2026-02-05 19:07:08] [ERROR] API Error {"message":"SQLSTATE[42S22]: Column not found: 1054 Unknown column 'total' in 'field list'","file":"/Applications/XAMPP/xamppfiles/htdocs/melina_hms/system/Database.php","line":98}
[2026-02-05 19:07:08] [ERROR] API Error {"message":"SQLSTATE[42S22]: Column not found: 1054 Unknown column 'total' in 'field list'","file":"/Applications/XAMPP/xamppfiles/htdocs/melina_hms/system/Database.php","line":98}
[2026-02-05 19:07:08] [ERROR] API Error {"message":"SQLSTATE[42S22]: Column not found: 1054 Unknown column 'total' in 'field list'","file":"/Applications/XAMPP/xamppfiles/htdocs/melina_hms/system/Database.php","line":98}
[2026-02-05 19:07:08] [ERROR] API Error {"message":"SQLSTATE[42S22]: Column not found: 1054 Unknown column 'total' in 'field list'","file":"/Applications/XAMPP/xamppfiles/htdocs/melina_hms/system/Database.php","line":98}
[2026-02-05 19:07:08] [ERROR] API Error {"message":"SQLSTATE[42S22]: Column not found: 1054 Unknown column 'total' in 'field list'","file":"/Applications/XAMPP/xamppfiles/htdocs/melina_hms/system/Database.php","line":98}
[2026-02-05 19:07:11] [ERROR] API Error {"message":"SQLSTATE[42S22]: Column not found: 1054 Unknown column 'total' in 'field list'","file":"/Applications/XAMPP/xamppfiles/htdocs/melina_hms/system/Database.php","line":98}
[2026-02-05 19:07:11] [ERROR] API Error {"message":"SQLSTATE[42S22]: Column not found: 1054 Unknown column 'total' in 'field list'","file":"/Applications/XAMPP/xamppfiles/htdocs/melina_hms/system/Database.php","line":98}
[2026-02-05 19:07:11] [ERROR] API Error {"message":"SQLSTATE[42S22]: Column not found: 1054 Unknown column 'total' in 'field list'","file":"/Applications/XAMPP/xamppfiles/htdocs/melina_hms/system/Database.php","line":98}
[2026-02-05 19:07:11] [ERROR] API Error {"message":"SQLSTATE[42S22]: Column not found: 1054 Unknown column 'total' in 'field list'","file":"/Applications/XAMPP/xamppfiles/htdocs/melina_hms/system/Database.php","line":98}
[2026-02-05 19:07:11] [ERROR] API Error {"message":"SQLSTATE[42S22]: Column not found: 1054 Unknown column 'total' in 'field list'","file":"/Applications/XAMPP/xamppfiles/htdocs/melina_hms/system/Database.php","line":98}
[2026-02-05 19:07:11] [ERROR] API Error {"message":"SQLSTATE[42S22]: Column not found: 1054 Unknown column 'total' in 'field list'","file":"/Applications/XAMPP/xamppfiles/htdocs/melina_hms/system/Database.php","line":98}
[2026-02-05 19:07:11] [ERROR] API Error {"message":"SQLSTATE[42S22]: Column not found: 1054 Unknown column 'total' in 'field list'","file":"/Applications/XAMPP/xamppfiles/htdocs/melina_hms/system/Database.php","line":98}
[2026-02-05 19:07:11] [ERROR] API Error {"message":"SQLSTATE[42S22]: Column not found: 1054 Unknown column 'total' in 'field list'","file":"/Applications/XAMPP/xamppfiles/htdocs/melina_hms/system/Database.php","line":98}
[2026-02-05 19:07:11] [ERROR] API Error {"message":"SQLSTATE[42S22]: Column not found: 1054 Unknown column 'total' in 'field list'","file":"/Applications/XAMPP/xamppfiles/htdocs/melina_hms/system/Database.php","line":98}
[2026-02-05 19:07:11] [ERROR] API Error {"message":"SQLSTATE[42S22]: Column not found: 1054 Unknown column 'total' in 'field list'","file":"/Applications/XAMPP/xamppfiles/htdocs/melina_hms/system/Database.php","line":98}
[2026-02-05 19:07:11] [ERROR] API Error {"message":"SQLSTATE[42S22]: Column not found: 1054 Unknown column 'total' in 'field list'","file":"/Applications/XAMPP/xamppfiles/htdocs/melina_hms/system/Database.php","line":98}
[2026-02-05 19:07:11] [ERROR] API Error {"message":"SQLSTATE[42S22]: Column not found: 1054 Unknown column 'total' in 'field list'","file":"/Applications/XAMPP/xamppfiles/htdocs/melina_hms/system/Database.php","line":98}
[2026-02-05 19:07:11] [ERROR] API Error {"message":"SQLSTATE[42S22]: Column not found: 1054 Unknown column 'total' in 'field list'","file":"/Applications/XAMPP/xamppfiles/htdocs/melina_hms/system/Database.php","line":98}
[2026-02-05 19:07:11] [ERROR] API Error {"message":"SQLSTATE[42S22]: Column not found: 1054 Unknown column 'total' in 'field list'","file":"/Applications/XAMPP/xamppfiles/htdocs/melina_hms/system/Database.php","line":98}
[2026-02-05 19:07:11] [ERROR] API Error {"message":"SQLSTATE[42S22]: Column not found: 1054 Unknown column 'total' in 'field list'","file":"/Applications/XAMPP/xamppfiles/htdocs/melina_hms/system/Database.php","line":98}
[2026-02-05 19:07:11] [ERROR] API Error {"message":"SQLSTATE[42S22]: Column not found: 1054 Unknown column 'total' in 'field list'","file":"/Applications/XAMPP/xamppfiles/htdocs/melina_hms/system/Database.php","line":98}
[2026-02-05 19:07:18] [ERROR] API Error {"message":"SQLSTATE[42S22]: Column not found: 1054 Unknown column 'total' in 'field list'","file":"/Applications/XAMPP/xamppfiles/htdocs/melina_hms/system/Database.php","line":98}
[2026-02-05 19:07:18] [ERROR] API Error {"message":"SQLSTATE[42S22]: Column not found: 1054 Unknown column 'total' in 'field list'","file":"/Applications/XAMPP/xamppfiles/htdocs/melina_hms/system/Database.php","line":98}
[2026-02-05 19:07:48] [ERROR] API Error {"message":"SQLSTATE[42S02]: Base table or view not found: 1146 Table 'melina_hms.patient_vitals' doesn't exist","file":"/Applications/XAMPP/xamppfiles/htdocs/melina_hms/system/Database.php","line":98}
[2026-02-05 19:08:10] [ERROR] API Error {"message":"SQLSTATE[42S22]: Column not found: 1054 Unknown column 'total' in 'field list'","file":"/Applications/XAMPP/xamppfiles/htdocs/melina_hms/system/Database.php","line":98}
[2026-02-05 19:08:10] [ERROR] API Error {"message":"SQLSTATE[42S22]: Column not found: 1054 Unknown column 'total' in 'field list'","file":"/Applications/XAMPP/xamppfiles/htdocs/melina_hms/system/Database.php","line":98}
[2026-02-05 19:08:15] [ERROR] API Error {"message":"SQLSTATE[42S22]: Column not found: 1054 Unknown column 'total' in 'field list'","file":"/Applications/XAMPP/xamppfiles/htdocs/melina_hms/system/Database.php","line":98}
[2026-02-05 19:08:15] [ERROR] API Error {"message":"SQLSTATE[42S22]: Column not found: 1054 Unknown column 'total' in 'field list'","file":"/Applications/XAMPP/xamppfiles/htdocs/melina_hms/system/Database.php","line":98}
[2026-02-05 19:08:54] [ERROR] API Error {"message":"SQLSTATE[42S22]: Column not found: 1054 Unknown column 'total' in 'field list'","file":"/Applications/XAMPP/xamppfiles/htdocs/melina_hms/system/Database.php","line":98}
[2026-02-05 19:08:54] [ERROR] API Error {"message":"SQLSTATE[42S22]: Column not found: 1054 Unknown column 'total' in 'field list'","file":"/Applications/XAMPP/xamppfiles/htdocs/melina_hms/system/Database.php","line":98}
[2026-02-05 19:08:57] [ERROR] API Error {"message":"SQLSTATE[42S22]: Column not found: 1054 Unknown column 'total' in 'field list'","file":"/Applications/XAMPP/xamppfiles/htdocs/melina_hms/system/Database.php","line":98}
[2026-02-05 19:08:57] [ERROR] API Error {"message":"SQLSTATE[42S22]: Column not found: 1054 Unknown column 'total' in 'field list'","file":"/Applications/XAMPP/xamppfiles/htdocs/melina_hms/system/Database.php","line":98}
[2026-02-05 19:08:57] [ERROR] API Error {"message":"SQLSTATE[42S22]: Column not found: 1054 Unknown column 'total' in 'field list'","file":"/Applications/XAMPP/xamppfiles/htdocs/melina_hms/system/Database.php","line":98}
[2026-02-05 19:08:57] [ERROR] API Error {"message":"SQLSTATE[42S22]: Column not found: 1054 Unknown column 'total' in 'field list'","file":"/Applications/XAMPP/xamppfiles/htdocs/melina_hms/system/Database.php","line":98}
[2026-02-05 19:08:57] [ERROR] API Error {"message":"SQLSTATE[42S22]: Column not found: 1054 Unknown column 'total' in 'field list'","file":"/Applications/XAMPP/xamppfiles/htdocs/melina_hms/system/Database.php","line":98}
[2026-02-05 19:08:58] [ERROR] API Error {"message":"SQLSTATE[42S22]: Column not found: 1054 Unknown column 'total' in 'field list'","file":"/Applications/XAMPP/xamppfiles/htdocs/melina_hms/system/Database.php","line":98}
[2026-02-05 19:08:58] [ERROR] API Error {"message":"SQLSTATE[42S22]: Column not found: 1054 Unknown column 'total' in 'field list'","file":"/Applications/XAMPP/xamppfiles/htdocs/melina_hms/system/Database.php","line":98}
[2026-02-05 19:08:58] [ERROR] API Error {"message":"SQLSTATE[42S22]: Column not found: 1054 Unknown column 'total' in 'field list'","file":"/Applications/XAMPP/xamppfiles/htdocs/melina_hms/system/Database.php","line":98}
[2026-02-05 19:08:58] [ERROR] API Error {"message":"SQLSTATE[42S22]: Column not found: 1054 Unknown column 'total' in 'field list'","file":"/Applications/XAMPP/xamppfiles/htdocs/melina_hms/system/Database.php","line":98}
[2026-02-05 19:09:00] [ERROR] API Error {"message":"SQLSTATE[42S22]: Column not found: 1054 Unknown column 'total' in 'field list'","file":"/Applications/XAMPP/xamppfiles/htdocs/melina_hms/system/Database.php","line":98}
[2026-02-05 19:09:00] [ERROR] API Error {"message":"SQLSTATE[42S22]: Column not found: 1054 Unknown column 'total' in 'field list'","file":"/Applications/XAMPP/xamppfiles/htdocs/melina_hms/system/Database.php","line":98}
[2026-02-05 19:09:00] [ERROR] API Error {"message":"SQLSTATE[42S22]: Column not found: 1054 Unknown column 'total' in 'field list'","file":"/Applications/XAMPP/xamppfiles/htdocs/melina_hms/system/Database.php","line":98}
[2026-02-05 19:09:00] [ERROR] API Error {"message":"SQLSTATE[42S22]: Column not found: 1054 Unknown column 'total' in 'field list'","file":"/Applications/XAMPP/xamppfiles/htdocs/melina_hms/system/Database.php","line":98}
[2026-02-05 19:09:00] [ERROR] API Error {"message":"SQLSTATE[42S22]: Column not found: 1054 Unknown column 'total' in 'field list'","file":"/Applications/XAMPP/xamppfiles/htdocs/melina_hms/system/Database.php","line":98}
[2026-02-05 19:09:08] [ERROR] API Error {"message":"SQLSTATE[42S02]: Base table or view not found: 1146 Table 'melina_hms.patient_vitals' doesn't exist","file":"/Applications/XAMPP/xamppfiles/htdocs/melina_hms/system/Database.php","line":98}
[2026-02-05 19:09:32] [ERROR] API Error {"message":"SQLSTATE[42S22]: Column not found: 1054 Unknown column 'total' in 'field list'","file":"/Applications/XAMPP/xamppfiles/htdocs/melina_hms/system/Database.php","line":98}
[2026-02-05 19:10:31] [ERROR] API Error {"message":"SQLSTATE[42S02]: Base table or view not found: 1146 Table 'melina_hms.patient_vitals' doesn't exist","file":"/Applications/XAMPP/xamppfiles/htdocs/melina_hms/system/Database.php","line":98}
[2026-02-05 19:11:59] [ERROR] API Error {"message":"SQLSTATE[42S02]: Base table or view not found: 1146 Table 'melina_hms.patient_vitals' doesn't exist","file":"/Applications/XAMPP/xamppfiles/htdocs/melina_hms/system/Database.php","line":98}
[2026-02-05 19:12:14] [ERROR] API Error {"message":"SQLSTATE[42S22]: Column not found: 1054 Unknown column 'created_at' in 'field list'","file":"/Applications/XAMPP/xamppfiles/htdocs/melina_hms/system/Database.php","line":98}
[2026-02-05 19:12:38] [ERROR] API Error {"message":"SQLSTATE[42S22]: Column not found: 1054 Unknown column 'created_at' in 'field list'","file":"/Applications/XAMPP/xamppfiles/htdocs/melina_hms/system/Database.php","line":98}
[2026-02-05 19:28:12] [ERROR] API Error {"message":"SQLSTATE[42S22]: Column not found: 1054 Unknown column 'created_at' in 'field list'","file":"/Applications/XAMPP/xamppfiles/htdocs/melina_hms/system/Database.php","line":98}
[2026-02-05 19:28:25] [ERROR] API Error {"message":"SQLSTATE[42S22]: Column not found: 1054 Unknown column 'created_at' in 'field list'","file":"/Applications/XAMPP/xamppfiles/htdocs/melina_hms/system/Database.php","line":98}
[2026-02-05 19:38:36] [ERROR] Uncaught Exception {"message":"syntax error, unexpected token \"<\", expecting end of file","file":"/Applications/XAMPP/xamppfiles/htdocs/melina_hms/src/views/layouts/partials/sidebar.php","line":14}
[2026-02-05 19:38:40] [ERROR] Uncaught Exception {"message":"syntax error, unexpected token \"<\", expecting end of file","file":"/Applications/XAMPP/xamppfiles/htdocs/melina_hms/src/views/layouts/partials/sidebar.php","line":14}
[2026-02-05 19:38:41] [ERROR] Uncaught Exception {"message":"syntax error, unexpected token \"<\", expecting end of file","file":"/Applications/XAMPP/xamppfiles/htdocs/melina_hms/src/views/layouts/partials/sidebar.php","line":14}
[2026-02-05 19:38:43] [ERROR] Uncaught Exception {"message":"syntax error, unexpected token \"<\", expecting end of file","file":"/Applications/XAMPP/xamppfiles/htdocs/melina_hms/src/views/layouts/partials/sidebar.php","line":14}
[2026-02-05 19:38:44] [ERROR] Uncaught Exception {"message":"syntax error, unexpected token \"<\", expecting end of file","file":"/Applications/XAMPP/xamppfiles/htdocs/melina_hms/src/views/layouts/partials/sidebar.php","line":14}
[2026-02-05 19:38:44] [ERROR] Uncaught Exception {"message":"syntax error, unexpected token \"<\", expecting end of file","file":"/Applications/XAMPP/xamppfiles/htdocs/melina_hms/src/views/layouts/partials/sidebar.php","line":14}
[2026-02-05 19:38:45] [ERROR] Uncaught Exception {"message":"syntax error, unexpected token \"<\", expecting end of file","file":"/Applications/XAMPP/xamppfiles/htdocs/melina_hms/src/views/layouts/partials/sidebar.php","line":14}
[2026-02-05 19:38:45] [ERROR] Uncaught Exception {"message":"syntax error, unexpected token \"<\", expecting end of file","file":"/Applications/XAMPP/xamppfiles/htdocs/melina_hms/src/views/layouts/partials/sidebar.php","line":14}
[2026-02-05 19:38:45] [ERROR] Uncaught Exception {"message":"syntax error, unexpected token \"<\", expecting end of file","file":"/Applications/XAMPP/xamppfiles/htdocs/melina_hms/src/views/layouts/partials/sidebar.php","line":14}
[2026-02-05 19:38:46] [ERROR] Uncaught Exception {"message":"syntax error, unexpected token \"<\", expecting end of file","file":"/Applications/XAMPP/xamppfiles/htdocs/melina_hms/src/views/layouts/partials/sidebar.php","line":14}
[2026-02-05 19:38:46] [ERROR] Uncaught Exception {"message":"syntax error, unexpected token \"<\", expecting end of file","file":"/Applications/XAMPP/xamppfiles/htdocs/melina_hms/src/views/layouts/partials/sidebar.php","line":14}
[2026-02-05 19:38:46] [ERROR] Uncaught Exception {"message":"syntax error, unexpected token \"<\", expecting end of file","file":"/Applications/XAMPP/xamppfiles/htdocs/melina_hms/src/views/layouts/partials/sidebar.php","line":14}
[2026-02-05 19:38:46] [ERROR] Uncaught Exception {"message":"syntax error, unexpected token \"<\", expecting end of file","file":"/Applications/XAMPP/xamppfiles/htdocs/melina_hms/src/views/layouts/partials/sidebar.php","line":14}
[2026-02-05 19:38:46] [ERROR] Uncaught Exception {"message":"syntax error, unexpected token \"<\", expecting end of file","file":"/Applications/XAMPP/xamppfiles/htdocs/melina_hms/src/views/layouts/partials/sidebar.php","line":14}
[2026-02-05 19:38:47] [ERROR] Uncaught Exception {"message":"syntax error, unexpected token \"<\", expecting end of file","file":"/Applications/XAMPP/xamppfiles/htdocs/melina_hms/src/views/layouts/partials/sidebar.php","line":14}
[2026-02-05 19:38:48] [ERROR] Uncaught Exception {"message":"syntax error, unexpected token \"<\", expecting end of file","file":"/Applications/XAMPP/xamppfiles/htdocs/melina_hms/src/views/layouts/partials/sidebar.php","line":14}
[2026-02-05 19:38:48] [ERROR] Uncaught Exception {"message":"syntax error, unexpected token \"<\", expecting end of file","file":"/Applications/XAMPP/xamppfiles/htdocs/melina_hms/src/views/layouts/partials/sidebar.php","line":14}
[2026-02-05 19:38:48] [ERROR] Uncaught Exception {"message":"syntax error, unexpected token \"<\", expecting end of file","file":"/Applications/XAMPP/xamppfiles/htdocs/melina_hms/src/views/layouts/partials/sidebar.php","line":14}
[2026-02-05 20:07:22] [ERROR] API Error {"message":"SQLSTATE[42S22]: Column not found: 1054 Unknown column 'created_at' in 'field list'","file":"/Applications/XAMPP/xamppfiles/htdocs/melina_hms/system/Database.php","line":98}
[2026-02-05 20:07:35] [ERROR] API Error {"message":"SQLSTATE[42S22]: Column not found: 1054 Unknown column 'created_at' in 'field list'","file":"/Applications/XAMPP/xamppfiles/htdocs/melina_hms/system/Database.php","line":98}
[2026-02-05 21:04:09] [WARNING] Failed login attempt {"username":"admin"}
[2026-02-05 21:04:14] [WARNING] Failed login attempt {"username":"admin"}
[2026-02-05 21:04:31] [INFO] User logged in {"user_id":1,"username":"admin"}
[2026-02-05 21:04:44] [INFO] User logged in {"user_id":1,"username":"admin"}
[2026-02-05 21:04:47] [INFO] User logged in {"user_id":1,"username":"admin"}
[2026-02-05 21:56:00] [INFO] User logged in {"user_id":1,"username":"admin"}
