[2026-02-03 00:05:01] [INFO] GRN created successfully {"grn_id":"3","grn_no":"GRN-20260203-152","po_id":2,"items_count":1,"created_by":1}
[2026-02-03 00:05:57] [INFO] Melina Products - Environment Check {"REMOTE_DB_HOST":"srv971.hstgr.io","REMOTE_DB_DATABASE":"u602093072_melina","REMOTE_DB_USERNAME":"u602093072_melina","REMOTE_DB_PASSWORD":"***SET***"}
[2026-02-03 00:05:57] [INFO] Remote DB Connection Attempt {"host":"srv971.hstgr.io","port":"3306","database":"u602093072_melina","username":"u602093072_melina","password_length":15,"password_last_3":"!@#"}
[2026-02-03 00:05:58] [INFO] Melina products fetched successfully {"count":18,"search":""}
[2026-02-03 00:06:02] [INFO] User logged in {"user_id":1,"username":"admin"}
[2026-02-03 00:07:21] [INFO] Melina Products - Environment Check {"REMOTE_DB_HOST":"srv971.hstgr.io","REMOTE_DB_DATABASE":"u602093072_melina","REMOTE_DB_USERNAME":"u602093072_melina","REMOTE_DB_PASSWORD":"***SET***"}
[2026-02-03 00:07:21] [INFO] Remote DB Connection Attempt {"host":"srv971.hstgr.io","port":"3306","database":"u602093072_melina","username":"u602093072_melina","password_length":15,"password_last_3":"!@#"}
[2026-02-03 00:07:23] [INFO] Melina products fetched successfully {"count":18,"search":""}
[2026-02-03 00:07:23] [INFO] Melina Products - Environment Check {"REMOTE_DB_HOST":"srv971.hstgr.io","REMOTE_DB_DATABASE":"u602093072_melina","REMOTE_DB_USERNAME":"u602093072_melina","REMOTE_DB_PASSWORD":"***SET***"}
[2026-02-03 00:07:23] [INFO] Remote DB Connection Attempt {"host":"srv971.hstgr.io","port":"3306","database":"u602093072_melina","username":"u602093072_melina","password_length":15,"password_last_3":"!@#"}
[2026-02-03 00:07:24] [INFO] Melina products fetched successfully {"count":18,"search":""}
[2026-02-03 00:07:49] [INFO] Melina Products - Environment Check {"REMOTE_DB_HOST":"srv971.hstgr.io","REMOTE_DB_DATABASE":"u602093072_melina","REMOTE_DB_USERNAME":"u602093072_melina","REMOTE_DB_PASSWORD":"***SET***"}
[2026-02-03 00:07:49] [INFO] Remote DB Connection Attempt {"host":"srv971.hstgr.io","port":"3306","database":"u602093072_melina","username":"u602093072_melina","password_length":15,"password_last_3":"!@#"}
[2026-02-03 00:07:51] [INFO] Melina products fetched successfully {"count":18,"search":""}
[2026-02-03 00:23:07] [INFO] Melina Products - Environment Check {"REMOTE_DB_HOST":"srv971.hstgr.io","REMOTE_DB_DATABASE":"u602093072_melina","REMOTE_DB_USERNAME":"u602093072_melina","REMOTE_DB_PASSWORD":"***SET***"}
[2026-02-03 00:23:07] [INFO] Remote DB Connection Attempt {"host":"srv971.hstgr.io","port":"3306","database":"u602093072_melina","username":"u602093072_melina","password_length":15,"password_last_3":"!@#"}
[2026-02-03 00:23:08] [INFO] Melina products fetched successfully {"count":18,"search":""}
[2026-02-03 00:23:08] [INFO] Melina Products - Environment Check {"REMOTE_DB_HOST":"srv971.hstgr.io","REMOTE_DB_DATABASE":"u602093072_melina","REMOTE_DB_USERNAME":"u602093072_melina","REMOTE_DB_PASSWORD":"***SET***"}
[2026-02-03 00:23:08] [INFO] Remote DB Connection Attempt {"host":"srv971.hstgr.io","port":"3306","database":"u602093072_melina","username":"u602093072_melina","password_length":15,"password_last_3":"!@#"}
[2026-02-03 00:23:09] [INFO] Melina products fetched successfully {"count":18,"search":""}
[2026-02-03 00:23:33] [INFO] Melina Products - Environment Check {"REMOTE_DB_HOST":"srv971.hstgr.io","REMOTE_DB_DATABASE":"u602093072_melina","REMOTE_DB_USERNAME":"u602093072_melina","REMOTE_DB_PASSWORD":"***SET***"}
[2026-02-03 00:23:33] [INFO] Remote DB Connection Attempt {"host":"srv971.hstgr.io","port":"3306","database":"u602093072_melina","username":"u602093072_melina","password_length":15,"password_last_3":"!@#"}
[2026-02-03 00:23:34] [INFO] Melina products fetched successfully {"count":18,"search":""}
[2026-02-03 00:23:34] [INFO] Melina Products - Environment Check {"REMOTE_DB_HOST":"srv971.hstgr.io","REMOTE_DB_DATABASE":"u602093072_melina","REMOTE_DB_USERNAME":"u602093072_melina","REMOTE_DB_PASSWORD":"***SET***"}
[2026-02-03 00:23:34] [INFO] Remote DB Connection Attempt {"host":"srv971.hstgr.io","port":"3306","database":"u602093072_melina","username":"u602093072_melina","password_length":15,"password_last_3":"!@#"}
[2026-02-03 00:23:36] [INFO] Melina products fetched successfully {"count":18,"search":""}
[2026-02-03 00:26:49] [INFO] Melina Products - Environment Check {"REMOTE_DB_HOST":"srv971.hstgr.io","REMOTE_DB_DATABASE":"u602093072_melina","REMOTE_DB_USERNAME":"u602093072_melina","REMOTE_DB_PASSWORD":"***SET***"}
[2026-02-03 00:26:49] [INFO] Remote DB Connection Attempt {"host":"srv971.hstgr.io","port":"3306","database":"u602093072_melina","username":"u602093072_melina","password_length":15,"password_last_3":"!@#"}
[2026-02-03 00:26:50] [INFO] Melina products fetched successfully {"count":18,"search":""}
[2026-02-03 00:26:59] [INFO] Melina Products - Environment Check {"REMOTE_DB_HOST":"srv971.hstgr.io","REMOTE_DB_DATABASE":"u602093072_melina","REMOTE_DB_USERNAME":"u602093072_melina","REMOTE_DB_PASSWORD":"***SET***"}
[2026-02-03 00:26:59] [INFO] Remote DB Connection Attempt {"host":"srv971.hstgr.io","port":"3306","database":"u602093072_melina","username":"u602093072_melina","password_length":15,"password_last_3":"!@#"}
[2026-02-03 00:27:00] [INFO] Melina products fetched successfully {"count":18,"search":""}
[2026-02-03 00:27:00] [INFO] Melina Products - Environment Check {"REMOTE_DB_HOST":"srv971.hstgr.io","REMOTE_DB_DATABASE":"u602093072_melina","REMOTE_DB_USERNAME":"u602093072_melina","REMOTE_DB_PASSWORD":"***SET***"}
[2026-02-03 00:27:00] [INFO] Remote DB Connection Attempt {"host":"srv971.hstgr.io","port":"3306","database":"u602093072_melina","username":"u602093072_melina","password_length":15,"password_last_3":"!@#"}
[2026-02-03 00:27:01] [INFO] Melina products fetched successfully {"count":18,"search":""}
[2026-02-03 00:27:01] [INFO] Melina Products - Environment Check {"REMOTE_DB_HOST":"srv971.hstgr.io","REMOTE_DB_DATABASE":"u602093072_melina","REMOTE_DB_USERNAME":"u602093072_melina","REMOTE_DB_PASSWORD":"***SET***"}
[2026-02-03 00:27:01] [INFO] Remote DB Connection Attempt {"host":"srv971.hstgr.io","port":"3306","database":"u602093072_melina","username":"u602093072_melina","password_length":15,"password_last_3":"!@#"}
[2026-02-03 00:27:03] [INFO] Melina products fetched successfully {"count":18,"search":""}
[2026-02-03 00:27:03] [INFO] Melina Products - Environment Check {"REMOTE_DB_HOST":"srv971.hstgr.io","REMOTE_DB_DATABASE":"u602093072_melina","REMOTE_DB_USERNAME":"u602093072_melina","REMOTE_DB_PASSWORD":"***SET***"}
[2026-02-03 00:27:03] [INFO] Remote DB Connection Attempt {"host":"srv971.hstgr.io","port":"3306","database":"u602093072_melina","username":"u602093072_melina","password_length":15,"password_last_3":"!@#"}
[2026-02-03 00:27:04] [INFO] Melina products fetched successfully {"count":18,"search":""}
[2026-02-03 00:27:04] [INFO] Melina Products - Environment Check {"REMOTE_DB_HOST":"srv971.hstgr.io","REMOTE_DB_DATABASE":"u602093072_melina","REMOTE_DB_USERNAME":"u602093072_melina","REMOTE_DB_PASSWORD":"***SET***"}
[2026-02-03 00:27:04] [INFO] Remote DB Connection Attempt {"host":"srv971.hstgr.io","port":"3306","database":"u602093072_melina","username":"u602093072_melina","password_length":15,"password_last_3":"!@#"}
[2026-02-03 00:27:05] [INFO] Melina products fetched successfully {"count":18,"search":""}
[2026-02-03 00:27:05] [INFO] Melina Products - Environment Check {"REMOTE_DB_HOST":"srv971.hstgr.io","REMOTE_DB_DATABASE":"u602093072_melina","REMOTE_DB_USERNAME":"u602093072_melina","REMOTE_DB_PASSWORD":"***SET***"}
[2026-02-03 00:27:05] [INFO] Remote DB Connection Attempt {"host":"srv971.hstgr.io","port":"3306","database":"u602093072_melina","username":"u602093072_melina","password_length":15,"password_last_3":"!@#"}
[2026-02-03 00:27:06] [INFO] Melina products fetched successfully {"count":18,"search":""}
[2026-02-03 00:27:06] [INFO] Melina Products - Environment Check {"REMOTE_DB_HOST":"srv971.hstgr.io","REMOTE_DB_DATABASE":"u602093072_melina","REMOTE_DB_USERNAME":"u602093072_melina","REMOTE_DB_PASSWORD":"***SET***"}
[2026-02-03 00:27:06] [INFO] Remote DB Connection Attempt {"host":"srv971.hstgr.io","port":"3306","database":"u602093072_melina","username":"u602093072_melina","password_length":15,"password_last_3":"!@#"}
[2026-02-03 00:27:07] [INFO] Melina products fetched successfully {"count":18,"search":""}
[2026-02-03 00:27:07] [INFO] Melina Products - Environment Check {"REMOTE_DB_HOST":"srv971.hstgr.io","REMOTE_DB_DATABASE":"u602093072_melina","REMOTE_DB_USERNAME":"u602093072_melina","REMOTE_DB_PASSWORD":"***SET***"}
[2026-02-03 00:27:07] [INFO] Remote DB Connection Attempt {"host":"srv971.hstgr.io","port":"3306","database":"u602093072_melina","username":"u602093072_melina","password_length":15,"password_last_3":"!@#"}
[2026-02-03 00:27:09] [INFO] Melina products fetched successfully {"count":18,"search":""}
[2026-02-03 00:27:09] [INFO] Melina Products - Environment Check {"REMOTE_DB_HOST":"srv971.hstgr.io","REMOTE_DB_DATABASE":"u602093072_melina","REMOTE_DB_USERNAME":"u602093072_melina","REMOTE_DB_PASSWORD":"***SET***"}
[2026-02-03 00:27:09] [INFO] Remote DB Connection Attempt {"host":"srv971.hstgr.io","port":"3306","database":"u602093072_melina","username":"u602093072_melina","password_length":15,"password_last_3":"!@#"}
[2026-02-03 00:27:10] [INFO] Melina products fetched successfully {"count":18,"search":""}
[2026-02-03 00:27:10] [INFO] Melina Products - Environment Check {"REMOTE_DB_HOST":"srv971.hstgr.io","REMOTE_DB_DATABASE":"u602093072_melina","REMOTE_DB_USERNAME":"u602093072_melina","REMOTE_DB_PASSWORD":"***SET***"}
[2026-02-03 00:27:10] [INFO] Remote DB Connection Attempt {"host":"srv971.hstgr.io","port":"3306","database":"u602093072_melina","username":"u602093072_melina","password_length":15,"password_last_3":"!@#"}
[2026-02-03 00:27:10] [INFO] Melina products fetched successfully {"count":18,"search":""}
[2026-02-03 00:27:10] [INFO] Melina Products - Environment Check {"REMOTE_DB_HOST":"srv971.hstgr.io","REMOTE_DB_DATABASE":"u602093072_melina","REMOTE_DB_USERNAME":"u602093072_melina","REMOTE_DB_PASSWORD":"***SET***"}
[2026-02-03 00:27:10] [INFO] Remote DB Connection Attempt {"host":"srv971.hstgr.io","port":"3306","database":"u602093072_melina","username":"u602093072_melina","password_length":15,"password_last_3":"!@#"}
[2026-02-03 00:27:11] [INFO] Melina products fetched successfully {"count":18,"search":""}
[2026-02-03 00:27:11] [INFO] Melina Products - Environment Check {"REMOTE_DB_HOST":"srv971.hstgr.io","REMOTE_DB_DATABASE":"u602093072_melina","REMOTE_DB_USERNAME":"u602093072_melina","REMOTE_DB_PASSWORD":"***SET***"}
[2026-02-03 00:27:11] [INFO] Remote DB Connection Attempt {"host":"srv971.hstgr.io","port":"3306","database":"u602093072_melina","username":"u602093072_melina","password_length":15,"password_last_3":"!@#"}
[2026-02-03 00:27:12] [INFO] Melina products fetched successfully {"count":18,"search":""}
[2026-02-03 00:27:12] [INFO] Melina Products - Environment Check {"REMOTE_DB_HOST":"srv971.hstgr.io","REMOTE_DB_DATABASE":"u602093072_melina","REMOTE_DB_USERNAME":"u602093072_melina","REMOTE_DB_PASSWORD":"***SET***"}
[2026-02-03 00:27:12] [INFO] Remote DB Connection Attempt {"host":"srv971.hstgr.io","port":"3306","database":"u602093072_melina","username":"u602093072_melina","password_length":15,"password_last_3":"!@#"}
[2026-02-03 00:27:14] [INFO] Melina products fetched successfully {"count":18,"search":""}
[2026-02-03 00:27:14] [INFO] Melina Products - Environment Check {"REMOTE_DB_HOST":"srv971.hstgr.io","REMOTE_DB_DATABASE":"u602093072_melina","REMOTE_DB_USERNAME":"u602093072_melina","REMOTE_DB_PASSWORD":"***SET***"}
[2026-02-03 00:27:14] [INFO] Remote DB Connection Attempt {"host":"srv971.hstgr.io","port":"3306","database":"u602093072_melina","username":"u602093072_melina","password_length":15,"password_last_3":"!@#"}
[2026-02-03 00:27:15] [INFO] Melina products fetched successfully {"count":18,"search":""}
[2026-02-03 00:27:15] [INFO] Melina Products - Environment Check {"REMOTE_DB_HOST":"srv971.hstgr.io","REMOTE_DB_DATABASE":"u602093072_melina","REMOTE_DB_USERNAME":"u602093072_melina","REMOTE_DB_PASSWORD":"***SET***"}
[2026-02-03 00:27:15] [INFO] Remote DB Connection Attempt {"host":"srv971.hstgr.io","port":"3306","database":"u602093072_melina","username":"u602093072_melina","password_length":15,"password_last_3":"!@#"}
[2026-02-03 00:27:16] [INFO] Melina products fetched successfully {"count":18,"search":""}
[2026-02-03 00:27:16] [INFO] Melina Products - Environment Check {"REMOTE_DB_HOST":"srv971.hstgr.io","REMOTE_DB_DATABASE":"u602093072_melina","REMOTE_DB_USERNAME":"u602093072_melina","REMOTE_DB_PASSWORD":"***SET***"}
[2026-02-03 00:27:16] [INFO] Remote DB Connection Attempt {"host":"srv971.hstgr.io","port":"3306","database":"u602093072_melina","username":"u602093072_melina","password_length":15,"password_last_3":"!@#"}
[2026-02-03 00:27:16] [INFO] Melina products fetched successfully {"count":18,"search":""}
[2026-02-03 00:27:16] [INFO] Melina Products - Environment Check {"REMOTE_DB_HOST":"srv971.hstgr.io","REMOTE_DB_DATABASE":"u602093072_melina","REMOTE_DB_USERNAME":"u602093072_melina","REMOTE_DB_PASSWORD":"***SET***"}
[2026-02-03 00:27:16] [INFO] Remote DB Connection Attempt {"host":"srv971.hstgr.io","port":"3306","database":"u602093072_melina","username":"u602093072_melina","password_length":15,"password_last_3":"!@#"}
[2026-02-03 00:27:18] [INFO] Melina products fetched successfully {"count":18,"search":""}
[2026-02-03 00:27:18] [INFO] Melina Products - Environment Check {"REMOTE_DB_HOST":"srv971.hstgr.io","REMOTE_DB_DATABASE":"u602093072_melina","REMOTE_DB_USERNAME":"u602093072_melina","REMOTE_DB_PASSWORD":"***SET***"}
[2026-02-03 00:27:18] [INFO] Remote DB Connection Attempt {"host":"srv971.hstgr.io","port":"3306","database":"u602093072_melina","username":"u602093072_melina","password_length":15,"password_last_3":"!@#"}
[2026-02-03 00:27:19] [INFO] Melina products fetched successfully {"count":18,"search":""}
[2026-02-03 00:36:39] [INFO] Melina Products - Environment Check {"REMOTE_DB_HOST":"srv971.hstgr.io","REMOTE_DB_DATABASE":"u602093072_melina","REMOTE_DB_USERNAME":"u602093072_melina","REMOTE_DB_PASSWORD":"***SET***"}
[2026-02-03 00:36:39] [INFO] Remote DB Connection Attempt {"host":"srv971.hstgr.io","port":"3306","database":"u602093072_melina","username":"u602093072_melina","password_length":15,"password_last_3":"!@#"}
[2026-02-03 00:36:40] [INFO] Melina products fetched successfully {"count":18,"search":""}
[2026-02-03 00:36:40] [INFO] Melina Products - Environment Check {"REMOTE_DB_HOST":"srv971.hstgr.io","REMOTE_DB_DATABASE":"u602093072_melina","REMOTE_DB_USERNAME":"u602093072_melina","REMOTE_DB_PASSWORD":"***SET***"}
[2026-02-03 00:36:40] [INFO] Remote DB Connection Attempt {"host":"srv971.hstgr.io","port":"3306","database":"u602093072_melina","username":"u602093072_melina","password_length":15,"password_last_3":"!@#"}
[2026-02-03 00:36:41] [INFO] Melina products fetched successfully {"count":18,"search":""}
[2026-02-03 00:36:59] [INFO] Melina Products - Environment Check {"REMOTE_DB_HOST":"srv971.hstgr.io","REMOTE_DB_DATABASE":"u602093072_melina","REMOTE_DB_USERNAME":"u602093072_melina","REMOTE_DB_PASSWORD":"***SET***"}
[2026-02-03 00:36:59] [INFO] Remote DB Connection Attempt {"host":"srv971.hstgr.io","port":"3306","database":"u602093072_melina","username":"u602093072_melina","password_length":15,"password_last_3":"!@#"}
[2026-02-03 00:37:00] [INFO] Melina products fetched successfully {"count":18,"search":""}
[2026-02-03 00:37:17] [INFO] Remote DB Connection Attempt {"host":"srv971.hstgr.io","port":"3306","database":"u602093072_melina","username":"u602093072_melina","password_length":15,"password_last_3":"!@#"}
[2026-02-03 00:37:19] [INFO] Remote DB Connection Attempt {"host":"srv971.hstgr.io","port":"3306","database":"u602093072_melina","username":"u602093072_melina","password_length":15,"password_last_3":"!@#"}
[2026-02-03 00:37:20] [INFO] Remote DB Connection Attempt {"host":"srv971.hstgr.io","port":"3306","database":"u602093072_melina","username":"u602093072_melina","password_length":15,"password_last_3":"!@#"}
[2026-02-03 00:37:21] [INFO] Remote DB Connection Attempt {"host":"srv971.hstgr.io","port":"3306","database":"u602093072_melina","username":"u602093072_melina","password_length":15,"password_last_3":"!@#"}
[2026-02-03 00:37:23] [INFO] Remote DB Connection Attempt {"host":"srv971.hstgr.io","port":"3306","database":"u602093072_melina","username":"u602093072_melina","password_length":15,"password_last_3":"!@#"}
[2026-02-03 00:37:24] [INFO] Remote DB Connection Attempt {"host":"srv971.hstgr.io","port":"3306","database":"u602093072_melina","username":"u602093072_melina","password_length":15,"password_last_3":"!@#"}
[2026-02-03 00:37:26] [INFO] Remote DB Connection Attempt {"host":"srv971.hstgr.io","port":"3306","database":"u602093072_melina","username":"u602093072_melina","password_length":15,"password_last_3":"!@#"}
[2026-02-03 00:37:27] [INFO] Remote DB Connection Attempt {"host":"srv971.hstgr.io","port":"3306","database":"u602093072_melina","username":"u602093072_melina","password_length":15,"password_last_3":"!@#"}
[2026-02-03 00:37:28] [INFO] Remote DB Connection Attempt {"host":"srv971.hstgr.io","port":"3306","database":"u602093072_melina","username":"u602093072_melina","password_length":15,"password_last_3":"!@#"}
[2026-02-03 00:37:29] [INFO] Remote DB Connection Attempt {"host":"srv971.hstgr.io","port":"3306","database":"u602093072_melina","username":"u602093072_melina","password_length":15,"password_last_3":"!@#"}
[2026-02-03 00:37:30] [INFO] Remote DB Connection Attempt {"host":"srv971.hstgr.io","port":"3306","database":"u602093072_melina","username":"u602093072_melina","password_length":15,"password_last_3":"!@#"}
[2026-02-03 00:37:31] [INFO] Remote DB Connection Attempt {"host":"srv971.hstgr.io","port":"3306","database":"u602093072_melina","username":"u602093072_melina","password_length":15,"password_last_3":"!@#"}
[2026-02-03 00:37:32] [INFO] Remote DB Connection Attempt {"host":"srv971.hstgr.io","port":"3306","database":"u602093072_melina","username":"u602093072_melina","password_length":15,"password_last_3":"!@#"}
[2026-02-03 00:37:33] [INFO] Remote DB Connection Attempt {"host":"srv971.hstgr.io","port":"3306","database":"u602093072_melina","username":"u602093072_melina","password_length":15,"password_last_3":"!@#"}
[2026-02-03 00:37:35] [INFO] Remote DB Connection Attempt {"host":"srv971.hstgr.io","port":"3306","database":"u602093072_melina","username":"u602093072_melina","password_length":15,"password_last_3":"!@#"}
[2026-02-03 00:37:36] [INFO] Remote DB Connection Attempt {"host":"srv971.hstgr.io","port":"3306","database":"u602093072_melina","username":"u602093072_melina","password_length":15,"password_last_3":"!@#"}
[2026-02-03 00:37:37] [INFO] Remote DB Connection Attempt {"host":"srv971.hstgr.io","port":"3306","database":"u602093072_melina","username":"u602093072_melina","password_length":15,"password_last_3":"!@#"}
[2026-02-03 00:37:38] [INFO] Remote DB Connection Attempt {"host":"srv971.hstgr.io","port":"3306","database":"u602093072_melina","username":"u602093072_melina","password_length":15,"password_last_3":"!@#"}
[2026-02-03 00:37:40] [INFO] Remote DB Connection Attempt {"host":"srv971.hstgr.io","port":"3306","database":"u602093072_melina","username":"u602093072_melina","password_length":15,"password_last_3":"!@#"}
[2026-02-03 00:37:42] [INFO] Remote DB Connection Attempt {"host":"srv971.hstgr.io","port":"3306","database":"u602093072_melina","username":"u602093072_melina","password_length":15,"password_last_3":"!@#"}
[2026-02-03 00:37:42] [INFO] Remote DB Connection Attempt {"host":"srv971.hstgr.io","port":"3306","database":"u602093072_melina","username":"u602093072_melina","password_length":15,"password_last_3":"!@#"}
[2026-02-03 00:40:52] [INFO] Melina Products - Environment Check {"REMOTE_DB_HOST":"srv971.hstgr.io","REMOTE_DB_DATABASE":"u602093072_melina","REMOTE_DB_USERNAME":"u602093072_melina","REMOTE_DB_PASSWORD":"***SET***"}
[2026-02-03 00:40:52] [INFO] Remote DB Connection Attempt {"host":"srv971.hstgr.io","port":"3306","database":"u602093072_melina","username":"u602093072_melina","password_length":15,"password_last_3":"!@#"}
[2026-02-03 00:40:53] [INFO] Melina products fetched successfully {"count":18,"search":""}
[2026-02-03 00:40:53] [INFO] Melina Products - Environment Check {"REMOTE_DB_HOST":"srv971.hstgr.io","REMOTE_DB_DATABASE":"u602093072_melina","REMOTE_DB_USERNAME":"u602093072_melina","REMOTE_DB_PASSWORD":"***SET***"}
[2026-02-03 00:40:53] [INFO] Remote DB Connection Attempt {"host":"srv971.hstgr.io","port":"3306","database":"u602093072_melina","username":"u602093072_melina","password_length":15,"password_last_3":"!@#"}
[2026-02-03 00:40:54] [INFO] Melina products fetched successfully {"count":18,"search":""}
[2026-02-03 00:42:03] [INFO] Melina Products - Environment Check {"REMOTE_DB_HOST":"srv971.hstgr.io","REMOTE_DB_DATABASE":"u602093072_melina","REMOTE_DB_USERNAME":"u602093072_melina","REMOTE_DB_PASSWORD":"***SET***"}
[2026-02-03 00:42:03] [INFO] Remote DB Connection Attempt {"host":"srv971.hstgr.io","port":"3306","database":"u602093072_melina","username":"u602093072_melina","password_length":15,"password_last_3":"!@#"}
[2026-02-03 00:42:04] [INFO] Melina products fetched successfully {"count":18,"search":""}
[2026-02-03 00:42:06] [INFO] Melina Products - Environment Check {"REMOTE_DB_HOST":"srv971.hstgr.io","REMOTE_DB_DATABASE":"u602093072_melina","REMOTE_DB_USERNAME":"u602093072_melina","REMOTE_DB_PASSWORD":"***SET***"}
[2026-02-03 00:42:06] [INFO] Remote DB Connection Attempt {"host":"srv971.hstgr.io","port":"3306","database":"u602093072_melina","username":"u602093072_melina","password_length":15,"password_last_3":"!@#"}
[2026-02-03 00:42:07] [INFO] Melina products fetched successfully {"count":18,"search":""}
[2026-02-03 00:42:07] [INFO] Melina Products - Environment Check {"REMOTE_DB_HOST":"srv971.hstgr.io","REMOTE_DB_DATABASE":"u602093072_melina","REMOTE_DB_USERNAME":"u602093072_melina","REMOTE_DB_PASSWORD":"***SET***"}
[2026-02-03 00:42:07] [INFO] Remote DB Connection Attempt {"host":"srv971.hstgr.io","port":"3306","database":"u602093072_melina","username":"u602093072_melina","password_length":15,"password_last_3":"!@#"}
[2026-02-03 00:42:08] [INFO] Melina products fetched successfully {"count":18,"search":""}
[2026-02-03 00:42:08] [INFO] Melina Products - Environment Check {"REMOTE_DB_HOST":"srv971.hstgr.io","REMOTE_DB_DATABASE":"u602093072_melina","REMOTE_DB_USERNAME":"u602093072_melina","REMOTE_DB_PASSWORD":"***SET***"}
[2026-02-03 00:42:08] [INFO] Remote DB Connection Attempt {"host":"srv971.hstgr.io","port":"3306","database":"u602093072_melina","username":"u602093072_melina","password_length":15,"password_last_3":"!@#"}
[2026-02-03 00:42:10] [INFO] Melina products fetched successfully {"count":18,"search":""}
[2026-02-03 00:42:10] [INFO] Melina Products - Environment Check {"REMOTE_DB_HOST":"srv971.hstgr.io","REMOTE_DB_DATABASE":"u602093072_melina","REMOTE_DB_USERNAME":"u602093072_melina","REMOTE_DB_PASSWORD":"***SET***"}
[2026-02-03 00:42:10] [INFO] Remote DB Connection Attempt {"host":"srv971.hstgr.io","port":"3306","database":"u602093072_melina","username":"u602093072_melina","password_length":15,"password_last_3":"!@#"}
[2026-02-03 00:42:11] [INFO] Melina products fetched successfully {"count":18,"search":""}
[2026-02-03 00:42:11] [INFO] Melina Products - Environment Check {"REMOTE_DB_HOST":"srv971.hstgr.io","REMOTE_DB_DATABASE":"u602093072_melina","REMOTE_DB_USERNAME":"u602093072_melina","REMOTE_DB_PASSWORD":"***SET***"}
[2026-02-03 00:42:11] [INFO] Remote DB Connection Attempt {"host":"srv971.hstgr.io","port":"3306","database":"u602093072_melina","username":"u602093072_melina","password_length":15,"password_last_3":"!@#"}
[2026-02-03 00:42:12] [INFO] Melina products fetched successfully {"count":18,"search":""}
[2026-02-03 00:42:12] [INFO] Melina Products - Environment Check {"REMOTE_DB_HOST":"srv971.hstgr.io","REMOTE_DB_DATABASE":"u602093072_melina","REMOTE_DB_USERNAME":"u602093072_melina","REMOTE_DB_PASSWORD":"***SET***"}
[2026-02-03 00:42:12] [INFO] Remote DB Connection Attempt {"host":"srv971.hstgr.io","port":"3306","database":"u602093072_melina","username":"u602093072_melina","password_length":15,"password_last_3":"!@#"}
[2026-02-03 00:42:13] [INFO] Melina products fetched successfully {"count":18,"search":""}
[2026-02-03 00:42:13] [INFO] Melina Products - Environment Check {"REMOTE_DB_HOST":"srv971.hstgr.io","REMOTE_DB_DATABASE":"u602093072_melina","REMOTE_DB_USERNAME":"u602093072_melina","REMOTE_DB_PASSWORD":"***SET***"}
[2026-02-03 00:42:13] [INFO] Remote DB Connection Attempt {"host":"srv971.hstgr.io","port":"3306","database":"u602093072_melina","username":"u602093072_melina","password_length":15,"password_last_3":"!@#"}
[2026-02-03 00:42:14] [INFO] Melina products fetched successfully {"count":18,"search":""}
[2026-02-03 00:42:14] [INFO] Melina Products - Environment Check {"REMOTE_DB_HOST":"srv971.hstgr.io","REMOTE_DB_DATABASE":"u602093072_melina","REMOTE_DB_USERNAME":"u602093072_melina","REMOTE_DB_PASSWORD":"***SET***"}
[2026-02-03 00:42:14] [INFO] Remote DB Connection Attempt {"host":"srv971.hstgr.io","port":"3306","database":"u602093072_melina","username":"u602093072_melina","password_length":15,"password_last_3":"!@#"}
[2026-02-03 00:42:15] [INFO] Melina products fetched successfully {"count":18,"search":""}
[2026-02-03 00:42:15] [INFO] Melina Products - Environment Check {"REMOTE_DB_HOST":"srv971.hstgr.io","REMOTE_DB_DATABASE":"u602093072_melina","REMOTE_DB_USERNAME":"u602093072_melina","REMOTE_DB_PASSWORD":"***SET***"}
[2026-02-03 00:42:15] [INFO] Remote DB Connection Attempt {"host":"srv971.hstgr.io","port":"3306","database":"u602093072_melina","username":"u602093072_melina","password_length":15,"password_last_3":"!@#"}
[2026-02-03 00:42:16] [INFO] Melina products fetched successfully {"count":18,"search":""}
[2026-02-03 00:42:16] [INFO] Melina Products - Environment Check {"REMOTE_DB_HOST":"srv971.hstgr.io","REMOTE_DB_DATABASE":"u602093072_melina","REMOTE_DB_USERNAME":"u602093072_melina","REMOTE_DB_PASSWORD":"***SET***"}
[2026-02-03 00:42:16] [INFO] Remote DB Connection Attempt {"host":"srv971.hstgr.io","port":"3306","database":"u602093072_melina","username":"u602093072_melina","password_length":15,"password_last_3":"!@#"}
[2026-02-03 00:42:17] [INFO] Melina products fetched successfully {"count":18,"search":""}
[2026-02-03 00:42:17] [INFO] Melina Products - Environment Check {"REMOTE_DB_HOST":"srv971.hstgr.io","REMOTE_DB_DATABASE":"u602093072_melina","REMOTE_DB_USERNAME":"u602093072_melina","REMOTE_DB_PASSWORD":"***SET***"}
[2026-02-03 00:42:17] [INFO] Remote DB Connection Attempt {"host":"srv971.hstgr.io","port":"3306","database":"u602093072_melina","username":"u602093072_melina","password_length":15,"password_last_3":"!@#"}
[2026-02-03 00:42:18] [INFO] Melina products fetched successfully {"count":18,"search":""}
[2026-02-03 00:42:18] [INFO] Melina Products - Environment Check {"REMOTE_DB_HOST":"srv971.hstgr.io","REMOTE_DB_DATABASE":"u602093072_melina","REMOTE_DB_USERNAME":"u602093072_melina","REMOTE_DB_PASSWORD":"***SET***"}
[2026-02-03 00:42:18] [INFO] Remote DB Connection Attempt {"host":"srv971.hstgr.io","port":"3306","database":"u602093072_melina","username":"u602093072_melina","password_length":15,"password_last_3":"!@#"}
[2026-02-03 00:42:19] [INFO] Melina products fetched successfully {"count":18,"search":""}
[2026-02-03 00:42:19] [INFO] Melina Products - Environment Check {"REMOTE_DB_HOST":"srv971.hstgr.io","REMOTE_DB_DATABASE":"u602093072_melina","REMOTE_DB_USERNAME":"u602093072_melina","REMOTE_DB_PASSWORD":"***SET***"}
[2026-02-03 00:42:19] [INFO] Remote DB Connection Attempt {"host":"srv971.hstgr.io","port":"3306","database":"u602093072_melina","username":"u602093072_melina","password_length":15,"password_last_3":"!@#"}
[2026-02-03 00:42:19] [INFO] Melina products fetched successfully {"count":18,"search":""}
[2026-02-03 00:42:19] [INFO] Melina Products - Environment Check {"REMOTE_DB_HOST":"srv971.hstgr.io","REMOTE_DB_DATABASE":"u602093072_melina","REMOTE_DB_USERNAME":"u602093072_melina","REMOTE_DB_PASSWORD":"***SET***"}
[2026-02-03 00:42:19] [INFO] Remote DB Connection Attempt {"host":"srv971.hstgr.io","port":"3306","database":"u602093072_melina","username":"u602093072_melina","password_length":15,"password_last_3":"!@#"}
[2026-02-03 00:42:20] [INFO] Melina products fetched successfully {"count":18,"search":""}
[2026-02-03 00:42:20] [INFO] Melina Products - Environment Check {"REMOTE_DB_HOST":"srv971.hstgr.io","REMOTE_DB_DATABASE":"u602093072_melina","REMOTE_DB_USERNAME":"u602093072_melina","REMOTE_DB_PASSWORD":"***SET***"}
[2026-02-03 00:42:20] [INFO] Remote DB Connection Attempt {"host":"srv971.hstgr.io","port":"3306","database":"u602093072_melina","username":"u602093072_melina","password_length":15,"password_last_3":"!@#"}
[2026-02-03 00:42:21] [INFO] Melina products fetched successfully {"count":18,"search":""}
[2026-02-03 00:42:21] [INFO] Melina Products - Environment Check {"REMOTE_DB_HOST":"srv971.hstgr.io","REMOTE_DB_DATABASE":"u602093072_melina","REMOTE_DB_USERNAME":"u602093072_melina","REMOTE_DB_PASSWORD":"***SET***"}
[2026-02-03 00:42:21] [INFO] Remote DB Connection Attempt {"host":"srv971.hstgr.io","port":"3306","database":"u602093072_melina","username":"u602093072_melina","password_length":15,"password_last_3":"!@#"}
[2026-02-03 00:42:23] [INFO] Melina products fetched successfully {"count":18,"search":""}
[2026-02-03 00:42:23] [INFO] Melina Products - Environment Check {"REMOTE_DB_HOST":"srv971.hstgr.io","REMOTE_DB_DATABASE":"u602093072_melina","REMOTE_DB_USERNAME":"u602093072_melina","REMOTE_DB_PASSWORD":"***SET***"}
[2026-02-03 00:42:23] [INFO] Remote DB Connection Attempt {"host":"srv971.hstgr.io","port":"3306","database":"u602093072_melina","username":"u602093072_melina","password_length":15,"password_last_3":"!@#"}
[2026-02-03 00:42:24] [INFO] Melina products fetched successfully {"count":18,"search":""}
[2026-02-03 00:42:24] [INFO] Melina Products - Environment Check {"REMOTE_DB_HOST":"srv971.hstgr.io","REMOTE_DB_DATABASE":"u602093072_melina","REMOTE_DB_USERNAME":"u602093072_melina","REMOTE_DB_PASSWORD":"***SET***"}
[2026-02-03 00:42:24] [INFO] Remote DB Connection Attempt {"host":"srv971.hstgr.io","port":"3306","database":"u602093072_melina","username":"u602093072_melina","password_length":15,"password_last_3":"!@#"}
[2026-02-03 00:42:25] [INFO] Melina products fetched successfully {"count":18,"search":""}
[2026-02-03 00:45:12] [INFO] Melina Products - Environment Check {"REMOTE_DB_HOST":"srv971.hstgr.io","REMOTE_DB_DATABASE":"u602093072_melina","REMOTE_DB_USERNAME":"u602093072_melina","REMOTE_DB_PASSWORD":"***SET***"}
[2026-02-03 00:45:12] [INFO] Remote DB Connection Attempt {"host":"srv971.hstgr.io","port":"3306","database":"u602093072_melina","username":"u602093072_melina","password_length":15,"password_last_3":"!@#"}
[2026-02-03 00:45:13] [INFO] Melina products fetched successfully {"count":18,"search":""}
[2026-02-03 00:45:14] [INFO] Melina Products - Environment Check {"REMOTE_DB_HOST":"srv971.hstgr.io","REMOTE_DB_DATABASE":"u602093072_melina","REMOTE_DB_USERNAME":"u602093072_melina","REMOTE_DB_PASSWORD":"***SET***"}
[2026-02-03 00:45:14] [INFO] Remote DB Connection Attempt {"host":"srv971.hstgr.io","port":"3306","database":"u602093072_melina","username":"u602093072_melina","password_length":15,"password_last_3":"!@#"}
[2026-02-03 00:45:15] [INFO] Melina products fetched successfully {"count":18,"search":""}
[2026-02-03 00:46:48] [INFO] Melina Products - Environment Check {"REMOTE_DB_HOST":"srv971.hstgr.io","REMOTE_DB_DATABASE":"u602093072_melina","REMOTE_DB_USERNAME":"u602093072_melina","REMOTE_DB_PASSWORD":"***SET***"}
[2026-02-03 00:46:48] [INFO] Remote DB Connection Attempt {"host":"srv971.hstgr.io","port":"3306","database":"u602093072_melina","username":"u602093072_melina","password_length":15,"password_last_3":"!@#"}
[2026-02-03 00:46:49] [INFO] Melina products fetched successfully {"count":18,"search":""}
[2026-02-03 00:47:28] [INFO] Melina Products - Environment Check {"REMOTE_DB_HOST":"srv971.hstgr.io","REMOTE_DB_DATABASE":"u602093072_melina","REMOTE_DB_USERNAME":"u602093072_melina","REMOTE_DB_PASSWORD":"***SET***"}
[2026-02-03 00:47:28] [INFO] Remote DB Connection Attempt {"host":"srv971.hstgr.io","port":"3306","database":"u602093072_melina","username":"u602093072_melina","password_length":15,"password_last_3":"!@#"}
[2026-02-03 00:47:30] [INFO] Melina products fetched successfully {"count":18,"search":""}
[2026-02-03 00:53:01] [INFO] Melina Products - Environment Check {"REMOTE_DB_HOST":"srv971.hstgr.io","REMOTE_DB_DATABASE":"u602093072_melina","REMOTE_DB_USERNAME":"u602093072_melina","REMOTE_DB_PASSWORD":"***SET***"}
[2026-02-03 00:53:01] [INFO] Remote DB Connection Attempt {"host":"srv971.hstgr.io","port":"3306","database":"u602093072_melina","username":"u602093072_melina","password_length":15,"password_last_3":"!@#"}
[2026-02-03 00:53:02] [INFO] Melina products fetched successfully {"count":18,"search":""}
[2026-02-03 00:53:05] [INFO] Melina Products - Environment Check {"REMOTE_DB_HOST":"srv971.hstgr.io","REMOTE_DB_DATABASE":"u602093072_melina","REMOTE_DB_USERNAME":"u602093072_melina","REMOTE_DB_PASSWORD":"***SET***"}
[2026-02-03 00:53:05] [INFO] Remote DB Connection Attempt {"host":"srv971.hstgr.io","port":"3306","database":"u602093072_melina","username":"u602093072_melina","password_length":15,"password_last_3":"!@#"}
[2026-02-03 00:53:06] [INFO] Melina products fetched successfully {"count":18,"search":""}
[2026-02-03 00:53:10] [INFO] Melina Products - Environment Check {"REMOTE_DB_HOST":"srv971.hstgr.io","REMOTE_DB_DATABASE":"u602093072_melina","REMOTE_DB_USERNAME":"u602093072_melina","REMOTE_DB_PASSWORD":"***SET***"}
[2026-02-03 00:53:10] [INFO] Remote DB Connection Attempt {"host":"srv971.hstgr.io","port":"3306","database":"u602093072_melina","username":"u602093072_melina","password_length":15,"password_last_3":"!@#"}
[2026-02-03 00:53:11] [INFO] Melina products fetched successfully {"count":18,"search":""}
[2026-02-03 00:58:25] [INFO] Melina Products - Environment Check {"REMOTE_DB_HOST":"srv971.hstgr.io","REMOTE_DB_DATABASE":"u602093072_melina","REMOTE_DB_USERNAME":"u602093072_melina","REMOTE_DB_PASSWORD":"***SET***"}
[2026-02-03 00:58:25] [INFO] Remote DB Connection Attempt {"host":"srv971.hstgr.io","port":"3306","database":"u602093072_melina","username":"u602093072_melina","password_length":15,"password_last_3":"!@#"}
[2026-02-03 00:58:26] [INFO] Melina products fetched successfully {"count":18,"search":""}
[2026-02-03 00:58:30] [INFO] Melina Products - Environment Check {"REMOTE_DB_HOST":"srv971.hstgr.io","REMOTE_DB_DATABASE":"u602093072_melina","REMOTE_DB_USERNAME":"u602093072_melina","REMOTE_DB_PASSWORD":"***SET***"}
[2026-02-03 00:58:30] [INFO] Remote DB Connection Attempt {"host":"srv971.hstgr.io","port":"3306","database":"u602093072_melina","username":"u602093072_melina","password_length":15,"password_last_3":"!@#"}
[2026-02-03 00:58:30] [INFO] Melina products fetched successfully {"count":18,"search":""}
[2026-02-03 00:58:44] [INFO] Melina Products - Environment Check {"REMOTE_DB_HOST":"srv971.hstgr.io","REMOTE_DB_DATABASE":"u602093072_melina","REMOTE_DB_USERNAME":"u602093072_melina","REMOTE_DB_PASSWORD":"***SET***"}
[2026-02-03 00:58:44] [INFO] Remote DB Connection Attempt {"host":"srv971.hstgr.io","port":"3306","database":"u602093072_melina","username":"u602093072_melina","password_length":15,"password_last_3":"!@#"}
[2026-02-03 00:58:45] [INFO] Melina products fetched successfully {"count":18,"search":""}
[2026-02-03 01:09:12] [INFO] Melina Products - Environment Check {"REMOTE_DB_HOST":"srv971.hstgr.io","REMOTE_DB_DATABASE":"u602093072_melina","REMOTE_DB_USERNAME":"u602093072_melina","REMOTE_DB_PASSWORD":"***SET***"}
[2026-02-03 01:09:12] [INFO] Remote DB Connection Attempt {"host":"srv971.hstgr.io","port":"3306","database":"u602093072_melina","username":"u602093072_melina","password_length":15,"password_last_3":"!@#"}
[2026-02-03 01:09:13] [INFO] Melina products fetched successfully {"count":18,"search":""}
[2026-02-03 01:09:13] [INFO] Melina Products - Environment Check {"REMOTE_DB_HOST":"srv971.hstgr.io","REMOTE_DB_DATABASE":"u602093072_melina","REMOTE_DB_USERNAME":"u602093072_melina","REMOTE_DB_PASSWORD":"***SET***"}
[2026-02-03 01:09:13] [INFO] Remote DB Connection Attempt {"host":"srv971.hstgr.io","port":"3306","database":"u602093072_melina","username":"u602093072_melina","password_length":15,"password_last_3":"!@#"}
[2026-02-03 01:09:13] [INFO] Melina products fetched successfully {"count":18,"search":""}
[2026-02-03 01:09:17] [INFO] Melina Products - Environment Check {"REMOTE_DB_HOST":"srv971.hstgr.io","REMOTE_DB_DATABASE":"u602093072_melina","REMOTE_DB_USERNAME":"u602093072_melina","REMOTE_DB_PASSWORD":"***SET***"}
[2026-02-03 01:09:17] [INFO] Remote DB Connection Attempt {"host":"srv971.hstgr.io","port":"3306","database":"u602093072_melina","username":"u602093072_melina","password_length":15,"password_last_3":"!@#"}
[2026-02-03 01:09:18] [INFO] Melina products fetched successfully {"count":18,"search":""}
[2026-02-03 01:09:18] [INFO] Melina Products - Environment Check {"REMOTE_DB_HOST":"srv971.hstgr.io","REMOTE_DB_DATABASE":"u602093072_melina","REMOTE_DB_USERNAME":"u602093072_melina","REMOTE_DB_PASSWORD":"***SET***"}
[2026-02-03 01:09:18] [INFO] Remote DB Connection Attempt {"host":"srv971.hstgr.io","port":"3306","database":"u602093072_melina","username":"u602093072_melina","password_length":15,"password_last_3":"!@#"}
[2026-02-03 01:09:19] [INFO] Melina products fetched successfully {"count":18,"search":""}
[2026-02-03 01:09:22] [INFO] Melina Products - Environment Check {"REMOTE_DB_HOST":"srv971.hstgr.io","REMOTE_DB_DATABASE":"u602093072_melina","REMOTE_DB_USERNAME":"u602093072_melina","REMOTE_DB_PASSWORD":"***SET***"}
[2026-02-03 01:09:22] [INFO] Remote DB Connection Attempt {"host":"srv971.hstgr.io","port":"3306","database":"u602093072_melina","username":"u602093072_melina","password_length":15,"password_last_3":"!@#"}
[2026-02-03 01:09:23] [INFO] Melina products fetched successfully {"count":18,"search":""}
[2026-02-03 01:09:23] [INFO] Melina Products - Environment Check {"REMOTE_DB_HOST":"srv971.hstgr.io","REMOTE_DB_DATABASE":"u602093072_melina","REMOTE_DB_USERNAME":"u602093072_melina","REMOTE_DB_PASSWORD":"***SET***"}
[2026-02-03 01:09:23] [INFO] Remote DB Connection Attempt {"host":"srv971.hstgr.io","port":"3306","database":"u602093072_melina","username":"u602093072_melina","password_length":15,"password_last_3":"!@#"}
[2026-02-03 01:09:24] [INFO] Melina products fetched successfully {"count":18,"search":""}
[2026-02-03 01:09:37] [INFO] Melina Products - Environment Check {"REMOTE_DB_HOST":"srv971.hstgr.io","REMOTE_DB_DATABASE":"u602093072_melina","REMOTE_DB_USERNAME":"u602093072_melina","REMOTE_DB_PASSWORD":"***SET***"}
[2026-02-03 01:09:37] [INFO] Remote DB Connection Attempt {"host":"srv971.hstgr.io","port":"3306","database":"u602093072_melina","username":"u602093072_melina","password_length":15,"password_last_3":"!@#"}
[2026-02-03 01:09:37] [INFO] Melina products fetched successfully {"count":18,"search":""}
[2026-02-03 01:09:37] [INFO] Melina Products - Environment Check {"REMOTE_DB_HOST":"srv971.hstgr.io","REMOTE_DB_DATABASE":"u602093072_melina","REMOTE_DB_USERNAME":"u602093072_melina","REMOTE_DB_PASSWORD":"***SET***"}
[2026-02-03 01:09:37] [INFO] Remote DB Connection Attempt {"host":"srv971.hstgr.io","port":"3306","database":"u602093072_melina","username":"u602093072_melina","password_length":15,"password_last_3":"!@#"}
[2026-02-03 01:09:38] [INFO] Melina products fetched successfully {"count":18,"search":""}
[2026-02-03 01:10:28] [INFO] Melina Products - Environment Check {"REMOTE_DB_HOST":"srv971.hstgr.io","REMOTE_DB_DATABASE":"u602093072_melina","REMOTE_DB_USERNAME":"u602093072_melina","REMOTE_DB_PASSWORD":"***SET***"}
[2026-02-03 01:10:28] [INFO] Remote DB Connection Attempt {"host":"srv971.hstgr.io","port":"3306","database":"u602093072_melina","username":"u602093072_melina","password_length":15,"password_last_3":"!@#"}
[2026-02-03 01:10:29] [INFO] Melina products fetched successfully {"count":18,"search":""}
[2026-02-03 01:10:29] [INFO] Melina Products - Environment Check {"REMOTE_DB_HOST":"srv971.hstgr.io","REMOTE_DB_DATABASE":"u602093072_melina","REMOTE_DB_USERNAME":"u602093072_melina","REMOTE_DB_PASSWORD":"***SET***"}
[2026-02-03 01:10:29] [INFO] Remote DB Connection Attempt {"host":"srv971.hstgr.io","port":"3306","database":"u602093072_melina","username":"u602093072_melina","password_length":15,"password_last_3":"!@#"}
[2026-02-03 01:10:30] [INFO] Melina products fetched successfully {"count":18,"search":""}
[2026-02-03 01:10:31] [INFO] Melina Products - Environment Check {"REMOTE_DB_HOST":"srv971.hstgr.io","REMOTE_DB_DATABASE":"u602093072_melina","REMOTE_DB_USERNAME":"u602093072_melina","REMOTE_DB_PASSWORD":"***SET***"}
[2026-02-03 01:10:31] [INFO] Remote DB Connection Attempt {"host":"srv971.hstgr.io","port":"3306","database":"u602093072_melina","username":"u602093072_melina","password_length":15,"password_last_3":"!@#"}
[2026-02-03 01:10:32] [INFO] Melina products fetched successfully {"count":18,"search":""}
[2026-02-03 01:10:32] [INFO] Melina Products - Environment Check {"REMOTE_DB_HOST":"srv971.hstgr.io","REMOTE_DB_DATABASE":"u602093072_melina","REMOTE_DB_USERNAME":"u602093072_melina","REMOTE_DB_PASSWORD":"***SET***"}
[2026-02-03 01:10:32] [INFO] Remote DB Connection Attempt {"host":"srv971.hstgr.io","port":"3306","database":"u602093072_melina","username":"u602093072_melina","password_length":15,"password_last_3":"!@#"}
[2026-02-03 01:10:33] [INFO] Melina products fetched successfully {"count":18,"search":""}
[2026-02-03 01:10:38] [INFO] Melina Products - Environment Check {"REMOTE_DB_HOST":"srv971.hstgr.io","REMOTE_DB_DATABASE":"u602093072_melina","REMOTE_DB_USERNAME":"u602093072_melina","REMOTE_DB_PASSWORD":"***SET***"}
[2026-02-03 01:10:38] [INFO] Remote DB Connection Attempt {"host":"srv971.hstgr.io","port":"3306","database":"u602093072_melina","username":"u602093072_melina","password_length":15,"password_last_3":"!@#"}
[2026-02-03 01:10:39] [INFO] Melina products fetched successfully {"count":18,"search":""}
[2026-02-03 01:10:39] [INFO] Melina Products - Environment Check {"REMOTE_DB_HOST":"srv971.hstgr.io","REMOTE_DB_DATABASE":"u602093072_melina","REMOTE_DB_USERNAME":"u602093072_melina","REMOTE_DB_PASSWORD":"***SET***"}
[2026-02-03 01:10:39] [INFO] Remote DB Connection Attempt {"host":"srv971.hstgr.io","port":"3306","database":"u602093072_melina","username":"u602093072_melina","password_length":15,"password_last_3":"!@#"}
[2026-02-03 01:10:40] [INFO] Melina products fetched successfully {"count":18,"search":""}
[2026-02-03 01:11:11] [INFO] Melina Products - Environment Check {"REMOTE_DB_HOST":"srv971.hstgr.io","REMOTE_DB_DATABASE":"u602093072_melina","REMOTE_DB_USERNAME":"u602093072_melina","REMOTE_DB_PASSWORD":"***SET***"}
[2026-02-03 01:11:11] [INFO] Remote DB Connection Attempt {"host":"srv971.hstgr.io","port":"3306","database":"u602093072_melina","username":"u602093072_melina","password_length":15,"password_last_3":"!@#"}
[2026-02-03 01:11:12] [INFO] Melina products fetched successfully {"count":18,"search":""}
[2026-02-03 01:11:12] [INFO] Melina Products - Environment Check {"REMOTE_DB_HOST":"srv971.hstgr.io","REMOTE_DB_DATABASE":"u602093072_melina","REMOTE_DB_USERNAME":"u602093072_melina","REMOTE_DB_PASSWORD":"***SET***"}
[2026-02-03 01:11:12] [INFO] Remote DB Connection Attempt {"host":"srv971.hstgr.io","port":"3306","database":"u602093072_melina","username":"u602093072_melina","password_length":15,"password_last_3":"!@#"}
[2026-02-03 01:11:13] [INFO] Melina products fetched successfully {"count":18,"search":""}
[2026-02-03 01:11:14] [INFO] Melina Products - Environment Check {"REMOTE_DB_HOST":"srv971.hstgr.io","REMOTE_DB_DATABASE":"u602093072_melina","REMOTE_DB_USERNAME":"u602093072_melina","REMOTE_DB_PASSWORD":"***SET***"}
[2026-02-03 01:11:14] [INFO] Remote DB Connection Attempt {"host":"srv971.hstgr.io","port":"3306","database":"u602093072_melina","username":"u602093072_melina","password_length":15,"password_last_3":"!@#"}
[2026-02-03 01:11:15] [INFO] Melina products fetched successfully {"count":18,"search":""}
[2026-02-03 01:11:15] [INFO] Melina Products - Environment Check {"REMOTE_DB_HOST":"srv971.hstgr.io","REMOTE_DB_DATABASE":"u602093072_melina","REMOTE_DB_USERNAME":"u602093072_melina","REMOTE_DB_PASSWORD":"***SET***"}
[2026-02-03 01:11:15] [INFO] Remote DB Connection Attempt {"host":"srv971.hstgr.io","port":"3306","database":"u602093072_melina","username":"u602093072_melina","password_length":15,"password_last_3":"!@#"}
[2026-02-03 01:11:16] [INFO] Melina products fetched successfully {"count":18,"search":""}
[2026-02-03 01:12:00] [INFO] Melina Products - Environment Check {"REMOTE_DB_HOST":"srv971.hstgr.io","REMOTE_DB_DATABASE":"u602093072_melina","REMOTE_DB_USERNAME":"u602093072_melina","REMOTE_DB_PASSWORD":"***SET***"}
[2026-02-03 01:12:00] [INFO] Remote DB Connection Attempt {"host":"srv971.hstgr.io","port":"3306","database":"u602093072_melina","username":"u602093072_melina","password_length":15,"password_last_3":"!@#"}
[2026-02-03 01:12:01] [INFO] Melina products fetched successfully {"count":18,"search":""}
[2026-02-03 01:14:17] [INFO] Melina Products - Environment Check {"REMOTE_DB_HOST":"srv971.hstgr.io","REMOTE_DB_DATABASE":"u602093072_melina","REMOTE_DB_USERNAME":"u602093072_melina","REMOTE_DB_PASSWORD":"***SET***"}
[2026-02-03 01:14:17] [INFO] Remote DB Connection Attempt {"host":"srv971.hstgr.io","port":"3306","database":"u602093072_melina","username":"u602093072_melina","password_length":15,"password_last_3":"!@#"}
[2026-02-03 01:14:18] [INFO] Melina products fetched successfully {"count":18,"search":""}
[2026-02-03 01:14:20] [INFO] Melina Products - Environment Check {"REMOTE_DB_HOST":"srv971.hstgr.io","REMOTE_DB_DATABASE":"u602093072_melina","REMOTE_DB_USERNAME":"u602093072_melina","REMOTE_DB_PASSWORD":"***SET***"}
[2026-02-03 01:14:20] [INFO] Remote DB Connection Attempt {"host":"srv971.hstgr.io","port":"3306","database":"u602093072_melina","username":"u602093072_melina","password_length":15,"password_last_3":"!@#"}
[2026-02-03 01:14:21] [INFO] Melina products fetched successfully {"count":18,"search":""}
[2026-02-03 01:14:29] [INFO] Melina Products - Environment Check {"REMOTE_DB_HOST":"srv971.hstgr.io","REMOTE_DB_DATABASE":"u602093072_melina","REMOTE_DB_USERNAME":"u602093072_melina","REMOTE_DB_PASSWORD":"***SET***"}
[2026-02-03 01:14:29] [INFO] Remote DB Connection Attempt {"host":"srv971.hstgr.io","port":"3306","database":"u602093072_melina","username":"u602093072_melina","password_length":15,"password_last_3":"!@#"}
[2026-02-03 01:14:30] [INFO] Melina products fetched successfully {"count":18,"search":""}
[2026-02-03 01:14:52] [INFO] Melina Products - Environment Check {"REMOTE_DB_HOST":"srv971.hstgr.io","REMOTE_DB_DATABASE":"u602093072_melina","REMOTE_DB_USERNAME":"u602093072_melina","REMOTE_DB_PASSWORD":"***SET***"}
[2026-02-03 01:14:52] [INFO] Remote DB Connection Attempt {"host":"srv971.hstgr.io","port":"3306","database":"u602093072_melina","username":"u602093072_melina","password_length":15,"password_last_3":"!@#"}
[2026-02-03 01:14:53] [INFO] Melina products fetched successfully {"count":18,"search":""}
[2026-02-03 01:14:58] [INFO] Melina Products - Environment Check {"REMOTE_DB_HOST":"srv971.hstgr.io","REMOTE_DB_DATABASE":"u602093072_melina","REMOTE_DB_USERNAME":"u602093072_melina","REMOTE_DB_PASSWORD":"***SET***"}
[2026-02-03 01:14:58] [INFO] Remote DB Connection Attempt {"host":"srv971.hstgr.io","port":"3306","database":"u602093072_melina","username":"u602093072_melina","password_length":15,"password_last_3":"!@#"}
[2026-02-03 01:14:59] [INFO] Melina products fetched successfully {"count":18,"search":""}
[2026-02-03 01:15:02] [INFO] Melina Products - Environment Check {"REMOTE_DB_HOST":"srv971.hstgr.io","REMOTE_DB_DATABASE":"u602093072_melina","REMOTE_DB_USERNAME":"u602093072_melina","REMOTE_DB_PASSWORD":"***SET***"}
[2026-02-03 01:15:02] [INFO] Remote DB Connection Attempt {"host":"srv971.hstgr.io","port":"3306","database":"u602093072_melina","username":"u602093072_melina","password_length":15,"password_last_3":"!@#"}
[2026-02-03 01:15:03] [INFO] Melina products fetched successfully {"count":18,"search":""}
[2026-02-03 01:15:07] [INFO] Melina Products - Environment Check {"REMOTE_DB_HOST":"srv971.hstgr.io","REMOTE_DB_DATABASE":"u602093072_melina","REMOTE_DB_USERNAME":"u602093072_melina","REMOTE_DB_PASSWORD":"***SET***"}
[2026-02-03 01:15:07] [INFO] Remote DB Connection Attempt {"host":"srv971.hstgr.io","port":"3306","database":"u602093072_melina","username":"u602093072_melina","password_length":15,"password_last_3":"!@#"}
[2026-02-03 01:15:08] [INFO] Melina products fetched successfully {"count":18,"search":""}
[2026-02-03 01:17:01] [INFO] Melina Products - Environment Check {"REMOTE_DB_HOST":"srv971.hstgr.io","REMOTE_DB_DATABASE":"u602093072_melina","REMOTE_DB_USERNAME":"u602093072_melina","REMOTE_DB_PASSWORD":"***SET***"}
[2026-02-03 01:17:01] [INFO] Remote DB Connection Attempt {"host":"srv971.hstgr.io","port":"3306","database":"u602093072_melina","username":"u602093072_melina","password_length":15,"password_last_3":"!@#"}
[2026-02-03 01:17:02] [INFO] Melina products fetched successfully {"count":18,"search":""}
[2026-02-03 01:17:04] [INFO] Melina Products - Environment Check {"REMOTE_DB_HOST":"srv971.hstgr.io","REMOTE_DB_DATABASE":"u602093072_melina","REMOTE_DB_USERNAME":"u602093072_melina","REMOTE_DB_PASSWORD":"***SET***"}
[2026-02-03 01:17:04] [INFO] Remote DB Connection Attempt {"host":"srv971.hstgr.io","port":"3306","database":"u602093072_melina","username":"u602093072_melina","password_length":15,"password_last_3":"!@#"}
[2026-02-03 01:17:05] [INFO] Melina products fetched successfully {"count":18,"search":""}
[2026-02-03 01:17:18] [INFO] GRN created successfully with inventory batches {"grn_id":"4","grn_no":"GRN-20260203-273","po_id":1,"items_count":1,"total_amount":0,"created_by":1}
[2026-02-03 12:17:16] [INFO] User logged in {"user_id":1,"username":"admin"}
[2026-02-03 12:17:35] [INFO] Melina Products - Environment Check {"REMOTE_DB_HOST":"srv971.hstgr.io","REMOTE_DB_DATABASE":"u602093072_melina","REMOTE_DB_USERNAME":"u602093072_melina","REMOTE_DB_PASSWORD":"***SET***"}
[2026-02-03 12:17:35] [INFO] Remote DB Connection Attempt {"host":"srv971.hstgr.io","port":"3306","database":"u602093072_melina","username":"u602093072_melina","password_length":15,"password_last_3":"!@#"}
[2026-02-03 12:17:44] [INFO] Melina products fetched successfully {"count":18,"search":""}
[2026-02-03 12:17:45] [INFO] Melina Products - Environment Check {"REMOTE_DB_HOST":"srv971.hstgr.io","REMOTE_DB_DATABASE":"u602093072_melina","REMOTE_DB_USERNAME":"u602093072_melina","REMOTE_DB_PASSWORD":"***SET***"}
[2026-02-03 12:17:45] [INFO] Remote DB Connection Attempt {"host":"srv971.hstgr.io","port":"3306","database":"u602093072_melina","username":"u602093072_melina","password_length":15,"password_last_3":"!@#"}
[2026-02-03 12:17:49] [INFO] Melina products fetched successfully {"count":18,"search":""}
[2026-02-03 12:37:34] [INFO] Fetched PO items {"po_id":4,"items_count":1,"first_item":{"po_item_id":4,"product_id":10,"product_name":"test","sku":"89798789789","qty_ordered":18,"unit_price":null,"amount":null,"mrp":null}}
[2026-02-03 12:37:50] [INFO] Fetched PO items {"po_id":4,"items_count":1,"first_item":{"po_item_id":4,"product_id":10,"product_name":"test","sku":"89798789789","qty_ordered":18,"unit_price":null,"amount":null,"mrp":null}}
[2026-02-03 12:38:36] [INFO] Fetched PO items {"po_id":4,"items_count":1,"first_item":{"po_item_id":4,"product_id":10,"product_name":"test","sku":"89798789789","qty_ordered":18,"unit_price":null,"amount":null,"mrp":null}}
[2026-02-03 12:39:05] [INFO] Fetched PO items {"po_id":4,"items_count":1,"first_item":{"po_item_id":4,"product_id":10,"product_name":"test","sku":"89798789789","qty_ordered":18,"unit_price":null,"amount":null,"mrp":null}}
[2026-02-03 12:40:25] [INFO] Fetched PO items {"po_id":4,"items_count":1,"first_item":{"po_item_id":4,"product_id":10,"product_name":"test","sku":"89798789789","qty_ordered":18,"unit_price":"100.00","amount":"1800.00","mrp":"1800.00"}}
[2026-02-03 12:41:37] [INFO] Fetched PO items {"po_id":4,"items_count":1,"first_item":{"po_item_id":4,"product_id":10,"product_name":"test","sku":"89798789789","qty_ordered":18,"unit_price":"100.00","amount":"1800.00","mrp":"1800.00"}}
[2026-02-03 12:42:02] [INFO] Purchase Order created {"po_id":"5","items_count":1,"total_amount":1634.299999999999954525264911353588104248046875}
[2026-02-03 12:42:09] [INFO] Fetched PO items {"po_id":5,"items_count":1,"first_item":{"po_item_id":5,"product_id":10,"product_name":"test","sku":"89798789789","qty_ordered":18,"unit_price":"0.00","amount":"0.00","mrp":"0.00"}}
[2026-02-03 12:46:14] [INFO] Fetched PO items {"po_id":5,"items_count":1,"first_item":{"po_item_id":5,"product_id":10,"product_name":"test","sku":"89798789789","qty_ordered":18,"unit_price":"0.00","amount":"0.00","mrp":"0.00"}}
[2026-02-03 12:46:53] [INFO] Purchase Order created {"po_id":"6","items_count":1,"total_amount":326.8600000000000136424205265939235687255859375}
[2026-02-03 12:47:11] [INFO] Fetched PO items {"po_id":6,"items_count":1,"first_item":{"po_item_id":6,"product_id":10,"product_name":"test","sku":"89798789789","qty_ordered":1,"unit_price":"277.00","amount":"277.00","mrp":"277.00"}}
[2026-02-03 12:47:22] [INFO] GRN created successfully with inventory batches {"grn_id":"5","grn_no":"GRN-20260203-377","po_id":6,"items_count":1,"total_amount":277,"created_by":1}
[2026-02-03 12:48:10] [INFO] Purchase Order created {"po_id":"7","items_count":1,"total_amount":7844.6400000000003274180926382541656494140625}
[2026-02-03 12:48:17] [INFO] Fetched PO items {"po_id":7,"items_count":1,"first_item":{"po_item_id":7,"product_id":10,"product_name":"test","sku":"89798789789","qty_ordered":24,"unit_price":"277.00","amount":"6648.00","mrp":"6648.00"}}
[2026-02-03 12:48:34] [INFO] GRN created successfully with inventory batches {"grn_id":"6","grn_no":"GRN-20260203-009","po_id":7,"items_count":1,"total_amount":5540,"created_by":1}
[2026-02-03 12:59:37] [ERROR] Fatal Error {"type":64,"message":"Cannot redeclare App\\Api\\Controllers\\InventoryController::getStockSummary()","file":"/Applications/XAMPP/xamppfiles/htdocs/melina_hms/src/Api/Controllers/InventoryController.php","line":713}
[2026-02-03 12:59:37] [ERROR] Fatal Error {"type":64,"message":"Cannot redeclare App\\Api\\Controllers\\InventoryController::getStockSummary()","file":"/Applications/XAMPP/xamppfiles/htdocs/melina_hms/src/Api/Controllers/InventoryController.php","line":713}
[2026-02-03 12:59:39] [ERROR] Fatal Error {"type":64,"message":"Cannot redeclare App\\Api\\Controllers\\InventoryController::getStockSummary()","file":"/Applications/XAMPP/xamppfiles/htdocs/melina_hms/src/Api/Controllers/InventoryController.php","line":713}
[2026-02-03 12:59:39] [ERROR] Fatal Error {"type":64,"message":"Cannot redeclare App\\Api\\Controllers\\InventoryController::getStockSummary()","file":"/Applications/XAMPP/xamppfiles/htdocs/melina_hms/src/Api/Controllers/InventoryController.php","line":713}
[2026-02-03 12:59:42] [ERROR] Fatal Error {"type":64,"message":"Cannot redeclare App\\Api\\Controllers\\InventoryController::getStockSummary()","file":"/Applications/XAMPP/xamppfiles/htdocs/melina_hms/src/Api/Controllers/InventoryController.php","line":713}
[2026-02-03 12:59:42] [ERROR] Fatal Error {"type":64,"message":"Cannot redeclare App\\Api\\Controllers\\InventoryController::getStockSummary()","file":"/Applications/XAMPP/xamppfiles/htdocs/melina_hms/src/Api/Controllers/InventoryController.php","line":713}
[2026-02-03 12:59:52] [ERROR] Fatal Error {"type":64,"message":"Cannot redeclare App\\Api\\Controllers\\InventoryController::getStockSummary()","file":"/Applications/XAMPP/xamppfiles/htdocs/melina_hms/src/Api/Controllers/InventoryController.php","line":713}
[2026-02-03 12:59:52] [ERROR] Fatal Error {"type":64,"message":"Cannot redeclare App\\Api\\Controllers\\InventoryController::getStockSummary()","file":"/Applications/XAMPP/xamppfiles/htdocs/melina_hms/src/Api/Controllers/InventoryController.php","line":713}
[2026-02-03 13:15:02] [INFO] Melina Products - Environment Check {"REMOTE_DB_HOST":"srv971.hstgr.io","REMOTE_DB_DATABASE":"u602093072_melina","REMOTE_DB_USERNAME":"u602093072_melina","REMOTE_DB_PASSWORD":"***SET***"}
[2026-02-03 13:15:02] [INFO] Remote DB Connection Attempt {"host":"srv971.hstgr.io","port":"3306","database":"u602093072_melina","username":"u602093072_melina","password_length":15,"password_last_3":"!@#"}
[2026-02-03 13:15:03] [INFO] Melina products fetched successfully {"count":18,"search":""}
[2026-02-03 13:23:07] [INFO] Melina Products - Environment Check {"REMOTE_DB_HOST":"srv971.hstgr.io","REMOTE_DB_DATABASE":"u602093072_melina","REMOTE_DB_USERNAME":"u602093072_melina","REMOTE_DB_PASSWORD":"***SET***"}
[2026-02-03 13:23:07] [INFO] Remote DB Connection Attempt {"host":"srv971.hstgr.io","port":"3306","database":"u602093072_melina","username":"u602093072_melina","password_length":15,"password_last_3":"!@#"}
[2026-02-03 13:23:09] [INFO] Melina products fetched successfully {"count":18,"search":""}
[2026-02-03 13:25:46] [INFO] Melina Products - Environment Check {"REMOTE_DB_HOST":"srv971.hstgr.io","REMOTE_DB_DATABASE":"u602093072_melina","REMOTE_DB_USERNAME":"u602093072_melina","REMOTE_DB_PASSWORD":"***SET***"}
[2026-02-03 13:25:46] [INFO] Remote DB Connection Attempt {"host":"srv971.hstgr.io","port":"3306","database":"u602093072_melina","username":"u602093072_melina","password_length":15,"password_last_3":"!@#"}
[2026-02-03 13:25:47] [INFO] Melina products fetched successfully {"count":18,"search":""}
[2026-02-03 13:25:49] [INFO] Melina Products - Environment Check {"REMOTE_DB_HOST":"srv971.hstgr.io","REMOTE_DB_DATABASE":"u602093072_melina","REMOTE_DB_USERNAME":"u602093072_melina","REMOTE_DB_PASSWORD":"***SET***"}
[2026-02-03 13:25:49] [INFO] Remote DB Connection Attempt {"host":"srv971.hstgr.io","port":"3306","database":"u602093072_melina","username":"u602093072_melina","password_length":15,"password_last_3":"!@#"}
[2026-02-03 13:25:49] [INFO] Melina products fetched successfully {"count":18,"search":""}
[2026-02-03 13:33:51] [INFO] Melina Products - Environment Check {"REMOTE_DB_HOST":"srv971.hstgr.io","REMOTE_DB_DATABASE":"u602093072_melina","REMOTE_DB_USERNAME":"u602093072_melina","REMOTE_DB_PASSWORD":"***SET***"}
[2026-02-03 13:33:51] [INFO] Remote DB Connection Attempt {"host":"srv971.hstgr.io","port":"3306","database":"u602093072_melina","username":"u602093072_melina","password_length":15,"password_last_3":"!@#"}
[2026-02-03 13:33:52] [INFO] Melina products fetched successfully {"count":18,"search":""}
[2026-02-03 13:37:26] [INFO] Melina Products - Environment Check {"REMOTE_DB_HOST":"srv971.hstgr.io","REMOTE_DB_DATABASE":"u602093072_melina","REMOTE_DB_USERNAME":"u602093072_melina","REMOTE_DB_PASSWORD":"***SET***"}
[2026-02-03 13:37:26] [INFO] Remote DB Connection Attempt {"host":"srv971.hstgr.io","port":"3306","database":"u602093072_melina","username":"u602093072_melina","password_length":15,"password_last_3":"!@#"}
[2026-02-03 13:37:27] [INFO] Melina products fetched successfully {"count":18,"search":""}
[2026-02-03 13:37:43] [INFO] Melina Products - Environment Check {"REMOTE_DB_HOST":"srv971.hstgr.io","REMOTE_DB_DATABASE":"u602093072_melina","REMOTE_DB_USERNAME":"u602093072_melina","REMOTE_DB_PASSWORD":"***SET***"}
[2026-02-03 13:37:43] [INFO] Remote DB Connection Attempt {"host":"srv971.hstgr.io","port":"3306","database":"u602093072_melina","username":"u602093072_melina","password_length":15,"password_last_3":"!@#"}
[2026-02-03 13:37:44] [INFO] Melina products fetched successfully {"count":2,"search":"new"}
[2026-02-03 13:38:07] [INFO] Melina Products - Environment Check {"REMOTE_DB_HOST":"srv971.hstgr.io","REMOTE_DB_DATABASE":"u602093072_melina","REMOTE_DB_USERNAME":"u602093072_melina","REMOTE_DB_PASSWORD":"***SET***"}
[2026-02-03 13:38:07] [INFO] Remote DB Connection Attempt {"host":"srv971.hstgr.io","port":"3306","database":"u602093072_melina","username":"u602093072_melina","password_length":15,"password_last_3":"!@#"}
[2026-02-03 13:38:08] [INFO] Melina products fetched successfully {"count":2,"search":"new"}
[2026-02-03 13:38:08] [INFO] Melina Products - Environment Check {"REMOTE_DB_HOST":"srv971.hstgr.io","REMOTE_DB_DATABASE":"u602093072_melina","REMOTE_DB_USERNAME":"u602093072_melina","REMOTE_DB_PASSWORD":"***SET***"}
[2026-02-03 13:38:08] [INFO] Remote DB Connection Attempt {"host":"srv971.hstgr.io","port":"3306","database":"u602093072_melina","username":"u602093072_melina","password_length":15,"password_last_3":"!@#"}
[2026-02-03 13:38:09] [INFO] Melina products fetched successfully {"count":2,"search":"new"}
[2026-02-03 13:38:09] [INFO] Melina Products - Environment Check {"REMOTE_DB_HOST":"srv971.hstgr.io","REMOTE_DB_DATABASE":"u602093072_melina","REMOTE_DB_USERNAME":"u602093072_melina","REMOTE_DB_PASSWORD":"***SET***"}
[2026-02-03 13:38:09] [INFO] Remote DB Connection Attempt {"host":"srv971.hstgr.io","port":"3306","database":"u602093072_melina","username":"u602093072_melina","password_length":15,"password_last_3":"!@#"}
[2026-02-03 13:38:10] [INFO] Melina products fetched successfully {"count":2,"search":"new h"}
[2026-02-03 13:38:19] [INFO] Melina Products - Environment Check {"REMOTE_DB_HOST":"srv971.hstgr.io","REMOTE_DB_DATABASE":"u602093072_melina","REMOTE_DB_USERNAME":"u602093072_melina","REMOTE_DB_PASSWORD":"***SET***"}
[2026-02-03 13:38:19] [INFO] Remote DB Connection Attempt {"host":"srv971.hstgr.io","port":"3306","database":"u602093072_melina","username":"u602093072_melina","password_length":15,"password_last_3":"!@#"}
[2026-02-03 13:38:20] [INFO] Melina products fetched successfully {"count":2,"search":"new"}
[2026-02-03 13:38:20] [INFO] Melina Products - Environment Check {"REMOTE_DB_HOST":"srv971.hstgr.io","REMOTE_DB_DATABASE":"u602093072_melina","REMOTE_DB_USERNAME":"u602093072_melina","REMOTE_DB_PASSWORD":"***SET***"}
[2026-02-03 13:38:20] [INFO] Remote DB Connection Attempt {"host":"srv971.hstgr.io","port":"3306","database":"u602093072_melina","username":"u602093072_melina","password_length":15,"password_last_3":"!@#"}
[2026-02-03 13:38:21] [INFO] Melina products fetched successfully {"count":2,"search":"new"}
[2026-02-03 13:38:21] [INFO] Melina Products - Environment Check {"REMOTE_DB_HOST":"srv971.hstgr.io","REMOTE_DB_DATABASE":"u602093072_melina","REMOTE_DB_USERNAME":"u602093072_melina","REMOTE_DB_PASSWORD":"***SET***"}
[2026-02-03 13:38:21] [INFO] Remote DB Connection Attempt {"host":"srv971.hstgr.io","port":"3306","database":"u602093072_melina","username":"u602093072_melina","password_length":15,"password_last_3":"!@#"}
[2026-02-03 13:38:22] [INFO] Melina products fetched successfully {"count":2,"search":"new h"}
[2026-02-03 13:41:04] [INFO] Melina Products - Environment Check {"REMOTE_DB_HOST":"srv971.hstgr.io","REMOTE_DB_DATABASE":"u602093072_melina","REMOTE_DB_USERNAME":"u602093072_melina","REMOTE_DB_PASSWORD":"***SET***"}
[2026-02-03 13:41:04] [INFO] Remote DB Connection Attempt {"host":"srv971.hstgr.io","port":"3306","database":"u602093072_melina","username":"u602093072_melina","password_length":15,"password_last_3":"!@#"}
[2026-02-03 13:41:05] [INFO] Melina products fetched successfully {"count":1,"search":"new"}
[2026-02-03 13:41:05] [INFO] Melina Products - Environment Check {"REMOTE_DB_HOST":"srv971.hstgr.io","REMOTE_DB_DATABASE":"u602093072_melina","REMOTE_DB_USERNAME":"u602093072_melina","REMOTE_DB_PASSWORD":"***SET***"}
[2026-02-03 13:41:05] [INFO] Remote DB Connection Attempt {"host":"srv971.hstgr.io","port":"3306","database":"u602093072_melina","username":"u602093072_melina","password_length":15,"password_last_3":"!@#"}
[2026-02-03 13:41:06] [INFO] Melina products fetched successfully {"count":1,"search":"new h"}
[2026-02-03 13:41:08] [INFO] Melina Products - Environment Check {"REMOTE_DB_HOST":"srv971.hstgr.io","REMOTE_DB_DATABASE":"u602093072_melina","REMOTE_DB_USERNAME":"u602093072_melina","REMOTE_DB_PASSWORD":"***SET***"}
[2026-02-03 13:41:08] [INFO] Remote DB Connection Attempt {"host":"srv971.hstgr.io","port":"3306","database":"u602093072_melina","username":"u602093072_melina","password_length":15,"password_last_3":"!@#"}
[2026-02-03 13:41:09] [INFO] Melina products fetched successfully {"count":1,"search":"new ha"}
[2026-02-03 13:41:17] [INFO] Melina Products - Environment Check {"REMOTE_DB_HOST":"srv971.hstgr.io","REMOTE_DB_DATABASE":"u602093072_melina","REMOTE_DB_USERNAME":"u602093072_melina","REMOTE_DB_PASSWORD":"***SET***"}
[2026-02-03 13:41:17] [INFO] Remote DB Connection Attempt {"host":"srv971.hstgr.io","port":"3306","database":"u602093072_melina","username":"u602093072_melina","password_length":15,"password_last_3":"!@#"}
[2026-02-03 13:41:18] [INFO] Melina products fetched successfully {"count":3,"search":"ka"}
[2026-02-03 13:41:18] [INFO] Melina Products - Environment Check {"REMOTE_DB_HOST":"srv971.hstgr.io","REMOTE_DB_DATABASE":"u602093072_melina","REMOTE_DB_USERNAME":"u602093072_melina","REMOTE_DB_PASSWORD":"***SET***"}
[2026-02-03 13:41:18] [INFO] Remote DB Connection Attempt {"host":"srv971.hstgr.io","port":"3306","database":"u602093072_melina","username":"u602093072_melina","password_length":15,"password_last_3":"!@#"}
[2026-02-03 13:41:19] [INFO] Melina products fetched successfully {"count":2,"search":"kas"}
[2026-02-03 13:41:28] [INFO] Melina Products - Environment Check {"REMOTE_DB_HOST":"srv971.hstgr.io","REMOTE_DB_DATABASE":"u602093072_melina","REMOTE_DB_USERNAME":"u602093072_melina","REMOTE_DB_PASSWORD":"***SET***"}
[2026-02-03 13:41:28] [INFO] Remote DB Connection Attempt {"host":"srv971.hstgr.io","port":"3306","database":"u602093072_melina","username":"u602093072_melina","password_length":15,"password_last_3":"!@#"}
[2026-02-03 13:41:29] [INFO] Melina products fetched successfully {"count":2,"search":"kan"}
[2026-02-03 13:41:29] [INFO] Melina Products - Environment Check {"REMOTE_DB_HOST":"srv971.hstgr.io","REMOTE_DB_DATABASE":"u602093072_melina","REMOTE_DB_USERNAME":"u602093072_melina","REMOTE_DB_PASSWORD":"***SET***"}
[2026-02-03 13:41:29] [INFO] Remote DB Connection Attempt {"host":"srv971.hstgr.io","port":"3306","database":"u602093072_melina","username":"u602093072_melina","password_length":15,"password_last_3":"!@#"}
[2026-02-03 13:41:30] [INFO] Melina products fetched successfully {"count":2,"search":"kanka"}
[2026-02-03 13:48:49] [INFO] Remote DB Connection Attempt {"host":"srv971.hstgr.io","port":"3306","database":"u602093072_melina","username":"u602093072_melina","password_length":15,"password_last_3":"!@#"}
[2026-02-03 13:48:58] [INFO] Remote DB Connection Attempt {"host":"srv971.hstgr.io","port":"3306","database":"u602093072_melina","username":"u602093072_melina","password_length":15,"password_last_3":"!@#"}
[2026-02-03 13:51:22] [INFO] Remote DB Connection Attempt {"host":"srv971.hstgr.io","port":"3306","database":"u602093072_melina","username":"u602093072_melina","password_length":15,"password_last_3":"!@#"}
[2026-02-03 13:51:31] [INFO] Remote DB Connection Attempt {"host":"srv971.hstgr.io","port":"3306","database":"u602093072_melina","username":"u602093072_melina","password_length":15,"password_last_3":"!@#"}
[2026-02-03 13:52:46] [INFO] Remote DB Connection Attempt {"host":"srv971.hstgr.io","port":"3306","database":"u602093072_melina","username":"u602093072_melina","password_length":15,"password_last_3":"!@#"}
[2026-02-03 13:52:51] [INFO] Remote DB Connection Attempt {"host":"srv971.hstgr.io","port":"3306","database":"u602093072_melina","username":"u602093072_melina","password_length":15,"password_last_3":"!@#"}
[2026-02-03 13:53:00] [INFO] Remote DB Connection Attempt {"host":"srv971.hstgr.io","port":"3306","database":"u602093072_melina","username":"u602093072_melina","password_length":15,"password_last_3":"!@#"}
[2026-02-03 13:55:32] [INFO] Remote DB Connection Attempt {"host":"srv971.hstgr.io","port":"3306","database":"u602093072_melina","username":"u602093072_melina","password_length":15,"password_last_3":"!@#"}
[2026-02-03 13:55:37] [INFO] Remote DB Connection Attempt {"host":"srv971.hstgr.io","port":"3306","database":"u602093072_melina","username":"u602093072_melina","password_length":15,"password_last_3":"!@#"}
[2026-02-03 13:56:54] [INFO] Melina Products - Environment Check {"REMOTE_DB_HOST":"srv971.hstgr.io","REMOTE_DB_DATABASE":"u602093072_melina","REMOTE_DB_USERNAME":"u602093072_melina","REMOTE_DB_PASSWORD":"***SET***"}
[2026-02-03 13:56:54] [INFO] Remote DB Connection Attempt {"host":"srv971.hstgr.io","port":"3306","database":"u602093072_melina","username":"u602093072_melina","password_length":15,"password_last_3":"!@#"}
[2026-02-03 13:56:55] [INFO] Melina products fetched successfully {"count":18,"search":""}
[2026-02-03 14:10:41] [INFO] Melina Products - Environment Check {"REMOTE_DB_HOST":"srv971.hstgr.io","REMOTE_DB_DATABASE":"u602093072_melina","REMOTE_DB_USERNAME":"u602093072_melina","REMOTE_DB_PASSWORD":"***SET***"}
[2026-02-03 14:10:41] [INFO] Remote DB Connection Attempt {"host":"srv971.hstgr.io","port":"3306","database":"u602093072_melina","username":"u602093072_melina","password_length":15,"password_last_3":"!@#"}
[2026-02-03 14:10:42] [INFO] Melina products fetched successfully {"count":2,"search":"new"}
[2026-02-03 14:10:58] [INFO] Melina Products - Environment Check {"REMOTE_DB_HOST":"srv971.hstgr.io","REMOTE_DB_DATABASE":"u602093072_melina","REMOTE_DB_USERNAME":"u602093072_melina","REMOTE_DB_PASSWORD":"***SET***"}
[2026-02-03 14:10:58] [INFO] Remote DB Connection Attempt {"host":"srv971.hstgr.io","port":"3306","database":"u602093072_melina","username":"u602093072_melina","password_length":15,"password_last_3":"!@#"}
[2026-02-03 14:10:58] [INFO] Melina products fetched successfully {"count":2,"search":"new"}
[2026-02-03 14:10:58] [INFO] Melina Products - Environment Check {"REMOTE_DB_HOST":"srv971.hstgr.io","REMOTE_DB_DATABASE":"u602093072_melina","REMOTE_DB_USERNAME":"u602093072_melina","REMOTE_DB_PASSWORD":"***SET***"}
[2026-02-03 14:10:58] [INFO] Remote DB Connection Attempt {"host":"srv971.hstgr.io","port":"3306","database":"u602093072_melina","username":"u602093072_melina","password_length":15,"password_last_3":"!@#"}
[2026-02-03 14:10:59] [INFO] Melina products fetched successfully {"count":2,"search":"new h"}
[2026-02-03 14:11:01] [INFO] Melina Products - Environment Check {"REMOTE_DB_HOST":"srv971.hstgr.io","REMOTE_DB_DATABASE":"u602093072_melina","REMOTE_DB_USERNAME":"u602093072_melina","REMOTE_DB_PASSWORD":"***SET***"}
[2026-02-03 14:11:01] [INFO] Remote DB Connection Attempt {"host":"srv971.hstgr.io","port":"3306","database":"u602093072_melina","username":"u602093072_melina","password_length":15,"password_last_3":"!@#"}
[2026-02-03 14:11:02] [INFO] Melina products fetched successfully {"count":4,"search":"ne"}
[2026-02-03 14:11:05] [INFO] Melina Products - Environment Check {"REMOTE_DB_HOST":"srv971.hstgr.io","REMOTE_DB_DATABASE":"u602093072_melina","REMOTE_DB_USERNAME":"u602093072_melina","REMOTE_DB_PASSWORD":"***SET***"}
[2026-02-03 14:11:05] [INFO] Remote DB Connection Attempt {"host":"srv971.hstgr.io","port":"3306","database":"u602093072_melina","username":"u602093072_melina","password_length":15,"password_last_3":"!@#"}
[2026-02-03 14:11:06] [INFO] Melina products fetched successfully {"count":0,"search":"nwe"}
[2026-02-03 14:11:07] [INFO] Melina Products - Environment Check {"REMOTE_DB_HOST":"srv971.hstgr.io","REMOTE_DB_DATABASE":"u602093072_melina","REMOTE_DB_USERNAME":"u602093072_melina","REMOTE_DB_PASSWORD":"***SET***"}
[2026-02-03 14:11:07] [INFO] Remote DB Connection Attempt {"host":"srv971.hstgr.io","port":"3306","database":"u602093072_melina","username":"u602093072_melina","password_length":15,"password_last_3":"!@#"}
[2026-02-03 14:11:08] [INFO] Melina products fetched successfully {"count":0,"search":"nw"}
[2026-02-03 14:11:08] [INFO] Melina Products - Environment Check {"REMOTE_DB_HOST":"srv971.hstgr.io","REMOTE_DB_DATABASE":"u602093072_melina","REMOTE_DB_USERNAME":"u602093072_melina","REMOTE_DB_PASSWORD":"***SET***"}
[2026-02-03 14:11:08] [INFO] Remote DB Connection Attempt {"host":"srv971.hstgr.io","port":"3306","database":"u602093072_melina","username":"u602093072_melina","password_length":15,"password_last_3":"!@#"}
[2026-02-03 14:11:09] [INFO] Melina products fetched successfully {"count":2,"search":"new"}
[2026-02-03 14:11:09] [INFO] Melina Products - Environment Check {"REMOTE_DB_HOST":"srv971.hstgr.io","REMOTE_DB_DATABASE":"u602093072_melina","REMOTE_DB_USERNAME":"u602093072_melina","REMOTE_DB_PASSWORD":"***SET***"}
[2026-02-03 14:11:09] [INFO] Remote DB Connection Attempt {"host":"srv971.hstgr.io","port":"3306","database":"u602093072_melina","username":"u602093072_melina","password_length":15,"password_last_3":"!@#"}
[2026-02-03 14:11:10] [INFO] Melina products fetched successfully {"count":2,"search":"new h"}
[2026-02-03 14:11:10] [INFO] Melina Products - Environment Check {"REMOTE_DB_HOST":"srv971.hstgr.io","REMOTE_DB_DATABASE":"u602093072_melina","REMOTE_DB_USERNAME":"u602093072_melina","REMOTE_DB_PASSWORD":"***SET***"}
[2026-02-03 14:11:10] [INFO] Remote DB Connection Attempt {"host":"srv971.hstgr.io","port":"3306","database":"u602093072_melina","username":"u602093072_melina","password_length":15,"password_last_3":"!@#"}
[2026-02-03 14:11:12] [INFO] Melina products fetched successfully {"count":2,"search":"new"}
[2026-02-03 14:21:28] [INFO] Melina Products - Environment Check {"REMOTE_DB_HOST":"srv971.hstgr.io","REMOTE_DB_DATABASE":"u602093072_melina","REMOTE_DB_USERNAME":"u602093072_melina","REMOTE_DB_PASSWORD":"***SET***"}
[2026-02-03 14:21:28] [INFO] Remote DB Connection Attempt {"host":"srv971.hstgr.io","port":"3306","database":"u602093072_melina","username":"u602093072_melina","password_length":15,"password_last_3":"!@#"}
[2026-02-03 14:21:29] [INFO] Melina products fetched successfully {"count":18,"search":""}
[2026-02-03 14:22:28] [INFO] Melina Products - Environment Check {"REMOTE_DB_HOST":"srv971.hstgr.io","REMOTE_DB_DATABASE":"u602093072_melina","REMOTE_DB_USERNAME":"u602093072_melina","REMOTE_DB_PASSWORD":"***SET***"}
[2026-02-03 14:22:28] [INFO] Remote DB Connection Attempt {"host":"srv971.hstgr.io","port":"3306","database":"u602093072_melina","username":"u602093072_melina","password_length":15,"password_last_3":"!@#"}
[2026-02-03 14:22:29] [INFO] Melina products fetched successfully {"count":18,"search":""}
[2026-02-03 14:22:40] [INFO] Melina Products - Environment Check {"REMOTE_DB_HOST":"srv971.hstgr.io","REMOTE_DB_DATABASE":"u602093072_melina","REMOTE_DB_USERNAME":"u602093072_melina","REMOTE_DB_PASSWORD":"***SET***"}
[2026-02-03 14:22:40] [INFO] Remote DB Connection Attempt {"host":"srv971.hstgr.io","port":"3306","database":"u602093072_melina","username":"u602093072_melina","password_length":15,"password_last_3":"!@#"}
[2026-02-03 14:22:41] [INFO] Melina products fetched successfully {"count":0,"search":"nwq"}
[2026-02-03 14:22:41] [INFO] Melina Products - Environment Check {"REMOTE_DB_HOST":"srv971.hstgr.io","REMOTE_DB_DATABASE":"u602093072_melina","REMOTE_DB_USERNAME":"u602093072_melina","REMOTE_DB_PASSWORD":"***SET***"}
[2026-02-03 14:22:41] [INFO] Remote DB Connection Attempt {"host":"srv971.hstgr.io","port":"3306","database":"u602093072_melina","username":"u602093072_melina","password_length":15,"password_last_3":"!@#"}
[2026-02-03 14:22:42] [INFO] Melina products fetched successfully {"count":0,"search":"nw"}
[2026-02-03 14:27:13] [INFO] Melina Products - Environment Check {"REMOTE_DB_HOST":"srv971.hstgr.io","REMOTE_DB_DATABASE":"u602093072_melina","REMOTE_DB_USERNAME":"u602093072_melina","REMOTE_DB_PASSWORD":"***SET***"}
[2026-02-03 14:27:13] [INFO] Remote DB Connection Attempt {"host":"srv971.hstgr.io","port":"3306","database":"u602093072_melina","username":"u602093072_melina","password_length":15,"password_last_3":"!@#"}
[2026-02-03 14:27:14] [INFO] Melina products fetched successfully {"count":18,"search":""}
[2026-02-03 14:27:36] [ERROR] Failed to create PO {"error":"SQLSTATE[23000]: Integrity constraint violation: 1452 Cannot add or update a child row: a foreign key constraint fails (`melina_hms`.`purchase_order_items`, CONSTRAINT `fk_poi_product` FOREIGN KEY (`product_id`) REFERENCES `products` (`product_id`))","input":{"supplier_id":"1","invoice_no":"PO-20260203-225","total_amount":404.41000000000002501110429875552654266357421875,"items":[{"product_id":"22","qty":2,"cost":171.3600000000000136424205265939235687255859375}]}}
[2026-02-03 14:35:37] [INFO] Melina Products - Environment Check {"REMOTE_DB_HOST":"srv971.hstgr.io","REMOTE_DB_DATABASE":"u602093072_melina","REMOTE_DB_USERNAME":"u602093072_melina","REMOTE_DB_PASSWORD":"***SET***"}
[2026-02-03 14:35:37] [INFO] Remote DB Connection Attempt {"host":"srv971.hstgr.io","port":"3306","database":"u602093072_melina","username":"u602093072_melina","password_length":15,"password_last_3":"!@#"}
[2026-02-03 14:35:38] [INFO] Melina products fetched successfully {"count":18,"search":""}
[2026-02-03 14:35:38] [INFO] Syncing Melina products to local database {"count":6}
[2026-02-03 14:35:38] [ERROR] API Error {"message":"System\\Database::update(): Argument #3 ($where) must be of type string, array given, called in /Applications/XAMPP/xamppfiles/htdocs/melina_hms/src/Api/Controllers/InventoryController.php on line 1824","file":"/Applications/XAMPP/xamppfiles/htdocs/melina_hms/system/Database.php","line":135}
[2026-02-03 14:35:53] [INFO] Melina Products - Environment Check {"REMOTE_DB_HOST":"srv971.hstgr.io","REMOTE_DB_DATABASE":"u602093072_melina","REMOTE_DB_USERNAME":"u602093072_melina","REMOTE_DB_PASSWORD":"***SET***"}
[2026-02-03 14:35:53] [INFO] Remote DB Connection Attempt {"host":"srv971.hstgr.io","port":"3306","database":"u602093072_melina","username":"u602093072_melina","password_length":15,"password_last_3":"!@#"}
[2026-02-03 14:35:55] [INFO] Melina products fetched successfully {"count":18,"search":""}
[2026-02-03 14:35:55] [INFO] Syncing Melina products to local database {"count":6}
[2026-02-03 14:35:55] [ERROR] API Error {"message":"System\\Database::update(): Argument #3 ($where) must be of type string, array given, called in /Applications/XAMPP/xamppfiles/htdocs/melina_hms/src/Api/Controllers/InventoryController.php on line 1824","file":"/Applications/XAMPP/xamppfiles/htdocs/melina_hms/system/Database.php","line":135}
[2026-02-03 14:36:01] [INFO] Melina Products - Environment Check {"REMOTE_DB_HOST":"srv971.hstgr.io","REMOTE_DB_DATABASE":"u602093072_melina","REMOTE_DB_USERNAME":"u602093072_melina","REMOTE_DB_PASSWORD":"***SET***"}
[2026-02-03 14:36:01] [INFO] Remote DB Connection Attempt {"host":"srv971.hstgr.io","port":"3306","database":"u602093072_melina","username":"u602093072_melina","password_length":15,"password_last_3":"!@#"}
[2026-02-03 14:36:03] [INFO] Melina products fetched successfully {"count":18,"search":""}
[2026-02-03 14:36:03] [INFO] Syncing Melina products to local database {"count":6}
[2026-02-03 14:36:03] [ERROR] API Error {"message":"System\\Database::update(): Argument #3 ($where) must be of type string, array given, called in /Applications/XAMPP/xamppfiles/htdocs/melina_hms/src/Api/Controllers/InventoryController.php on line 1824","file":"/Applications/XAMPP/xamppfiles/htdocs/melina_hms/system/Database.php","line":135}
[2026-02-03 14:36:09] [INFO] Melina Products - Environment Check {"REMOTE_DB_HOST":"srv971.hstgr.io","REMOTE_DB_DATABASE":"u602093072_melina","REMOTE_DB_USERNAME":"u602093072_melina","REMOTE_DB_PASSWORD":"***SET***"}
[2026-02-03 14:36:09] [INFO] Remote DB Connection Attempt {"host":"srv971.hstgr.io","port":"3306","database":"u602093072_melina","username":"u602093072_melina","password_length":15,"password_last_3":"!@#"}
[2026-02-03 14:36:10] [INFO] Melina products fetched successfully {"count":18,"search":""}
[2026-02-03 14:36:10] [INFO] Syncing Melina products to local database {"count":6}
[2026-02-03 14:36:10] [ERROR] API Error {"message":"System\\Database::update(): Argument #3 ($where) must be of type string, array given, called in /Applications/XAMPP/xamppfiles/htdocs/melina_hms/src/Api/Controllers/InventoryController.php on line 1824","file":"/Applications/XAMPP/xamppfiles/htdocs/melina_hms/system/Database.php","line":135}
[2026-02-03 14:36:18] [ERROR] Failed to create PO {"error":"SQLSTATE[23000]: Integrity constraint violation: 1452 Cannot add or update a child row: a foreign key constraint fails (`melina_hms`.`purchase_order_items`, CONSTRAINT `fk_poi_product` FOREIGN KEY (`product_id`) REFERENCES `products` (`product_id`))","input":{"supplier_id":"1","invoice_no":"PO-20260203-794","total_amount":404.41000000000002501110429875552654266357421875,"items":[{"product_id":"22","qty":2,"cost":171.3600000000000136424205265939235687255859375}]}}
[2026-02-03 14:36:33] [INFO] Melina Products - Environment Check {"REMOTE_DB_HOST":"srv971.hstgr.io","REMOTE_DB_DATABASE":"u602093072_melina","REMOTE_DB_USERNAME":"u602093072_melina","REMOTE_DB_PASSWORD":"***SET***"}
[2026-02-03 14:36:33] [INFO] Remote DB Connection Attempt {"host":"srv971.hstgr.io","port":"3306","database":"u602093072_melina","username":"u602093072_melina","password_length":15,"password_last_3":"!@#"}
[2026-02-03 14:36:41] [INFO] Melina products fetched successfully {"count":18,"search":""}
[2026-02-03 14:36:41] [INFO] Melina Products - Environment Check {"REMOTE_DB_HOST":"srv971.hstgr.io","REMOTE_DB_DATABASE":"u602093072_melina","REMOTE_DB_USERNAME":"u602093072_melina","REMOTE_DB_PASSWORD":"***SET***"}
[2026-02-03 14:36:41] [INFO] Remote DB Connection Attempt {"host":"srv971.hstgr.io","port":"3306","database":"u602093072_melina","username":"u602093072_melina","password_length":15,"password_last_3":"!@#"}
[2026-02-03 14:36:43] [INFO] Melina products fetched successfully {"count":1,"search":"te"}
[2026-02-03 14:36:43] [INFO] Syncing Melina products to local database {"count":6}
[2026-02-03 14:36:43] [ERROR] API Error {"message":"System\\Database::update(): Argument #3 ($where) must be of type string, array given, called in /Applications/XAMPP/xamppfiles/htdocs/melina_hms/src/Api/Controllers/InventoryController.php on line 1824","file":"/Applications/XAMPP/xamppfiles/htdocs/melina_hms/system/Database.php","line":135}
[2026-02-03 14:38:20] [INFO] Melina Products - Environment Check {"REMOTE_DB_HOST":"srv971.hstgr.io","REMOTE_DB_DATABASE":"u602093072_melina","REMOTE_DB_USERNAME":"u602093072_melina","REMOTE_DB_PASSWORD":"***SET***"}
[2026-02-03 14:38:20] [INFO] Remote DB Connection Attempt {"host":"srv971.hstgr.io","port":"3306","database":"u602093072_melina","username":"u602093072_melina","password_length":15,"password_last_3":"!@#"}
[2026-02-03 14:38:22] [INFO] Melina products fetched successfully {"count":18,"search":""}
[2026-02-03 14:38:22] [INFO] Syncing Melina products to local database {"count":6}
[2026-02-03 14:38:22] [ERROR] Failed to sync product {"product":{"id":25,"name":"APRAGA PARPAM","sku":"FG-005","description":"TEST","tax_percent":"18.00"},"error":"SQLSTATE[42S22]: Column not found: 1054 Unknown column 'updated_at' in 'field list'"}
[2026-02-03 14:38:22] [ERROR] Failed to sync product {"product":{"id":19,"name":"KANKASA TABLET","sku":"FG-001","description":"TEST DESCRIPTION","tax_percent":"18.00"},"error":"SQLSTATE[42S22]: Column not found: 1054 Unknown column 'updated_at' in 'field list'"}
[2026-02-03 14:38:22] [ERROR] Failed to sync product {"product":{"id":26,"name":"kankasa tablet","sku":"FG-006","description":"fff","tax_percent":"18.00"},"error":"SQLSTATE[42S22]: Column not found: 1054 Unknown column 'updated_at' in 'field list'"}
[2026-02-03 14:38:22] [ERROR] Failed to sync product {"product":{"id":20,"name":"Legiyam","sku":"FG-002","description":"Skin Legiyam","tax_percent":"18.00"},"error":"SQLSTATE[42S22]: Column not found: 1054 Unknown column 'updated_at' in 'field list'"}
[2026-02-03 14:38:22] [ERROR] Failed to sync product {"product":{"id":27,"name":"Nellikkaitest","sku":"FG-007","description":"test","tax_percent":"18.00"},"error":"SQLSTATE[42S22]: Column not found: 1054 Unknown column 'updated_at' in 'field list'"}
[2026-02-03 14:38:22] [ERROR] Failed to sync product {"product":{"id":22,"name":"new hair oil","sku":"FG-003","description":"Hair Oil","tax_percent":"18.00"},"error":"SQLSTATE[42S22]: Column not found: 1054 Unknown column 'updated_at' in 'field list'"}
[2026-02-03 14:38:22] [INFO] Melina products sync completed {"synced":0,"skipped":0,"errors":6}
[2026-02-03 14:38:32] [INFO] Purchase Order created {"po_id":"10","items_count":1,"total_amount":4650.7100000000000363797880709171295166015625}
[2026-02-03 14:38:40] [INFO] Fetched PO items {"po_id":10,"items_count":1,"first_item":{"po_item_id":10,"product_id":3,"product_name":"new hair oil","sku":"FG-003","qty_ordered":23,"unit_price":"171.36","amount":"3941.28","mrp":"3941.28"}}
[2026-02-03 14:38:44] [INFO] GRN created successfully with inventory batches {"grn_id":"7","grn_no":"GRN-20260203-168","po_id":10,"items_count":1,"total_amount":3941.28000000000020008883439004421234130859375,"batches_created":1,"po_status_updated":"received","created_by":1}
[2026-02-03 15:48:39] [ERROR] API Error {"message":"Unknown named parameter $id","file":"/Applications/XAMPP/xamppfiles/htdocs/melina_hms/system/Router.php","line":170}
[2026-02-03 15:48:49] [ERROR] API Error {"message":"Unknown named parameter $id","file":"/Applications/XAMPP/xamppfiles/htdocs/melina_hms/system/Router.php","line":170}
[2026-02-03 15:50:22] [ERROR] API Error {"message":"Unknown named parameter $id","file":"/Applications/XAMPP/xamppfiles/htdocs/melina_hms/system/Router.php","line":170}
[2026-02-03 15:50:26] [ERROR] API Error {"message":"Unknown named parameter $id","file":"/Applications/XAMPP/xamppfiles/htdocs/melina_hms/system/Router.php","line":170}
[2026-02-03 15:50:33] [ERROR] API Error {"message":"Unknown named parameter $id","file":"/Applications/XAMPP/xamppfiles/htdocs/melina_hms/system/Router.php","line":170}
[2026-02-03 15:50:51] [ERROR] API Error {"message":"Unknown named parameter $id","file":"/Applications/XAMPP/xamppfiles/htdocs/melina_hms/system/Router.php","line":170}
[2026-02-03 15:53:54] [ERROR] API Error {"message":"Unknown named parameter $id","file":"/Applications/XAMPP/xamppfiles/htdocs/melina_hms/system/Router.php","line":170}
[2026-02-03 15:54:58] [ERROR] Uncaught Exception {"message":"syntax error, unexpected end of file","file":"/Applications/XAMPP/xamppfiles/htdocs/melina_hms/src/views/visits/clinical_notes.php","line":303}
[2026-02-03 15:55:02] [ERROR] API Error {"message":"Unknown named parameter $id","file":"/Applications/XAMPP/xamppfiles/htdocs/melina_hms/system/Router.php","line":170}
[2026-02-03 15:55:14] [ERROR] Uncaught Exception {"message":"syntax error, unexpected end of file","file":"/Applications/XAMPP/xamppfiles/htdocs/melina_hms/src/views/visits/clinical_notes.php","line":303}
[2026-02-03 15:55:17] [ERROR] Uncaught Exception {"message":"syntax error, unexpected end of file","file":"/Applications/XAMPP/xamppfiles/htdocs/melina_hms/src/views/visits/clinical_notes.php","line":303}
[2026-02-03 15:55:35] [ERROR] API Error {"message":"Unknown named parameter $id","file":"/Applications/XAMPP/xamppfiles/htdocs/melina_hms/system/Router.php","line":170}
[2026-02-03 15:56:04] [ERROR] API Error {"message":"Unknown named parameter $id","file":"/Applications/XAMPP/xamppfiles/htdocs/melina_hms/system/Router.php","line":170}
[2026-02-03 15:56:39] [ERROR] Uncaught Exception {"message":"syntax error, unexpected token \"else\", expecting end of file","file":"/Applications/XAMPP/xamppfiles/htdocs/melina_hms/src/views/visits/siddha_notes.php","line":351}
[2026-02-03 15:56:41] [ERROR] Uncaught Exception {"message":"syntax error, unexpected token \"else\", expecting end of file","file":"/Applications/XAMPP/xamppfiles/htdocs/melina_hms/src/views/visits/siddha_notes.php","line":351}
[2026-02-03 15:56:42] [ERROR] Uncaught Exception {"message":"syntax error, unexpected token \"else\", expecting end of file","file":"/Applications/XAMPP/xamppfiles/htdocs/melina_hms/src/views/visits/siddha_notes.php","line":351}
[2026-02-03 15:56:51] [ERROR] Uncaught Exception {"message":"syntax error, unexpected token \"else\", expecting end of file","file":"/Applications/XAMPP/xamppfiles/htdocs/melina_hms/src/views/visits/siddha_notes.php","line":351}
[2026-02-03 16:01:52] [ERROR] API Error {"message":"Unknown named parameter $id","file":"/Applications/XAMPP/xamppfiles/htdocs/melina_hms/system/Router.php","line":170}
[2026-02-03 16:01:54] [ERROR] API Error {"message":"Unknown named parameter $id","file":"/Applications/XAMPP/xamppfiles/htdocs/melina_hms/system/Router.php","line":170}
[2026-02-03 16:01:58] [ERROR] API Error {"message":"Unknown named parameter $id","file":"/Applications/XAMPP/xamppfiles/htdocs/melina_hms/system/Router.php","line":170}
[2026-02-03 16:06:01] [ERROR] Uncaught Exception {"message":"syntax error, unexpected end of file","file":"/Applications/XAMPP/xamppfiles/htdocs/melina_hms/src/views/visits/siddha_notes.php","line":807}
[2026-02-03 16:08:04] [ERROR] API Error {"message":"Unknown named parameter $id","file":"/Applications/XAMPP/xamppfiles/htdocs/melina_hms/system/Router.php","line":170}
[2026-02-03 16:41:56] [ERROR] API Error {"message":"Unknown named parameter $id","file":"/Applications/XAMPP/xamppfiles/htdocs/melina_hms/system/Router.php","line":170}
[2026-02-03 16:41:57] [ERROR] API Error {"message":"Unknown named parameter $id","file":"/Applications/XAMPP/xamppfiles/htdocs/melina_hms/system/Router.php","line":170}
[2026-02-03 16:42:32] [ERROR] API Error {"message":"Unknown named parameter $id","file":"/Applications/XAMPP/xamppfiles/htdocs/melina_hms/system/Router.php","line":170}
[2026-02-03 16:57:14] [ERROR] API Error {"message":"Unknown named parameter $id","file":"/Applications/XAMPP/xamppfiles/htdocs/melina_hms/system/Router.php","line":170}
[2026-02-03 17:02:38] [ERROR] API Error {"message":"Unknown named parameter $id","file":"/Applications/XAMPP/xamppfiles/htdocs/melina_hms/system/Router.php","line":170}
[2026-02-03 17:02:42] [ERROR] API Error {"message":"Unknown named parameter $id","file":"/Applications/XAMPP/xamppfiles/htdocs/melina_hms/system/Router.php","line":170}
[2026-02-03 17:02:45] [ERROR] API Error {"message":"Unknown named parameter $id","file":"/Applications/XAMPP/xamppfiles/htdocs/melina_hms/system/Router.php","line":170}
[2026-02-03 17:02:50] [ERROR] API Error {"message":"Unknown named parameter $id","file":"/Applications/XAMPP/xamppfiles/htdocs/melina_hms/system/Router.php","line":170}
[2026-02-03 18:43:34] [ERROR] API Error {"message":"Call to undefined method System\\Database::fetchOne()","file":"/Applications/XAMPP/xamppfiles/htdocs/melina_hms/src/Api/Controllers/IPDController.php","line":632}
[2026-02-03 18:46:20] [ERROR] API Error {"message":"Call to undefined method System\\Database::fetchOne()","file":"/Applications/XAMPP/xamppfiles/htdocs/melina_hms/src/Api/Controllers/IPDController.php","line":632}
[2026-02-03 19:07:52] [INFO] IP Admission created {"admission_id":"1","admission_number":"IP202602037610"}
