[2026-01-22 00:51:33] [ERROR] Database connection (remote) failed {"error":"SQLSTATE[HY000] [1045] Access denied for user 'u602093072_melina'@'2405:201:e047:4823:c51:c674:2624:7e16' (using password: YES)"}
[2026-01-22 00:51:33] [ERROR] API Error {"message":"SQLSTATE[HY000] [1045] Access denied for user 'u602093072_melina'@'2405:201:e047:4823:c51:c674:2624:7e16' (using password: YES)","file":"/Applications/XAMPP/xamppfiles/htdocs/melina_hms/system/Database.php","line":68}
[2026-01-22 00:51:34] [ERROR] Database connection (remote) failed {"error":"SQLSTATE[HY000] [1045] Access denied for user 'u602093072_melina'@'2405:201:e047:4823:c51:c674:2624:7e16' (using password: YES)"}
[2026-01-22 00:51:34] [ERROR] API Error {"message":"SQLSTATE[HY000] [1045] Access denied for user 'u602093072_melina'@'2405:201:e047:4823:c51:c674:2624:7e16' (using password: YES)","file":"/Applications/XAMPP/xamppfiles/htdocs/melina_hms/system/Database.php","line":68}
[2026-01-22 01:02:56] [ERROR] Database connection (remote) failed {"error":"SQLSTATE[HY000] [1045] Access denied for user 'u602093072_melina'@'2405:201:e047:4823:c51:c674:2624:7e16' (using password: YES)"}
[2026-01-22 01:02:56] [ERROR] API Error {"message":"SQLSTATE[HY000] [1045] Access denied for user 'u602093072_melina'@'2405:201:e047:4823:c51:c674:2624:7e16' (using password: YES)","file":"/Applications/XAMPP/xamppfiles/htdocs/melina_hms/system/Database.php","line":68}
[2026-01-22 01:02:57] [ERROR] Database connection (remote) failed {"error":"SQLSTATE[HY000] [1045] Access denied for user 'u602093072_melina'@'2405:201:e047:4823:c51:c674:2624:7e16' (using password: YES)"}
[2026-01-22 01:02:57] [ERROR] API Error {"message":"SQLSTATE[HY000] [1045] Access denied for user 'u602093072_melina'@'2405:201:e047:4823:c51:c674:2624:7e16' (using password: YES)","file":"/Applications/XAMPP/xamppfiles/htdocs/melina_hms/system/Database.php","line":68}
[2026-01-22 01:02:57] [ERROR] Database connection (remote) failed {"error":"SQLSTATE[HY000] [1045] Access denied for user 'u602093072_melina'@'49.37.195.101' (using password: YES)"}
[2026-01-22 01:02:57] [ERROR] API Error {"message":"SQLSTATE[HY000] [1045] Access denied for user 'u602093072_melina'@'49.37.195.101' (using password: YES)","file":"/Applications/XAMPP/xamppfiles/htdocs/melina_hms/system/Database.php","line":68}
[2026-01-22 01:06:10] [ERROR] Database connection (remote) failed {"error":"SQLSTATE[HY000] [1045] Access denied for user 'u602093072_melina'@'2405:201:e047:4823:c51:c674:2624:7e16' (using password: YES)"}
[2026-01-22 01:06:10] [ERROR] API Error {"message":"SQLSTATE[HY000] [1045] Access denied for user 'u602093072_melina'@'2405:201:e047:4823:c51:c674:2624:7e16' (using password: YES)","file":"/Applications/XAMPP/xamppfiles/htdocs/melina_hms/system/Database.php","line":68}
[2026-01-22 01:06:13] [ERROR] Database connection (remote) failed {"error":"SQLSTATE[HY000] [1045] Access denied for user 'u602093072_melina'@'49.37.195.101' (using password: YES)"}
[2026-01-22 01:06:13] [ERROR] API Error {"message":"SQLSTATE[HY000] [1045] Access denied for user 'u602093072_melina'@'49.37.195.101' (using password: YES)","file":"/Applications/XAMPP/xamppfiles/htdocs/melina_hms/system/Database.php","line":68}
[2026-01-22 01:06:14] [ERROR] Database connection (remote) failed {"error":"SQLSTATE[HY000] [1045] Access denied for user 'u602093072_melina'@'49.37.195.101' (using password: YES)"}
[2026-01-22 01:06:14] [ERROR] API Error {"message":"SQLSTATE[HY000] [1045] Access denied for user 'u602093072_melina'@'49.37.195.101' (using password: YES)","file":"/Applications/XAMPP/xamppfiles/htdocs/melina_hms/system/Database.php","line":68}
[2026-01-22 01:06:15] [ERROR] Database connection (remote) failed {"error":"SQLSTATE[HY000] [1045] Access denied for user 'u602093072_melina'@'2405:201:e047:4823:c51:c674:2624:7e16' (using password: YES)"}
[2026-01-22 01:06:15] [ERROR] API Error {"message":"SQLSTATE[HY000] [1045] Access denied for user 'u602093072_melina'@'2405:201:e047:4823:c51:c674:2624:7e16' (using password: YES)","file":"/Applications/XAMPP/xamppfiles/htdocs/melina_hms/system/Database.php","line":68}
[2026-01-22 01:06:15] [ERROR] Database connection (remote) failed {"error":"SQLSTATE[HY000] [1045] Access denied for user 'u602093072_melina'@'2405:201:e047:4823:c51:c674:2624:7e16' (using password: YES)"}
[2026-01-22 01:06:15] [ERROR] API Error {"message":"SQLSTATE[HY000] [1045] Access denied for user 'u602093072_melina'@'2405:201:e047:4823:c51:c674:2624:7e16' (using password: YES)","file":"/Applications/XAMPP/xamppfiles/htdocs/melina_hms/system/Database.php","line":68}
[2026-01-22 12:34:07] [WARNING] Failed login attempt {"username":"admin@gmail.com"}
[2026-01-22 12:34:11] [WARNING] Failed login attempt {"username":"admin@gmail.com"}
[2026-01-22 12:34:13] [INFO] User logged in {"user_id":1,"username":"admin"}
[2026-01-22 14:51:26] [INFO] User logged in {"user_id":1,"username":"admin"}
[2026-01-22 15:47:13] [ERROR] Fatal Error {"type":64,"message":"Cannot use try without catch or finally","file":"/Applications/XAMPP/xamppfiles/htdocs/melina_hms/src/Api/Controllers/InventoryController.php","line":158}
[2026-01-22 15:47:30] [ERROR] Fatal Error {"type":64,"message":"Cannot use try without catch or finally","file":"/Applications/XAMPP/xamppfiles/htdocs/melina_hms/src/Api/Controllers/InventoryController.php","line":158}
[2026-01-22 15:47:48] [ERROR] Fatal Error {"type":64,"message":"Cannot use try without catch or finally","file":"/Applications/XAMPP/xamppfiles/htdocs/melina_hms/src/Api/Controllers/InventoryController.php","line":158}
[2026-01-22 15:52:16] [ERROR] Fatal Error {"type":64,"message":"Cannot use try without catch or finally","file":"/Applications/XAMPP/xamppfiles/htdocs/melina_hms/src/Api/Controllers/InventoryController.php","line":158}
[2026-01-22 19:13:51] [INFO] User logged in {"user_id":1,"username":"admin"}
[2026-01-22 19:15:48] [ERROR] Fatal Error {"type":64,"message":"Cannot use try without catch or finally","file":"/Applications/XAMPP/xamppfiles/htdocs/melina_hms/src/Api/Controllers/InventoryController.php","line":158}
[2026-01-22 19:35:13] [ERROR] Fatal Error {"type":64,"message":"Cannot use try without catch or finally","file":"/Applications/XAMPP/xamppfiles/htdocs/melina_hms/src/Api/Controllers/InventoryController.php","line":158}
[2026-01-22 19:46:14] [ERROR] Fatal Error {"type":64,"message":"Cannot use try without catch or finally","file":"/Applications/XAMPP/xamppfiles/htdocs/melina_hms/src/Api/Controllers/InventoryController.php","line":158}
[2026-01-22 19:47:07] [ERROR] Fatal Error {"type":64,"message":"Cannot use try without catch or finally","file":"/Applications/XAMPP/xamppfiles/htdocs/melina_hms/src/Api/Controllers/InventoryController.php","line":158}
[2026-01-22 19:47:14] [ERROR] Fatal Error {"type":64,"message":"Cannot use try without catch or finally","file":"/Applications/XAMPP/xamppfiles/htdocs/melina_hms/src/Api/Controllers/InventoryController.php","line":158}
[2026-01-22 19:47:42] [ERROR] Fatal Error {"type":64,"message":"Cannot use try without catch or finally","file":"/Applications/XAMPP/xamppfiles/htdocs/melina_hms/src/Api/Controllers/InventoryController.php","line":158}
[2026-01-22 21:24:17] [ERROR] Fatal Error {"type":64,"message":"Cannot use try without catch or finally","file":"/Applications/XAMPP/xamppfiles/htdocs/melina_hms/src/Api/Controllers/InventoryController.php","line":158}
[2026-01-22 21:24:36] [ERROR] PHP Error {"message":"Undefined variable $isEstimate","file":"/Applications/XAMPP/xamppfiles/htdocs/melina_hms/src/views/billing/invoice_create.php","line":8}
[2026-01-22 21:24:36] [ERROR] PHP Error {"message":"Undefined variable $isEstimate","file":"/Applications/XAMPP/xamppfiles/htdocs/melina_hms/src/views/billing/invoice_create.php","line":17}
[2026-01-22 21:24:36] [ERROR] PHP Error {"message":"Undefined variable $isEstimate","file":"/Applications/XAMPP/xamppfiles/htdocs/melina_hms/src/views/billing/invoice_create.php","line":18}
[2026-01-22 21:24:36] [ERROR] PHP Error {"message":"Undefined variable $isEstimate","file":"/Applications/XAMPP/xamppfiles/htdocs/melina_hms/src/views/billing/invoice_create.php","line":310}
[2026-01-22 21:24:36] [ERROR] PHP Error {"message":"Undefined variable $isEstimate","file":"/Applications/XAMPP/xamppfiles/htdocs/melina_hms/src/views/billing/invoice_create.php","line":316}
[2026-01-22 21:24:50] [ERROR] PHP Error {"message":"Undefined variable $isEstimate","file":"/Applications/XAMPP/xamppfiles/htdocs/melina_hms/src/views/billing/invoice_create.php","line":8}
[2026-01-22 21:24:50] [ERROR] PHP Error {"message":"Undefined variable $isEstimate","file":"/Applications/XAMPP/xamppfiles/htdocs/melina_hms/src/views/billing/invoice_create.php","line":17}
[2026-01-22 21:24:50] [ERROR] PHP Error {"message":"Undefined variable $isEstimate","file":"/Applications/XAMPP/xamppfiles/htdocs/melina_hms/src/views/billing/invoice_create.php","line":18}
[2026-01-22 21:24:50] [ERROR] PHP Error {"message":"Undefined variable $isEstimate","file":"/Applications/XAMPP/xamppfiles/htdocs/melina_hms/src/views/billing/invoice_create.php","line":310}
[2026-01-22 21:24:50] [ERROR] PHP Error {"message":"Undefined variable $isEstimate","file":"/Applications/XAMPP/xamppfiles/htdocs/melina_hms/src/views/billing/invoice_create.php","line":316}
[2026-01-22 21:25:05] [ERROR] PHP Error {"message":"Undefined variable $isEstimate","file":"/Applications/XAMPP/xamppfiles/htdocs/melina_hms/src/views/billing/invoice_create.php","line":8}
[2026-01-22 21:25:05] [ERROR] PHP Error {"message":"Undefined variable $isEstimate","file":"/Applications/XAMPP/xamppfiles/htdocs/melina_hms/src/views/billing/invoice_create.php","line":17}
[2026-01-22 21:25:05] [ERROR] PHP Error {"message":"Undefined variable $isEstimate","file":"/Applications/XAMPP/xamppfiles/htdocs/melina_hms/src/views/billing/invoice_create.php","line":18}
[2026-01-22 21:25:05] [ERROR] PHP Error {"message":"Undefined variable $isEstimate","file":"/Applications/XAMPP/xamppfiles/htdocs/melina_hms/src/views/billing/invoice_create.php","line":310}
[2026-01-22 21:25:05] [ERROR] PHP Error {"message":"Undefined variable $isEstimate","file":"/Applications/XAMPP/xamppfiles/htdocs/melina_hms/src/views/billing/invoice_create.php","line":316}
[2026-01-22 21:25:21] [ERROR] PHP Error {"message":"Undefined variable $isEstimate","file":"/Applications/XAMPP/xamppfiles/htdocs/melina_hms/src/views/billing/invoice_create.php","line":8}
[2026-01-22 21:25:21] [ERROR] PHP Error {"message":"Undefined variable $isEstimate","file":"/Applications/XAMPP/xamppfiles/htdocs/melina_hms/src/views/billing/invoice_create.php","line":17}
[2026-01-22 21:25:21] [ERROR] PHP Error {"message":"Undefined variable $isEstimate","file":"/Applications/XAMPP/xamppfiles/htdocs/melina_hms/src/views/billing/invoice_create.php","line":18}
[2026-01-22 21:25:21] [ERROR] PHP Error {"message":"Undefined variable $isEstimate","file":"/Applications/XAMPP/xamppfiles/htdocs/melina_hms/src/views/billing/invoice_create.php","line":310}
[2026-01-22 21:25:21] [ERROR] PHP Error {"message":"Undefined variable $isEstimate","file":"/Applications/XAMPP/xamppfiles/htdocs/melina_hms/src/views/billing/invoice_create.php","line":316}
[2026-01-22 21:25:59] [ERROR] Fatal Error {"type":64,"message":"Cannot use try without catch or finally","file":"/Applications/XAMPP/xamppfiles/htdocs/melina_hms/src/Api/Controllers/InventoryController.php","line":158}
[2026-01-22 21:30:06] [ERROR] Fatal Error {"type":64,"message":"Cannot use try without catch or finally","file":"/Applications/XAMPP/xamppfiles/htdocs/melina_hms/src/Api/Controllers/InventoryController.php","line":158}
