[2026-02-01 01:03:44] [INFO] User logged in {"user_id":1,"username":"admin"}
[2026-02-01 01:15:17] [ERROR] API Error {"message":"Class \"Database\" not found","file":"/Applications/XAMPP/xamppfiles/htdocs/melina_hms/src/Api/Controllers/DashboardController.php","line":15}
[2026-02-01 01:15:17] [ERROR] API Error {"message":"Class \"Database\" not found","file":"/Applications/XAMPP/xamppfiles/htdocs/melina_hms/src/Api/Controllers/DashboardController.php","line":15}
[2026-02-01 01:15:17] [ERROR] API Error {"message":"Class \"Database\" not found","file":"/Applications/XAMPP/xamppfiles/htdocs/melina_hms/src/Api/Controllers/DashboardController.php","line":15}
[2026-02-01 01:15:17] [ERROR] API Error {"message":"Class \"Database\" not found","file":"/Applications/XAMPP/xamppfiles/htdocs/melina_hms/src/Api/Controllers/DashboardController.php","line":15}
[2026-02-01 01:15:17] [ERROR] API Error {"message":"Class \"Database\" not found","file":"/Applications/XAMPP/xamppfiles/htdocs/melina_hms/src/Api/Controllers/DashboardController.php","line":15}
[2026-02-01 01:15:17] [ERROR] API Error {"message":"Class \"Database\" not found","file":"/Applications/XAMPP/xamppfiles/htdocs/melina_hms/src/Api/Controllers/DashboardController.php","line":15}
[2026-02-01 01:15:17] [ERROR] API Error {"message":"Class \"Database\" not found","file":"/Applications/XAMPP/xamppfiles/htdocs/melina_hms/src/Api/Controllers/DashboardController.php","line":15}
[2026-02-01 01:15:17] [ERROR] API Error {"message":"Class \"Database\" not found","file":"/Applications/XAMPP/xamppfiles/htdocs/melina_hms/src/Api/Controllers/DashboardController.php","line":15}
[2026-02-01 01:15:17] [ERROR] API Error {"message":"Class \"Database\" not found","file":"/Applications/XAMPP/xamppfiles/htdocs/melina_hms/src/Api/Controllers/DashboardController.php","line":15}
[2026-02-01 01:15:53] [ERROR] API Error {"message":"Class \"Database\" not found","file":"/Applications/XAMPP/xamppfiles/htdocs/melina_hms/src/Api/Controllers/DashboardController.php","line":15}
[2026-02-01 01:16:51] [ERROR] API Error {"message":"Too few arguments to function App\\Api\\Controllers\\DashboardController::getStats(), 0 passed and exactly 1 expected","file":"/Applications/XAMPP/xamppfiles/htdocs/melina_hms/src/Api/Controllers/DashboardController.php","line":23}
[2026-02-01 01:16:51] [ERROR] API Error {"message":"Too few arguments to function App\\Api\\Controllers\\DashboardController::getPatientOverviewByAge(), 0 passed and exactly 1 expected","file":"/Applications/XAMPP/xamppfiles/htdocs/melina_hms/src/Api/Controllers/DashboardController.php","line":187}
[2026-02-01 01:16:51] [ERROR] API Error {"message":"Too few arguments to function App\\Api\\Controllers\\DashboardController::getRevenueChart(), 0 passed and exactly 1 expected","file":"/Applications/XAMPP/xamppfiles/htdocs/melina_hms/src/Api/Controllers/DashboardController.php","line":261}
[2026-02-01 01:16:51] [ERROR] API Error {"message":"Too few arguments to function App\\Api\\Controllers\\DashboardController::getPatientsByDepartment(), 0 passed and exactly 1 expected","file":"/Applications/XAMPP/xamppfiles/htdocs/melina_hms/src/Api/Controllers/DashboardController.php","line":360}
[2026-02-01 01:16:51] [ERROR] API Error {"message":"Too few arguments to function App\\Api\\Controllers\\DashboardController::getDoctorsSchedule(), 0 passed and exactly 1 expected","file":"/Applications/XAMPP/xamppfiles/htdocs/melina_hms/src/Api/Controllers/DashboardController.php","line":415}
[2026-02-01 01:16:51] [ERROR] API Error {"message":"Too few arguments to function App\\Api\\Controllers\\DashboardController::getReports(), 0 passed and exactly 1 expected","file":"/Applications/XAMPP/xamppfiles/htdocs/melina_hms/src/Api/Controllers/DashboardController.php","line":465}
[2026-02-01 01:16:51] [ERROR] API Error {"message":"Too few arguments to function App\\Api\\Controllers\\DashboardController::getAppointments(), 0 passed and exactly 1 expected","file":"/Applications/XAMPP/xamppfiles/htdocs/melina_hms/src/Api/Controllers/DashboardController.php","line":548}
[2026-02-01 01:16:51] [ERROR] API Error {"message":"Too few arguments to function App\\Api\\Controllers\\DashboardController::getRecentActivity(), 0 passed and exactly 1 expected","file":"/Applications/XAMPP/xamppfiles/htdocs/melina_hms/src/Api/Controllers/DashboardController.php","line":604}
[2026-02-01 01:16:51] [ERROR] API Error {"message":"Too few arguments to function App\\Api\\Controllers\\DashboardController::getCalendarEvents(), 0 passed and exactly 1 expected","file":"/Applications/XAMPP/xamppfiles/htdocs/melina_hms/src/Api/Controllers/DashboardController.php","line":719}
[2026-02-01 01:18:06] [ERROR] API Error {"message":"Too few arguments to function App\\Api\\Controllers\\DashboardController::getStats(), 0 passed and exactly 1 expected","file":"/Applications/XAMPP/xamppfiles/htdocs/melina_hms/src/Api/Controllers/DashboardController.php","line":23}
[2026-02-01 01:18:06] [ERROR] API Error {"message":"Too few arguments to function App\\Api\\Controllers\\DashboardController::getPatientOverviewByAge(), 0 passed and exactly 1 expected","file":"/Applications/XAMPP/xamppfiles/htdocs/melina_hms/src/Api/Controllers/DashboardController.php","line":187}
[2026-02-01 01:18:06] [ERROR] API Error {"message":"Too few arguments to function App\\Api\\Controllers\\DashboardController::getRevenueChart(), 0 passed and exactly 1 expected","file":"/Applications/XAMPP/xamppfiles/htdocs/melina_hms/src/Api/Controllers/DashboardController.php","line":261}
[2026-02-01 01:18:06] [ERROR] API Error {"message":"Too few arguments to function App\\Api\\Controllers\\DashboardController::getPatientsByDepartment(), 0 passed and exactly 1 expected","file":"/Applications/XAMPP/xamppfiles/htdocs/melina_hms/src/Api/Controllers/DashboardController.php","line":360}
[2026-02-01 01:18:06] [ERROR] API Error {"message":"Too few arguments to function App\\Api\\Controllers\\DashboardController::getDoctorsSchedule(), 0 passed and exactly 1 expected","file":"/Applications/XAMPP/xamppfiles/htdocs/melina_hms/src/Api/Controllers/DashboardController.php","line":415}
[2026-02-01 01:18:06] [ERROR] API Error {"message":"Too few arguments to function App\\Api\\Controllers\\DashboardController::getReports(), 0 passed and exactly 1 expected","file":"/Applications/XAMPP/xamppfiles/htdocs/melina_hms/src/Api/Controllers/DashboardController.php","line":465}
[2026-02-01 01:18:06] [ERROR] API Error {"message":"Too few arguments to function App\\Api\\Controllers\\DashboardController::getAppointments(), 0 passed and exactly 1 expected","file":"/Applications/XAMPP/xamppfiles/htdocs/melina_hms/src/Api/Controllers/DashboardController.php","line":548}
[2026-02-01 01:18:06] [ERROR] API Error {"message":"Too few arguments to function App\\Api\\Controllers\\DashboardController::getRecentActivity(), 0 passed and exactly 1 expected","file":"/Applications/XAMPP/xamppfiles/htdocs/melina_hms/src/Api/Controllers/DashboardController.php","line":604}
[2026-02-01 01:18:06] [ERROR] API Error {"message":"Too few arguments to function App\\Api\\Controllers\\DashboardController::getCalendarEvents(), 0 passed and exactly 1 expected","file":"/Applications/XAMPP/xamppfiles/htdocs/melina_hms/src/Api/Controllers/DashboardController.php","line":719}
[2026-02-01 01:18:24] [ERROR] API Error {"message":"Too few arguments to function App\\Api\\Controllers\\DashboardController::getStats(), 0 passed and exactly 1 expected","file":"/Applications/XAMPP/xamppfiles/htdocs/melina_hms/src/Api/Controllers/DashboardController.php","line":29}
[2026-02-01 01:18:24] [ERROR] API Error {"message":"Too few arguments to function App\\Api\\Controllers\\DashboardController::getPatientOverviewByAge(), 0 passed and exactly 1 expected","file":"/Applications/XAMPP/xamppfiles/htdocs/melina_hms/src/Api/Controllers/DashboardController.php","line":204}
[2026-02-01 01:18:24] [ERROR] API Error {"message":"Too few arguments to function App\\Api\\Controllers\\DashboardController::getRevenueChart(), 0 passed and exactly 1 expected","file":"/Applications/XAMPP/xamppfiles/htdocs/melina_hms/src/Api/Controllers/DashboardController.php","line":281}
[2026-02-01 01:18:24] [ERROR] API Error {"message":"Too few arguments to function App\\Api\\Controllers\\DashboardController::getPatientsByDepartment(), 0 passed and exactly 1 expected","file":"/Applications/XAMPP/xamppfiles/htdocs/melina_hms/src/Api/Controllers/DashboardController.php","line":373}
[2026-02-01 01:18:24] [ERROR] API Error {"message":"Too few arguments to function App\\Api\\Controllers\\DashboardController::getDoctorsSchedule(), 0 passed and exactly 1 expected","file":"/Applications/XAMPP/xamppfiles/htdocs/melina_hms/src/Api/Controllers/DashboardController.php","line":428}
[2026-02-01 01:18:24] [ERROR] API Error {"message":"Too few arguments to function App\\Api\\Controllers\\DashboardController::getReports(), 0 passed and exactly 1 expected","file":"/Applications/XAMPP/xamppfiles/htdocs/melina_hms/src/Api/Controllers/DashboardController.php","line":483}
[2026-02-01 01:18:24] [ERROR] API Error {"message":"Too few arguments to function App\\Api\\Controllers\\DashboardController::getAppointments(), 0 passed and exactly 1 expected","file":"/Applications/XAMPP/xamppfiles/htdocs/melina_hms/src/Api/Controllers/DashboardController.php","line":552}
[2026-02-01 01:18:24] [ERROR] API Error {"message":"Too few arguments to function App\\Api\\Controllers\\DashboardController::getRecentActivity(), 0 passed and exactly 1 expected","file":"/Applications/XAMPP/xamppfiles/htdocs/melina_hms/src/Api/Controllers/DashboardController.php","line":610}
[2026-02-01 01:18:24] [ERROR] API Error {"message":"Too few arguments to function App\\Api\\Controllers\\DashboardController::getCalendarEvents(), 0 passed and exactly 1 expected","file":"/Applications/XAMPP/xamppfiles/htdocs/melina_hms/src/Api/Controllers/DashboardController.php","line":674}
[2026-02-01 01:18:28] [ERROR] API Error {"message":"Too few arguments to function App\\Api\\Controllers\\DashboardController::getStats(), 0 passed and exactly 1 expected","file":"/Applications/XAMPP/xamppfiles/htdocs/melina_hms/src/Api/Controllers/DashboardController.php","line":29}
[2026-02-01 01:18:28] [ERROR] API Error {"message":"Too few arguments to function App\\Api\\Controllers\\DashboardController::getPatientOverviewByAge(), 0 passed and exactly 1 expected","file":"/Applications/XAMPP/xamppfiles/htdocs/melina_hms/src/Api/Controllers/DashboardController.php","line":204}
[2026-02-01 01:18:28] [ERROR] API Error {"message":"Too few arguments to function App\\Api\\Controllers\\DashboardController::getRevenueChart(), 0 passed and exactly 1 expected","file":"/Applications/XAMPP/xamppfiles/htdocs/melina_hms/src/Api/Controllers/DashboardController.php","line":281}
[2026-02-01 01:18:28] [ERROR] API Error {"message":"Too few arguments to function App\\Api\\Controllers\\DashboardController::getPatientsByDepartment(), 0 passed and exactly 1 expected","file":"/Applications/XAMPP/xamppfiles/htdocs/melina_hms/src/Api/Controllers/DashboardController.php","line":373}
[2026-02-01 01:18:28] [ERROR] API Error {"message":"Too few arguments to function App\\Api\\Controllers\\DashboardController::getDoctorsSchedule(), 0 passed and exactly 1 expected","file":"/Applications/XAMPP/xamppfiles/htdocs/melina_hms/src/Api/Controllers/DashboardController.php","line":428}
[2026-02-01 01:18:28] [ERROR] API Error {"message":"Too few arguments to function App\\Api\\Controllers\\DashboardController::getReports(), 0 passed and exactly 1 expected","file":"/Applications/XAMPP/xamppfiles/htdocs/melina_hms/src/Api/Controllers/DashboardController.php","line":483}
[2026-02-01 01:18:28] [ERROR] API Error {"message":"Too few arguments to function App\\Api\\Controllers\\DashboardController::getAppointments(), 0 passed and exactly 1 expected","file":"/Applications/XAMPP/xamppfiles/htdocs/melina_hms/src/Api/Controllers/DashboardController.php","line":552}
[2026-02-01 01:18:28] [ERROR] API Error {"message":"Too few arguments to function App\\Api\\Controllers\\DashboardController::getRecentActivity(), 0 passed and exactly 1 expected","file":"/Applications/XAMPP/xamppfiles/htdocs/melina_hms/src/Api/Controllers/DashboardController.php","line":610}
[2026-02-01 01:18:28] [ERROR] API Error {"message":"Too few arguments to function App\\Api\\Controllers\\DashboardController::getCalendarEvents(), 0 passed and exactly 1 expected","file":"/Applications/XAMPP/xamppfiles/htdocs/melina_hms/src/Api/Controllers/DashboardController.php","line":674}
[2026-02-01 01:18:47] [ERROR] API Error {"message":"Too few arguments to function App\\Api\\Controllers\\DashboardController::getStats(), 0 passed and exactly 1 expected","file":"/Applications/XAMPP/xamppfiles/htdocs/melina_hms/src/Api/Controllers/DashboardController.php","line":29}
[2026-02-01 01:19:41] [ERROR] API Error {"message":"Too few arguments to function App\\Api\\Controllers\\DashboardController::getStats(), 0 passed and exactly 1 expected","file":"/Applications/XAMPP/xamppfiles/htdocs/melina_hms/src/Api/Controllers/DashboardController.php","line":29}
[2026-02-01 01:43:24] [INFO] User logged in {"user_id":1,"username":"admin"}
[2026-02-01 01:48:20] [ERROR] Database connection (remote) failed {"error":"SQLSTATE[HY000] [1045] Access denied for user 'u602093072_melina'@'2405:201:e047:4823:2125:e4ec:d991:6649' (using password: YES)"}
[2026-02-01 01:48:20] [ERROR] API Error {"message":"SQLSTATE[HY000] [1045] Access denied for user 'u602093072_melina'@'2405:201:e047:4823:2125:e4ec:d991:6649' (using password: YES)","file":"/Applications/XAMPP/xamppfiles/htdocs/melina_hms/system/Database.php","line":68}
[2026-02-01 02:15:13] [ERROR] Uncaught Exception {"message":"View not found: patients.family","file":"/Applications/XAMPP/xamppfiles/htdocs/melina_hms/system/helpers.php","line":118}
[2026-02-01 02:15:13] [ERROR] Uncaught Exception {"message":"View not found: patients.family","file":"/Applications/XAMPP/xamppfiles/htdocs/melina_hms/system/helpers.php","line":118}
[2026-02-01 02:16:20] [ERROR] Uncaught Exception {"message":"View not found: patients.family","file":"/Applications/XAMPP/xamppfiles/htdocs/melina_hms/system/helpers.php","line":118}
