[2026-02-09 12:13:55] [INFO] User logged in {"user_id":1,"username":"admin"}
[2026-02-09 12:13:55] [ERROR] PHP Error {"message":"Undefined array key \"badge_source\"","file":"/Applications/XAMPP/xamppfiles/htdocs/melina_hms/src/views/layouts/partials/sidebar.php","line":66}
[2026-02-09 12:16:30] [ERROR] PHP Error {"message":"Undefined array key \"badge_source\"","file":"/Applications/XAMPP/xamppfiles/htdocs/melina_hms/src/views/layouts/partials/sidebar.php","line":66}
[2026-02-09 12:23:05] [ERROR] PHP Error {"message":"Undefined array key \"badge_source\"","file":"/Applications/XAMPP/xamppfiles/htdocs/melina_hms/src/views/layouts/partials/sidebar.php","line":66}
[2026-02-09 12:23:07] [ERROR] PHP Error {"message":"Undefined array key \"badge_source\"","file":"/Applications/XAMPP/xamppfiles/htdocs/melina_hms/src/views/layouts/partials/sidebar.php","line":66}
[2026-02-09 12:23:45] [ERROR] PHP Error {"message":"Undefined array key \"badge_source\"","file":"/Applications/XAMPP/xamppfiles/htdocs/melina_hms/src/views/layouts/partials/sidebar.php","line":66}
[2026-02-09 12:24:06] [ERROR] PHP Error {"message":"Undefined array key \"badge_source\"","file":"/Applications/XAMPP/xamppfiles/htdocs/melina_hms/src/views/layouts/partials/sidebar.php","line":66}
[2026-02-09 12:24:07] [ERROR] PHP Error {"message":"Undefined array key \"badge_source\"","file":"/Applications/XAMPP/xamppfiles/htdocs/melina_hms/src/views/layouts/partials/sidebar.php","line":66}
[2026-02-09 12:24:08] [ERROR] PHP Error {"message":"Undefined array key \"badge_source\"","file":"/Applications/XAMPP/xamppfiles/htdocs/melina_hms/src/views/layouts/partials/sidebar.php","line":66}
[2026-02-09 12:24:08] [ERROR] PHP Error {"message":"Undefined array key \"badge_source\"","file":"/Applications/XAMPP/xamppfiles/htdocs/melina_hms/src/views/layouts/partials/sidebar.php","line":66}
[2026-02-09 12:24:24] [ERROR] PHP Error {"message":"Undefined array key \"badge_source\"","file":"/Applications/XAMPP/xamppfiles/htdocs/melina_hms/src/views/layouts/partials/sidebar.php","line":66}
[2026-02-09 12:24:25] [ERROR] PHP Error {"message":"Undefined array key \"badge_source\"","file":"/Applications/XAMPP/xamppfiles/htdocs/melina_hms/src/views/layouts/partials/sidebar.php","line":66}
[2026-02-09 12:24:26] [ERROR] PHP Error {"message":"Undefined array key \"badge_source\"","file":"/Applications/XAMPP/xamppfiles/htdocs/melina_hms/src/views/layouts/partials/sidebar.php","line":66}
[2026-02-09 12:24:48] [ERROR] PHP Error {"message":"Undefined array key \"badge_source\"","file":"/Applications/XAMPP/xamppfiles/htdocs/melina_hms/src/views/layouts/partials/sidebar.php","line":66}
[2026-02-09 12:24:51] [ERROR] PHP Error {"message":"Undefined array key \"badge_source\"","file":"/Applications/XAMPP/xamppfiles/htdocs/melina_hms/src/views/layouts/partials/sidebar.php","line":66}
[2026-02-09 12:25:25] [ERROR] PHP Error {"message":"Undefined array key \"badge_source\"","file":"/Applications/XAMPP/xamppfiles/htdocs/melina_hms/src/views/layouts/partials/sidebar.php","line":66}
[2026-02-09 12:25:42] [ERROR] PHP Error {"message":"Undefined array key \"badge_source\"","file":"/Applications/XAMPP/xamppfiles/htdocs/melina_hms/src/views/layouts/partials/sidebar.php","line":66}
[2026-02-09 12:25:59] [INFO] User logged in {"user_id":1,"username":"admin"}
[2026-02-09 12:27:57] [INFO] User logged in {"user_id":1,"username":"admin"}
[2026-02-09 12:27:57] [ERROR] PHP Error {"message":"Undefined array key \"badge_source\"","file":"/Applications/XAMPP/xamppfiles/htdocs/melina_hms/src/views/layouts/partials/sidebar.php","line":66}
[2026-02-09 12:28:28] [ERROR] PHP Error {"message":"Undefined array key \"badge_source\"","file":"/Applications/XAMPP/xamppfiles/htdocs/melina_hms/src/views/layouts/partials/sidebar.php","line":66}
[2026-02-09 12:28:29] [ERROR] PHP Error {"message":"Undefined array key \"badge_source\"","file":"/Applications/XAMPP/xamppfiles/htdocs/melina_hms/src/views/layouts/partials/sidebar.php","line":66}
[2026-02-09 12:28:47] [ERROR] PHP Error {"message":"Undefined array key \"badge_source\"","file":"/Applications/XAMPP/xamppfiles/htdocs/melina_hms/src/views/layouts/partials/sidebar.php","line":66}
[2026-02-09 12:29:26] [ERROR] PHP Error {"message":"Undefined array key \"badge_source\"","file":"/Applications/XAMPP/xamppfiles/htdocs/melina_hms/src/views/layouts/partials/sidebar.php","line":66}
[2026-02-09 12:29:32] [INFO] User logged in {"user_id":1,"username":"admin"}
[2026-02-09 12:29:35] [INFO] User logged in {"user_id":1,"username":"admin"}
[2026-02-09 12:29:35] [ERROR] PHP Error {"message":"Undefined array key \"badge_source\"","file":"/Applications/XAMPP/xamppfiles/htdocs/melina_hms/src/views/layouts/partials/sidebar.php","line":66}
[2026-02-09 12:29:38] [ERROR] PHP Error {"message":"Undefined array key \"badge_source\"","file":"/Applications/XAMPP/xamppfiles/htdocs/melina_hms/src/views/layouts/partials/sidebar.php","line":66}
[2026-02-09 12:31:12] [ERROR] PHP Error {"message":"Undefined array key \"badge_source\"","file":"/Applications/XAMPP/xamppfiles/htdocs/melina_hms/src/views/layouts/partials/sidebar.php","line":66}
[2026-02-09 12:32:17] [ERROR] PHP Error {"message":"Undefined array key \"badge_source\"","file":"/Applications/XAMPP/xamppfiles/htdocs/melina_hms/src/views/layouts/partials/sidebar.php","line":66}
[2026-02-09 12:32:41] [ERROR] PHP Error {"message":"Undefined array key \"badge_source\"","file":"/Applications/XAMPP/xamppfiles/htdocs/melina_hms/src/views/layouts/partials/sidebar.php","line":66}
[2026-02-09 12:32:46] [ERROR] PHP Error {"message":"Undefined array key \"badge_source\"","file":"/Applications/XAMPP/xamppfiles/htdocs/melina_hms/src/views/layouts/partials/sidebar.php","line":66}
[2026-02-09 12:32:49] [ERROR] PHP Error {"message":"Undefined array key \"badge_source\"","file":"/Applications/XAMPP/xamppfiles/htdocs/melina_hms/src/views/layouts/partials/sidebar.php","line":66}
[2026-02-09 12:32:49] [ERROR] PHP Error {"message":"Undefined array key \"badge_source\"","file":"/Applications/XAMPP/xamppfiles/htdocs/melina_hms/src/views/layouts/partials/sidebar.php","line":66}
[2026-02-09 12:32:50] [ERROR] PHP Error {"message":"Undefined array key \"badge_source\"","file":"/Applications/XAMPP/xamppfiles/htdocs/melina_hms/src/views/layouts/partials/sidebar.php","line":66}
[2026-02-09 12:32:50] [ERROR] PHP Error {"message":"Undefined array key \"badge_source\"","file":"/Applications/XAMPP/xamppfiles/htdocs/melina_hms/src/views/layouts/partials/sidebar.php","line":66}
[2026-02-09 12:32:51] [ERROR] PHP Error {"message":"Undefined array key \"badge_source\"","file":"/Applications/XAMPP/xamppfiles/htdocs/melina_hms/src/views/layouts/partials/sidebar.php","line":66}
[2026-02-09 12:32:51] [ERROR] PHP Error {"message":"Undefined array key \"badge_source\"","file":"/Applications/XAMPP/xamppfiles/htdocs/melina_hms/src/views/layouts/partials/sidebar.php","line":66}
[2026-02-09 12:32:51] [ERROR] PHP Error {"message":"Undefined array key \"badge_source\"","file":"/Applications/XAMPP/xamppfiles/htdocs/melina_hms/src/views/layouts/partials/sidebar.php","line":66}
[2026-02-09 12:32:52] [ERROR] PHP Error {"message":"Undefined array key \"badge_source\"","file":"/Applications/XAMPP/xamppfiles/htdocs/melina_hms/src/views/layouts/partials/sidebar.php","line":66}
[2026-02-09 12:32:52] [ERROR] PHP Error {"message":"Undefined array key \"badge_source\"","file":"/Applications/XAMPP/xamppfiles/htdocs/melina_hms/src/views/layouts/partials/sidebar.php","line":66}
[2026-02-09 12:32:52] [ERROR] PHP Error {"message":"Undefined array key \"badge_source\"","file":"/Applications/XAMPP/xamppfiles/htdocs/melina_hms/src/views/layouts/partials/sidebar.php","line":66}
[2026-02-09 12:32:52] [ERROR] PHP Error {"message":"Undefined array key \"badge_source\"","file":"/Applications/XAMPP/xamppfiles/htdocs/melina_hms/src/views/layouts/partials/sidebar.php","line":66}
[2026-02-09 12:32:53] [ERROR] PHP Error {"message":"Undefined array key \"badge_source\"","file":"/Applications/XAMPP/xamppfiles/htdocs/melina_hms/src/views/layouts/partials/sidebar.php","line":66}
[2026-02-09 12:32:53] [ERROR] PHP Error {"message":"Undefined array key \"badge_source\"","file":"/Applications/XAMPP/xamppfiles/htdocs/melina_hms/src/views/layouts/partials/sidebar.php","line":66}
[2026-02-09 12:32:53] [ERROR] PHP Error {"message":"Undefined array key \"badge_source\"","file":"/Applications/XAMPP/xamppfiles/htdocs/melina_hms/src/views/layouts/partials/sidebar.php","line":66}
[2026-02-09 12:32:53] [ERROR] PHP Error {"message":"Undefined array key \"badge_source\"","file":"/Applications/XAMPP/xamppfiles/htdocs/melina_hms/src/views/layouts/partials/sidebar.php","line":66}
[2026-02-09 12:32:54] [ERROR] PHP Error {"message":"Undefined array key \"badge_source\"","file":"/Applications/XAMPP/xamppfiles/htdocs/melina_hms/src/views/layouts/partials/sidebar.php","line":66}
[2026-02-09 12:32:54] [ERROR] PHP Error {"message":"Undefined array key \"badge_source\"","file":"/Applications/XAMPP/xamppfiles/htdocs/melina_hms/src/views/layouts/partials/sidebar.php","line":66}
[2026-02-09 12:32:54] [ERROR] PHP Error {"message":"Undefined array key \"badge_source\"","file":"/Applications/XAMPP/xamppfiles/htdocs/melina_hms/src/views/layouts/partials/sidebar.php","line":66}
[2026-02-09 12:32:54] [ERROR] PHP Error {"message":"Undefined array key \"badge_source\"","file":"/Applications/XAMPP/xamppfiles/htdocs/melina_hms/src/views/layouts/partials/sidebar.php","line":66}
[2026-02-09 12:32:54] [ERROR] PHP Error {"message":"Undefined array key \"badge_source\"","file":"/Applications/XAMPP/xamppfiles/htdocs/melina_hms/src/views/layouts/partials/sidebar.php","line":66}
[2026-02-09 12:32:55] [ERROR] PHP Error {"message":"Undefined array key \"badge_source\"","file":"/Applications/XAMPP/xamppfiles/htdocs/melina_hms/src/views/layouts/partials/sidebar.php","line":66}
[2026-02-09 12:32:55] [ERROR] PHP Error {"message":"Undefined array key \"badge_source\"","file":"/Applications/XAMPP/xamppfiles/htdocs/melina_hms/src/views/layouts/partials/sidebar.php","line":66}
[2026-02-09 12:32:55] [ERROR] PHP Error {"message":"Undefined array key \"badge_source\"","file":"/Applications/XAMPP/xamppfiles/htdocs/melina_hms/src/views/layouts/partials/sidebar.php","line":66}
[2026-02-09 12:32:55] [ERROR] PHP Error {"message":"Undefined array key \"badge_source\"","file":"/Applications/XAMPP/xamppfiles/htdocs/melina_hms/src/views/layouts/partials/sidebar.php","line":66}
[2026-02-09 12:32:55] [ERROR] PHP Error {"message":"Undefined array key \"badge_source\"","file":"/Applications/XAMPP/xamppfiles/htdocs/melina_hms/src/views/layouts/partials/sidebar.php","line":66}
[2026-02-09 12:32:56] [ERROR] PHP Error {"message":"Undefined array key \"badge_source\"","file":"/Applications/XAMPP/xamppfiles/htdocs/melina_hms/src/views/layouts/partials/sidebar.php","line":66}
[2026-02-09 12:32:56] [ERROR] PHP Error {"message":"Undefined array key \"badge_source\"","file":"/Applications/XAMPP/xamppfiles/htdocs/melina_hms/src/views/layouts/partials/sidebar.php","line":66}
[2026-02-09 12:33:06] [ERROR] PHP Error {"message":"Undefined array key \"badge_source\"","file":"/Applications/XAMPP/xamppfiles/htdocs/melina_hms/src/views/layouts/partials/sidebar.php","line":66}
[2026-02-09 12:33:07] [ERROR] PHP Error {"message":"Undefined array key \"badge_source\"","file":"/Applications/XAMPP/xamppfiles/htdocs/melina_hms/src/views/layouts/partials/sidebar.php","line":66}
[2026-02-09 12:34:18] [ERROR] PHP Error {"message":"Undefined array key \"badge_source\"","file":"/Applications/XAMPP/xamppfiles/htdocs/melina_hms/src/views/layouts/partials/sidebar.php","line":66}
[2026-02-09 12:34:44] [ERROR] PHP Error {"message":"Undefined array key \"badge_source\"","file":"/Applications/XAMPP/xamppfiles/htdocs/melina_hms/src/views/layouts/partials/sidebar.php","line":66}
[2026-02-09 12:35:27] [ERROR] PHP Error {"message":"Undefined array key \"badge_source\"","file":"/Applications/XAMPP/xamppfiles/htdocs/melina_hms/src/views/layouts/partials/sidebar.php","line":66}
[2026-02-09 12:35:42] [ERROR] PHP Error {"message":"Undefined array key \"badge_source\"","file":"/Applications/XAMPP/xamppfiles/htdocs/melina_hms/src/views/layouts/partials/sidebar.php","line":66}
[2026-02-09 12:35:47] [INFO] User logged in {"user_id":1,"username":"admin"}
[2026-02-09 12:35:56] [INFO] User logged in {"user_id":1,"username":"admin"}
[2026-02-09 12:35:56] [ERROR] PHP Error {"message":"Undefined array key \"badge_source\"","file":"/Applications/XAMPP/xamppfiles/htdocs/melina_hms/src/views/layouts/partials/sidebar.php","line":66}
[2026-02-09 12:36:04] [INFO] User logged in {"user_id":1,"username":"admin"}
[2026-02-09 12:38:12] [INFO] User logged in {"user_id":1,"username":"admin"}
[2026-02-09 12:38:12] [ERROR] PHP Error {"message":"Undefined array key \"badge_source\"","file":"/Applications/XAMPP/xamppfiles/htdocs/melina_hms/src/views/layouts/partials/sidebar.php","line":66}
[2026-02-09 12:38:17] [INFO] User logged in {"user_id":1,"username":"admin"}
[2026-02-09 12:38:26] [INFO] User logged in {"user_id":1,"username":"admin"}
[2026-02-09 12:38:26] [ERROR] PHP Error {"message":"Undefined array key \"badge_source\"","file":"/Applications/XAMPP/xamppfiles/htdocs/melina_hms/src/views/layouts/partials/sidebar.php","line":66}
[2026-02-09 12:38:32] [INFO] User logged in {"user_id":1,"username":"admin"}
[2026-02-09 12:38:57] [INFO] User logged in {"user_id":1,"username":"admin"}
[2026-02-09 12:38:57] [ERROR] PHP Error {"message":"Undefined array key \"badge_source\"","file":"/Applications/XAMPP/xamppfiles/htdocs/melina_hms/src/views/layouts/partials/sidebar.php","line":66}
[2026-02-09 12:39:02] [INFO] User logged in {"user_id":1,"username":"admin"}
[2026-02-09 12:40:29] [INFO] User logged in {"user_id":1,"username":"admin"}
[2026-02-09 12:40:29] [ERROR] PHP Error {"message":"Undefined array key \"badge_source\"","file":"/Applications/XAMPP/xamppfiles/htdocs/melina_hms/src/views/layouts/partials/sidebar.php","line":66}
[2026-02-09 12:40:34] [INFO] User logged in {"user_id":1,"username":"admin"}
[2026-02-09 12:40:34] [ERROR] PHP Error {"message":"Undefined array key \"badge_source\"","file":"/Applications/XAMPP/xamppfiles/htdocs/melina_hms/src/views/layouts/partials/sidebar.php","line":66}
[2026-02-09 12:40:43] [INFO] User logged in {"user_id":1,"username":"admin"}
[2026-02-09 12:40:43] [ERROR] PHP Error {"message":"Undefined array key \"badge_source\"","file":"/Applications/XAMPP/xamppfiles/htdocs/melina_hms/src/views/layouts/partials/sidebar.php","line":66}
[2026-02-09 12:40:46] [ERROR] PHP Error {"message":"Undefined array key \"badge_source\"","file":"/Applications/XAMPP/xamppfiles/htdocs/melina_hms/src/views/layouts/partials/sidebar.php","line":66}
[2026-02-09 12:40:47] [ERROR] PHP Error {"message":"Undefined array key \"badge_source\"","file":"/Applications/XAMPP/xamppfiles/htdocs/melina_hms/src/views/layouts/partials/sidebar.php","line":66}
[2026-02-09 12:40:48] [ERROR] PHP Error {"message":"Undefined array key \"badge_source\"","file":"/Applications/XAMPP/xamppfiles/htdocs/melina_hms/src/views/layouts/partials/sidebar.php","line":66}
[2026-02-09 12:40:51] [ERROR] PHP Error {"message":"Undefined array key \"badge_source\"","file":"/Applications/XAMPP/xamppfiles/htdocs/melina_hms/src/views/layouts/partials/sidebar.php","line":66}
[2026-02-09 12:40:52] [ERROR] PHP Error {"message":"Undefined array key \"badge_source\"","file":"/Applications/XAMPP/xamppfiles/htdocs/melina_hms/src/views/layouts/partials/sidebar.php","line":66}
[2026-02-09 12:40:58] [ERROR] PHP Error {"message":"Undefined array key \"badge_source\"","file":"/Applications/XAMPP/xamppfiles/htdocs/melina_hms/src/views/layouts/partials/sidebar.php","line":66}
[2026-02-09 12:41:01] [ERROR] PHP Error {"message":"Undefined array key \"badge_source\"","file":"/Applications/XAMPP/xamppfiles/htdocs/melina_hms/src/views/layouts/partials/sidebar.php","line":66}
[2026-02-09 12:41:02] [INFO] Melina Products - Environment Check {"REMOTE_DB_HOST":"srv971.hstgr.io","REMOTE_DB_DATABASE":"u602093072_melina","REMOTE_DB_USERNAME":"u602093072_melina","REMOTE_DB_PASSWORD":"***SET***"}
[2026-02-09 12:41:02] [INFO] Remote DB Connection Attempt {"host":"srv971.hstgr.io","port":"3306","database":"u602093072_melina","username":"u602093072_melina","password_length":15,"password_last_3":"!@#"}
[2026-02-09 12:41:04] [INFO] Melina products fetched successfully {"count":18,"search":""}
[2026-02-09 12:41:06] [INFO] Melina Products - Environment Check {"REMOTE_DB_HOST":"srv971.hstgr.io","REMOTE_DB_DATABASE":"u602093072_melina","REMOTE_DB_USERNAME":"u602093072_melina","REMOTE_DB_PASSWORD":"***SET***"}
[2026-02-09 12:41:06] [INFO] Remote DB Connection Attempt {"host":"srv971.hstgr.io","port":"3306","database":"u602093072_melina","username":"u602093072_melina","password_length":15,"password_last_3":"!@#"}
[2026-02-09 12:41:06] [INFO] Melina products fetched successfully {"count":18,"search":""}
[2026-02-09 12:41:09] [ERROR] PHP Error {"message":"Undefined array key \"badge_source\"","file":"/Applications/XAMPP/xamppfiles/htdocs/melina_hms/src/views/layouts/partials/sidebar.php","line":66}
[2026-02-09 12:41:16] [INFO] User logged in {"user_id":1,"username":"admin"}
[2026-02-09 12:41:16] [ERROR] PHP Error {"message":"Undefined array key \"badge_source\"","file":"/Applications/XAMPP/xamppfiles/htdocs/melina_hms/src/views/layouts/partials/sidebar.php","line":66}
[2026-02-09 12:43:12] [ERROR] PHP Error {"message":"Undefined array key \"badge_source\"","file":"/Applications/XAMPP/xamppfiles/htdocs/melina_hms/src/views/layouts/partials/sidebar.php","line":66}
[2026-02-09 13:23:12] [ERROR] PHP Error {"message":"Undefined array key \"badge_source\"","file":"/Applications/XAMPP/xamppfiles/htdocs/melina_hms/src/views/layouts/partials/sidebar.php","line":66}
[2026-02-09 13:27:35] [ERROR] PHP Error {"message":"Undefined array key \"badge_source\"","file":"/Applications/XAMPP/xamppfiles/htdocs/melina_hms/src/views/layouts/partials/sidebar.php","line":66}
[2026-02-09 13:27:37] [ERROR] PHP Error {"message":"Undefined array key \"badge_source\"","file":"/Applications/XAMPP/xamppfiles/htdocs/melina_hms/src/views/layouts/partials/sidebar.php","line":66}
[2026-02-09 13:31:32] [ERROR] PHP Error {"message":"Undefined array key \"badge_source\"","file":"/Applications/XAMPP/xamppfiles/htdocs/melina_hms/src/views/layouts/partials/sidebar.php","line":66}
[2026-02-09 13:31:35] [ERROR] PHP Error {"message":"Undefined array key \"badge_source\"","file":"/Applications/XAMPP/xamppfiles/htdocs/melina_hms/src/views/layouts/partials/sidebar.php","line":66}
[2026-02-09 13:35:47] [ERROR] PHP Error {"message":"Undefined array key \"badge_source\"","file":"/Applications/XAMPP/xamppfiles/htdocs/melina_hms/src/views/layouts/partials/sidebar.php","line":66}
[2026-02-09 13:36:18] [ERROR] PHP Error {"message":"Undefined array key \"badge_source\"","file":"/Applications/XAMPP/xamppfiles/htdocs/melina_hms/src/views/layouts/partials/sidebar.php","line":66}
[2026-02-09 13:36:23] [ERROR] PHP Error {"message":"Undefined array key \"badge_source\"","file":"/Applications/XAMPP/xamppfiles/htdocs/melina_hms/src/views/layouts/partials/sidebar.php","line":66}
[2026-02-09 13:36:25] [ERROR] PHP Error {"message":"Undefined array key \"badge_source\"","file":"/Applications/XAMPP/xamppfiles/htdocs/melina_hms/src/views/layouts/partials/sidebar.php","line":66}
[2026-02-09 13:36:29] [ERROR] PHP Error {"message":"Undefined array key \"badge_source\"","file":"/Applications/XAMPP/xamppfiles/htdocs/melina_hms/src/views/layouts/partials/sidebar.php","line":66}
[2026-02-09 13:36:37] [ERROR] PHP Error {"message":"Undefined array key \"badge_source\"","file":"/Applications/XAMPP/xamppfiles/htdocs/melina_hms/src/views/layouts/partials/sidebar.php","line":66}
[2026-02-09 13:36:58] [ERROR] PHP Error {"message":"Undefined array key \"badge_source\"","file":"/Applications/XAMPP/xamppfiles/htdocs/melina_hms/src/views/layouts/partials/sidebar.php","line":66}
[2026-02-09 13:38:23] [ERROR] PHP Error {"message":"Undefined array key \"badge_source\"","file":"/Applications/XAMPP/xamppfiles/htdocs/melina_hms/src/views/layouts/partials/sidebar.php","line":66}
[2026-02-09 13:38:44] [INFO] WhatsApp API Request: {"url":"https:\/\/billmsg.com\/api\/send\/whatsapp","recipient":"919952048535","type":"text","has_file":false,"has_url":false,"fields":"secret, account, recipient, type, message, priority"}
[2026-02-09 13:38:44] [INFO] WhatsApp API Response Status: 200
[2026-02-09 13:38:44] [INFO] WhatsApp API Response Body: {"status":200,"message":"WhatsApp chat has been sent!","data":{"messageId":"3680"}}
[2026-02-09 13:38:45] [INFO] WhatsApp API Request: {"url":"https:\/\/billmsg.com\/api\/send\/whatsapp","recipient":"919952048535","type":"text","has_file":false,"has_url":false,"fields":"secret, account, recipient, type, message, priority"}
[2026-02-09 13:38:45] [INFO] WhatsApp API Response Status: 200
[2026-02-09 13:38:45] [INFO] WhatsApp API Response Body: {"status":200,"message":"WhatsApp chat has been sent!","data":{"messageId":"3681"}}
[2026-02-09 13:38:47] [ERROR] PHP Error {"message":"Undefined array key \"badge_source\"","file":"/Applications/XAMPP/xamppfiles/htdocs/melina_hms/src/views/layouts/partials/sidebar.php","line":66}
[2026-02-09 13:38:56] [ERROR] PHP Error {"message":"Undefined array key \"badge_source\"","file":"/Applications/XAMPP/xamppfiles/htdocs/melina_hms/src/views/layouts/partials/sidebar.php","line":66}
[2026-02-09 13:39:10] [ERROR] PHP Error {"message":"Undefined array key \"badge_source\"","file":"/Applications/XAMPP/xamppfiles/htdocs/melina_hms/src/views/layouts/partials/sidebar.php","line":66}
[2026-02-09 13:40:15] [ERROR] PHP Error {"message":"Undefined array key \"badge_source\"","file":"/Applications/XAMPP/xamppfiles/htdocs/melina_hms/src/views/layouts/partials/sidebar.php","line":66}
[2026-02-09 13:40:31] [ERROR] PHP Error {"message":"Undefined array key \"badge_source\"","file":"/Applications/XAMPP/xamppfiles/htdocs/melina_hms/src/views/layouts/partials/sidebar.php","line":66}
[2026-02-09 13:40:47] [ERROR] PHP Error {"message":"Undefined array key \"badge_source\"","file":"/Applications/XAMPP/xamppfiles/htdocs/melina_hms/src/views/layouts/partials/sidebar.php","line":66}
[2026-02-09 13:40:59] [ERROR] PHP Error {"message":"Undefined array key \"badge_source\"","file":"/Applications/XAMPP/xamppfiles/htdocs/melina_hms/src/views/layouts/partials/sidebar.php","line":66}
[2026-02-09 13:41:08] [ERROR] PHP Error {"message":"Undefined array key \"badge_source\"","file":"/Applications/XAMPP/xamppfiles/htdocs/melina_hms/src/views/layouts/partials/sidebar.php","line":66}
[2026-02-09 13:41:19] [ERROR] PHP Error {"message":"Undefined array key \"badge_source\"","file":"/Applications/XAMPP/xamppfiles/htdocs/melina_hms/src/views/layouts/partials/sidebar.php","line":66}
[2026-02-09 13:41:20] [ERROR] PHP Error {"message":"Undefined array key \"badge_source\"","file":"/Applications/XAMPP/xamppfiles/htdocs/melina_hms/src/views/layouts/partials/sidebar.php","line":66}
[2026-02-09 18:19:04] [INFO] User logged in {"user_id":1,"username":"admin"}
[2026-02-09 18:19:04] [ERROR] PHP Error {"message":"Undefined array key \"badge_source\"","file":"/Applications/XAMPP/xamppfiles/htdocs/melina_hms/src/views/layouts/partials/sidebar.php","line":66}
[2026-02-09 18:19:07] [ERROR] PHP Error {"message":"Undefined array key \"badge_source\"","file":"/Applications/XAMPP/xamppfiles/htdocs/melina_hms/src/views/layouts/partials/sidebar.php","line":66}
[2026-02-09 18:24:28] [ERROR] PHP Error {"message":"Undefined array key \"badge_source\"","file":"/Applications/XAMPP/xamppfiles/htdocs/melina_hms/src/views/layouts/partials/sidebar.php","line":66}
[2026-02-09 18:24:35] [ERROR] PHP Error {"message":"Undefined array key \"badge_source\"","file":"/Applications/XAMPP/xamppfiles/htdocs/melina_hms/src/views/layouts/partials/sidebar.php","line":66}
[2026-02-09 18:24:35] [ERROR] PHP Error {"message":"Undefined array key \"badge_source\"","file":"/Applications/XAMPP/xamppfiles/htdocs/melina_hms/src/views/layouts/partials/sidebar.php","line":66}
[2026-02-09 18:24:39] [ERROR] PHP Error {"message":"Undefined array key \"badge_source\"","file":"/Applications/XAMPP/xamppfiles/htdocs/melina_hms/src/views/layouts/partials/sidebar.php","line":66}
[2026-02-09 18:24:41] [ERROR] PHP Error {"message":"Undefined array key \"badge_source\"","file":"/Applications/XAMPP/xamppfiles/htdocs/melina_hms/src/views/layouts/partials/sidebar.php","line":66}
[2026-02-09 18:24:46] [ERROR] PHP Error {"message":"Undefined array key \"badge_source\"","file":"/Applications/XAMPP/xamppfiles/htdocs/melina_hms/src/views/layouts/partials/sidebar.php","line":66}
[2026-02-09 18:24:47] [ERROR] PHP Error {"message":"Undefined array key \"badge_source\"","file":"/Applications/XAMPP/xamppfiles/htdocs/melina_hms/src/views/layouts/partials/sidebar.php","line":66}
[2026-02-09 18:25:18] [ERROR] PHP Error {"message":"Undefined array key \"badge_source\"","file":"/Applications/XAMPP/xamppfiles/htdocs/melina_hms/src/views/layouts/partials/sidebar.php","line":66}
[2026-02-09 18:25:20] [ERROR] PHP Error {"message":"Undefined array key \"badge_source\"","file":"/Applications/XAMPP/xamppfiles/htdocs/melina_hms/src/views/layouts/partials/sidebar.php","line":66}
[2026-02-09 18:25:21] [ERROR] PHP Error {"message":"Undefined array key \"badge_source\"","file":"/Applications/XAMPP/xamppfiles/htdocs/melina_hms/src/views/layouts/partials/sidebar.php","line":66}
[2026-02-09 18:25:25] [ERROR] PHP Error {"message":"Undefined array key \"badge_source\"","file":"/Applications/XAMPP/xamppfiles/htdocs/melina_hms/src/views/layouts/partials/sidebar.php","line":66}
[2026-02-09 18:25:26] [ERROR] PHP Error {"message":"Undefined array key \"badge_source\"","file":"/Applications/XAMPP/xamppfiles/htdocs/melina_hms/src/views/layouts/partials/sidebar.php","line":66}
[2026-02-09 18:25:31] [ERROR] PHP Error {"message":"Undefined array key \"badge_source\"","file":"/Applications/XAMPP/xamppfiles/htdocs/melina_hms/src/views/layouts/partials/sidebar.php","line":66}
[2026-02-09 18:25:32] [ERROR] PHP Error {"message":"Undefined array key \"badge_source\"","file":"/Applications/XAMPP/xamppfiles/htdocs/melina_hms/src/views/layouts/partials/sidebar.php","line":66}
[2026-02-09 18:25:41] [ERROR] PHP Error {"message":"Undefined array key \"badge_source\"","file":"/Applications/XAMPP/xamppfiles/htdocs/melina_hms/src/views/layouts/partials/sidebar.php","line":66}
[2026-02-09 18:25:42] [ERROR] PHP Error {"message":"Undefined array key \"badge_source\"","file":"/Applications/XAMPP/xamppfiles/htdocs/melina_hms/src/views/layouts/partials/sidebar.php","line":66}
[2026-02-09 18:25:45] [ERROR] PHP Error {"message":"Undefined array key \"badge_source\"","file":"/Applications/XAMPP/xamppfiles/htdocs/melina_hms/src/views/layouts/partials/sidebar.php","line":66}
[2026-02-09 18:26:09] [ERROR] PHP Error {"message":"Undefined array key \"badge_source\"","file":"/Applications/XAMPP/xamppfiles/htdocs/melina_hms/src/views/layouts/partials/sidebar.php","line":66}
[2026-02-09 18:26:11] [ERROR] PHP Error {"message":"Undefined array key \"badge_source\"","file":"/Applications/XAMPP/xamppfiles/htdocs/melina_hms/src/views/layouts/partials/sidebar.php","line":66}
[2026-02-09 18:26:46] [ERROR] PHP Error {"message":"Undefined array key \"badge_source\"","file":"/Applications/XAMPP/xamppfiles/htdocs/melina_hms/src/views/layouts/partials/sidebar.php","line":66}
[2026-02-09 18:28:59] [ERROR] PHP Error {"message":"Undefined array key \"badge_source\"","file":"/Applications/XAMPP/xamppfiles/htdocs/melina_hms/src/views/layouts/partials/sidebar.php","line":66}
[2026-02-09 18:29:03] [ERROR] PHP Error {"message":"Undefined array key \"badge_source\"","file":"/Applications/XAMPP/xamppfiles/htdocs/melina_hms/src/views/layouts/partials/sidebar.php","line":66}
[2026-02-09 18:29:07] [ERROR] PHP Error {"message":"Undefined array key \"badge_source\"","file":"/Applications/XAMPP/xamppfiles/htdocs/melina_hms/src/views/layouts/partials/sidebar.php","line":66}
[2026-02-09 18:29:20] [INFO] User logged in {"user_id":1,"username":"admin"}
[2026-02-09 18:29:22] [INFO] User logged in {"user_id":1,"username":"admin"}
[2026-02-09 18:29:22] [ERROR] PHP Error {"message":"Undefined array key \"badge_source\"","file":"/Applications/XAMPP/xamppfiles/htdocs/melina_hms/src/views/layouts/partials/sidebar.php","line":66}
[2026-02-09 18:29:28] [INFO] User logged in {"user_id":1,"username":"admin"}
[2026-02-09 18:29:28] [ERROR] PHP Error {"message":"Undefined array key \"badge_source\"","file":"/Applications/XAMPP/xamppfiles/htdocs/melina_hms/src/views/layouts/partials/sidebar.php","line":66}
[2026-02-09 18:31:32] [ERROR] PHP Error {"message":"Undefined array key \"badge_source\"","file":"/Applications/XAMPP/xamppfiles/htdocs/melina_hms/src/views/layouts/partials/sidebar.php","line":66}
[2026-02-09 18:31:34] [ERROR] PHP Error {"message":"Undefined array key \"badge_source\"","file":"/Applications/XAMPP/xamppfiles/htdocs/melina_hms/src/views/layouts/partials/sidebar.php","line":66}
[2026-02-09 18:31:36] [ERROR] PHP Error {"message":"Undefined array key \"badge_source\"","file":"/Applications/XAMPP/xamppfiles/htdocs/melina_hms/src/views/layouts/partials/sidebar.php","line":66}
[2026-02-09 18:31:39] [ERROR] PHP Error {"message":"Undefined array key \"badge_source\"","file":"/Applications/XAMPP/xamppfiles/htdocs/melina_hms/src/views/layouts/partials/sidebar.php","line":66}
[2026-02-09 18:31:47] [ERROR] PHP Error {"message":"Undefined array key \"badge_source\"","file":"/Applications/XAMPP/xamppfiles/htdocs/melina_hms/src/views/layouts/partials/sidebar.php","line":66}
[2026-02-09 18:31:53] [ERROR] PHP Error {"message":"Undefined array key \"badge_source\"","file":"/Applications/XAMPP/xamppfiles/htdocs/melina_hms/src/views/layouts/partials/sidebar.php","line":66}
[2026-02-09 18:31:56] [ERROR] PHP Error {"message":"Undefined array key \"badge_source\"","file":"/Applications/XAMPP/xamppfiles/htdocs/melina_hms/src/views/layouts/partials/sidebar.php","line":66}
[2026-02-09 18:32:01] [ERROR] PHP Error {"message":"Undefined array key \"badge_source\"","file":"/Applications/XAMPP/xamppfiles/htdocs/melina_hms/src/views/layouts/partials/sidebar.php","line":66}
[2026-02-09 18:32:05] [ERROR] PHP Error {"message":"Undefined array key \"badge_source\"","file":"/Applications/XAMPP/xamppfiles/htdocs/melina_hms/src/views/layouts/partials/sidebar.php","line":66}
[2026-02-09 18:32:07] [ERROR] PHP Error {"message":"Undefined array key \"badge_source\"","file":"/Applications/XAMPP/xamppfiles/htdocs/melina_hms/src/views/layouts/partials/sidebar.php","line":66}
[2026-02-09 18:32:41] [ERROR] PHP Error {"message":"Undefined array key \"badge_source\"","file":"/Applications/XAMPP/xamppfiles/htdocs/melina_hms/src/views/layouts/partials/sidebar.php","line":66}
[2026-02-09 18:32:44] [ERROR] PHP Error {"message":"Undefined array key \"badge_source\"","file":"/Applications/XAMPP/xamppfiles/htdocs/melina_hms/src/views/layouts/partials/sidebar.php","line":66}
[2026-02-09 18:32:46] [ERROR] PHP Error {"message":"Undefined array key \"badge_source\"","file":"/Applications/XAMPP/xamppfiles/htdocs/melina_hms/src/views/layouts/partials/sidebar.php","line":66}
[2026-02-09 18:32:49] [ERROR] PHP Error {"message":"Undefined array key \"badge_source\"","file":"/Applications/XAMPP/xamppfiles/htdocs/melina_hms/src/views/layouts/partials/sidebar.php","line":66}
[2026-02-09 18:32:52] [ERROR] PHP Error {"message":"Undefined array key \"badge_source\"","file":"/Applications/XAMPP/xamppfiles/htdocs/melina_hms/src/views/layouts/partials/sidebar.php","line":66}
[2026-02-09 18:32:53] [ERROR] PHP Error {"message":"Undefined array key \"badge_source\"","file":"/Applications/XAMPP/xamppfiles/htdocs/melina_hms/src/views/layouts/partials/sidebar.php","line":66}
[2026-02-09 18:32:58] [ERROR] PHP Error {"message":"Undefined array key \"badge_source\"","file":"/Applications/XAMPP/xamppfiles/htdocs/melina_hms/src/views/layouts/partials/sidebar.php","line":66}
[2026-02-09 18:33:12] [ERROR] PHP Error {"message":"Undefined array key \"badge_source\"","file":"/Applications/XAMPP/xamppfiles/htdocs/melina_hms/src/views/layouts/partials/sidebar.php","line":66}
[2026-02-09 18:33:22] [ERROR] PHP Error {"message":"Undefined array key \"badge_source\"","file":"/Applications/XAMPP/xamppfiles/htdocs/melina_hms/src/views/layouts/partials/sidebar.php","line":66}
[2026-02-09 18:33:24] [ERROR] PHP Error {"message":"Undefined array key \"badge_source\"","file":"/Applications/XAMPP/xamppfiles/htdocs/melina_hms/src/views/layouts/partials/sidebar.php","line":66}
[2026-02-09 18:42:00] [ERROR] PHP Error {"message":"Undefined array key \"badge_source\"","file":"/Applications/XAMPP/xamppfiles/htdocs/melina_hms/src/views/layouts/partials/sidebar.php","line":66}
[2026-02-09 18:54:06] [INFO] Expired OTPs cleaned up {"count":1}
[2026-02-09 18:54:08] [INFO] WhatsApp OTP sent {"recipient":"9952048535"}
[2026-02-09 18:54:08] [INFO] OTP generated {"otp_id":"15","mobile_number":"9952048535","purpose":"login","expires_at":"2026-02-09 18:59:06"}
[2026-02-09 18:54:18] [INFO] OTP verified successfully {"otp_id":15,"mobile_number":"9952048535","purpose":"login"}
[2026-02-09 18:54:18] [INFO] User logged in via OTP {"user_id":5}
[2026-02-09 18:54:18] [INFO] User logged in via OTP Bridge {"user_id":5}
[2026-02-09 18:54:24] [ERROR] PHP Error {"message":"Trying to access array offset on value of type null","file":"/Applications/XAMPP/xamppfiles/htdocs/melina_hms/src/controllers/PrintController.php","line":326}
[2026-02-09 18:54:24] [INFO] Prescription PDF Generated successfully for Visit #36. Size: 32975 bytes.
[2026-02-09 19:05:00] [ERROR] PHP Error {"message":"Undefined array key \"badge_source\"","file":"/Applications/XAMPP/xamppfiles/htdocs/melina_hms/src/views/layouts/partials/sidebar.php","line":66}
[2026-02-09 19:05:17] [ERROR] PHP Error {"message":"Undefined array key \"badge_source\"","file":"/Applications/XAMPP/xamppfiles/htdocs/melina_hms/src/views/layouts/partials/sidebar.php","line":66}
[2026-02-09 19:05:26] [ERROR] PHP Error {"message":"Undefined array key \"badge_source\"","file":"/Applications/XAMPP/xamppfiles/htdocs/melina_hms/src/views/layouts/partials/sidebar.php","line":66}
[2026-02-09 19:05:40] [ERROR] PHP Error {"message":"Undefined array key \"badge_source\"","file":"/Applications/XAMPP/xamppfiles/htdocs/melina_hms/src/views/layouts/partials/sidebar.php","line":66}
[2026-02-09 19:05:45] [ERROR] PHP Error {"message":"Undefined array key \"badge_source\"","file":"/Applications/XAMPP/xamppfiles/htdocs/melina_hms/src/views/layouts/partials/sidebar.php","line":66}
[2026-02-09 19:05:50] [ERROR] PHP Error {"message":"Undefined array key \"badge_source\"","file":"/Applications/XAMPP/xamppfiles/htdocs/melina_hms/src/views/layouts/partials/sidebar.php","line":66}
[2026-02-09 19:11:31] [ERROR] PHP Error {"message":"Undefined array key \"badge_source\"","file":"/Applications/XAMPP/xamppfiles/htdocs/melina_hms/src/views/layouts/partials/sidebar.php","line":66}
[2026-02-09 19:11:33] [ERROR] PHP Error {"message":"Undefined array key \"badge_source\"","file":"/Applications/XAMPP/xamppfiles/htdocs/melina_hms/src/views/layouts/partials/sidebar.php","line":66}
[2026-02-09 19:13:38] [ERROR] PHP Error {"message":"Undefined array key \"badge_source\"","file":"/Applications/XAMPP/xamppfiles/htdocs/melina_hms/src/views/layouts/partials/sidebar.php","line":66}
[2026-02-09 19:27:56] [ERROR] PHP Error {"message":"Undefined array key \"badge_source\"","file":"/Applications/XAMPP/xamppfiles/htdocs/melina_hms/src/views/layouts/partials/sidebar.php","line":66}
[2026-02-09 19:28:02] [ERROR] PHP Error {"message":"Undefined array key \"badge_source\"","file":"/Applications/XAMPP/xamppfiles/htdocs/melina_hms/src/views/layouts/partials/sidebar.php","line":66}
[2026-02-09 19:28:05] [ERROR] PHP Error {"message":"Undefined array key \"badge_source\"","file":"/Applications/XAMPP/xamppfiles/htdocs/melina_hms/src/views/layouts/partials/sidebar.php","line":66}
[2026-02-09 19:28:11] [ERROR] PHP Error {"message":"Undefined array key \"badge_source\"","file":"/Applications/XAMPP/xamppfiles/htdocs/melina_hms/src/views/layouts/partials/sidebar.php","line":66}
[2026-02-09 19:28:20] [ERROR] PHP Error {"message":"Undefined array key \"badge_source\"","file":"/Applications/XAMPP/xamppfiles/htdocs/melina_hms/src/views/layouts/partials/sidebar.php","line":66}
[2026-02-09 19:28:25] [INFO] Prescription PDF Generated successfully for Visit #29. Size: 34329 bytes.
[2026-02-09 19:30:31] [INFO] Prescription PDF Generated successfully for Visit #29. Size: 34329 bytes.
[2026-02-09 19:32:37] [ERROR] PHP Error {"message":"Undefined array key \"badge_source\"","file":"/Applications/XAMPP/xamppfiles/htdocs/melina_hms/src/views/layouts/partials/sidebar.php","line":66}
[2026-02-09 19:33:01] [ERROR] PHP Error {"message":"Undefined array key \"badge_source\"","file":"/Applications/XAMPP/xamppfiles/htdocs/melina_hms/src/views/layouts/partials/sidebar.php","line":66}
[2026-02-09 19:35:40] [ERROR] PHP Error {"message":"Undefined array key \"badge_source\"","file":"/Applications/XAMPP/xamppfiles/htdocs/melina_hms/src/views/layouts/partials/sidebar.php","line":66}
[2026-02-09 19:36:12] [ERROR] PHP Error {"message":"Undefined array key \"badge_source\"","file":"/Applications/XAMPP/xamppfiles/htdocs/melina_hms/src/views/layouts/partials/sidebar.php","line":66}
[2026-02-09 19:36:12] [ERROR] PHP Error {"message":"Undefined array key \"badge_source\"","file":"/Applications/XAMPP/xamppfiles/htdocs/melina_hms/src/views/layouts/partials/sidebar.php","line":66}
[2026-02-09 19:38:34] [ERROR] PHP Error {"message":"Undefined array key \"badge_source\"","file":"/Applications/XAMPP/xamppfiles/htdocs/melina_hms/src/views/layouts/partials/sidebar.php","line":66}
[2026-02-09 19:40:36] [ERROR] PHP Error {"message":"Undefined array key \"badge_source\"","file":"/Applications/XAMPP/xamppfiles/htdocs/melina_hms/src/views/layouts/partials/sidebar.php","line":66}
[2026-02-09 19:40:43] [INFO] Logo path: /Applications/XAMPP/xamppfiles/htdocs/melina_hms/assets/images/brand-logos/toggle-logo.png, exists: yes
[2026-02-09 19:40:44] [INFO] Invoice PDF Generated for #77. Size: 160861 bytes.
[2026-02-09 19:41:18] [ERROR] PHP Error {"message":"Undefined array key \"badge_source\"","file":"/Applications/XAMPP/xamppfiles/htdocs/melina_hms/src/views/layouts/partials/sidebar.php","line":66}
[2026-02-09 19:44:02] [ERROR] PHP Error {"message":"Undefined array key \"badge_source\"","file":"/Applications/XAMPP/xamppfiles/htdocs/melina_hms/src/views/layouts/partials/sidebar.php","line":66}
[2026-02-09 19:45:10] [ERROR] PHP Error {"message":"Undefined array key \"badge_source\"","file":"/Applications/XAMPP/xamppfiles/htdocs/melina_hms/src/views/layouts/partials/sidebar.php","line":66}
[2026-02-09 19:45:58] [ERROR] PHP Error {"message":"Undefined array key \"badge_source\"","file":"/Applications/XAMPP/xamppfiles/htdocs/melina_hms/src/views/layouts/partials/sidebar.php","line":66}
[2026-02-09 19:49:56] [ERROR] PHP Error {"message":"Undefined array key \"badge_source\"","file":"/Applications/XAMPP/xamppfiles/htdocs/melina_hms/src/views/layouts/partials/sidebar.php","line":66}
[2026-02-09 19:50:07] [ERROR] PHP Error {"message":"Undefined array key \"badge_source\"","file":"/Applications/XAMPP/xamppfiles/htdocs/melina_hms/src/views/layouts/partials/sidebar.php","line":66}
[2026-02-09 19:50:40] [ERROR] PHP Error {"message":"Undefined array key \"badge_source\"","file":"/Applications/XAMPP/xamppfiles/htdocs/melina_hms/src/views/layouts/partials/sidebar.php","line":66}
[2026-02-09 19:51:29] [INFO] User logged in {"user_id":1,"username":"admin"}
[2026-02-09 19:51:29] [ERROR] PHP Error {"message":"Undefined array key \"badge_source\"","file":"/Applications/XAMPP/xamppfiles/htdocs/melina_hms/src/views/layouts/partials/sidebar.php","line":66}
[2026-02-09 19:51:46] [ERROR] PHP Error {"message":"Undefined array key \"badge_source\"","file":"/Applications/XAMPP/xamppfiles/htdocs/melina_hms/src/views/layouts/partials/sidebar.php","line":66}
[2026-02-09 19:51:50] [ERROR] PHP Error {"message":"Undefined array key \"badge_source\"","file":"/Applications/XAMPP/xamppfiles/htdocs/melina_hms/src/views/layouts/partials/sidebar.php","line":66}
[2026-02-09 19:52:06] [ERROR] PHP Error {"message":"Undefined array key \"badge_source\"","file":"/Applications/XAMPP/xamppfiles/htdocs/melina_hms/src/views/layouts/partials/sidebar.php","line":66}
[2026-02-09 19:52:14] [ERROR] PHP Error {"message":"Undefined array key \"badge_source\"","file":"/Applications/XAMPP/xamppfiles/htdocs/melina_hms/src/views/layouts/partials/sidebar.php","line":66}
[2026-02-09 19:52:45] [ERROR] PHP Error {"message":"Undefined array key \"badge_source\"","file":"/Applications/XAMPP/xamppfiles/htdocs/melina_hms/src/views/layouts/partials/sidebar.php","line":66}
[2026-02-09 19:52:51] [ERROR] PHP Error {"message":"Undefined array key \"badge_source\"","file":"/Applications/XAMPP/xamppfiles/htdocs/melina_hms/src/views/layouts/partials/sidebar.php","line":66}
