[2026-01-29 14:04:56] [WARNING] Failed login attempt {"username":"admin@gmail.com"}
[2026-01-29 14:04:59] [WARNING] Failed login attempt {"username":"sa@stccommex.com"}
[2026-01-29 14:09:48] [WARNING] Failed login attempt {"username":"sa@stccommex.com"}
[2026-01-29 14:09:54] [WARNING] Failed login attempt {"username":"admin@gmail.com"}
[2026-01-29 14:09:57] [INFO] User logged in {"user_id":1,"username":"admin"}
[2026-01-29 15:34:21] [ERROR] Database connection (remote) failed {"error":"SQLSTATE[HY000] [1045] Access denied for user 'u602093072_melina'@'2405:201:e047:4823:954e:e334:945e:6067' (using password: YES)"}
[2026-01-29 15:34:21] [ERROR] API Error {"message":"SQLSTATE[HY000] [1045] Access denied for user 'u602093072_melina'@'2405:201:e047:4823:954e:e334:945e:6067' (using password: YES)","file":"/Applications/XAMPP/xamppfiles/htdocs/melina_hms/system/Database.php","line":68}
[2026-01-29 15:34:53] [ERROR] Database connection (remote) failed {"error":"SQLSTATE[HY000] [1045] Access denied for user 'u602093072_melina'@'49.37.192.199' (using password: YES)"}
[2026-01-29 15:34:53] [ERROR] API Error {"message":"SQLSTATE[HY000] [1045] Access denied for user 'u602093072_melina'@'49.37.192.199' (using password: YES)","file":"/Applications/XAMPP/xamppfiles/htdocs/melina_hms/system/Database.php","line":68}
[2026-01-29 15:36:02] [ERROR] Database connection (remote) failed {"error":"SQLSTATE[HY000] [1045] Access denied for user 'u602093072_melina'@'2405:201:e047:4823:954e:e334:945e:6067' (using password: YES)"}
[2026-01-29 15:36:02] [ERROR] API Error {"message":"SQLSTATE[HY000] [1045] Access denied for user 'u602093072_melina'@'2405:201:e047:4823:954e:e334:945e:6067' (using password: YES)","file":"/Applications/XAMPP/xamppfiles/htdocs/melina_hms/system/Database.php","line":68}
[2026-01-29 15:36:08] [ERROR] Database connection (remote) failed {"error":"SQLSTATE[HY000] [1045] Access denied for user 'u602093072_melina'@'2405:201:e047:4823:954e:e334:945e:6067' (using password: YES)"}
[2026-01-29 15:36:08] [ERROR] API Error {"message":"SQLSTATE[HY000] [1045] Access denied for user 'u602093072_melina'@'2405:201:e047:4823:954e:e334:945e:6067' (using password: YES)","file":"/Applications/XAMPP/xamppfiles/htdocs/melina_hms/system/Database.php","line":68}
[2026-01-29 15:36:10] [ERROR] Database connection (remote) failed {"error":"SQLSTATE[HY000] [1045] Access denied for user 'u602093072_melina'@'2405:201:e047:4823:954e:e334:945e:6067' (using password: YES)"}
[2026-01-29 15:36:10] [ERROR] API Error {"message":"SQLSTATE[HY000] [1045] Access denied for user 'u602093072_melina'@'2405:201:e047:4823:954e:e334:945e:6067' (using password: YES)","file":"/Applications/XAMPP/xamppfiles/htdocs/melina_hms/system/Database.php","line":68}
[2026-01-29 15:36:12] [ERROR] Database connection (remote) failed {"error":"SQLSTATE[HY000] [1045] Access denied for user 'u602093072_melina'@'2405:201:e047:4823:954e:e334:945e:6067' (using password: YES)"}
[2026-01-29 15:36:12] [ERROR] API Error {"message":"SQLSTATE[HY000] [1045] Access denied for user 'u602093072_melina'@'2405:201:e047:4823:954e:e334:945e:6067' (using password: YES)","file":"/Applications/XAMPP/xamppfiles/htdocs/melina_hms/system/Database.php","line":68}
[2026-01-29 15:36:16] [ERROR] Database connection (remote) failed {"error":"SQLSTATE[HY000] [1045] Access denied for user 'u602093072_melina'@'2405:201:e047:4823:954e:e334:945e:6067' (using password: YES)"}
[2026-01-29 15:36:16] [ERROR] API Error {"message":"SQLSTATE[HY000] [1045] Access denied for user 'u602093072_melina'@'2405:201:e047:4823:954e:e334:945e:6067' (using password: YES)","file":"/Applications/XAMPP/xamppfiles/htdocs/melina_hms/system/Database.php","line":68}
[2026-01-29 15:36:18] [ERROR] Database connection (remote) failed {"error":"SQLSTATE[HY000] [1045] Access denied for user 'u602093072_melina'@'2405:201:e047:4823:954e:e334:945e:6067' (using password: YES)"}
[2026-01-29 15:36:18] [ERROR] API Error {"message":"SQLSTATE[HY000] [1045] Access denied for user 'u602093072_melina'@'2405:201:e047:4823:954e:e334:945e:6067' (using password: YES)","file":"/Applications/XAMPP/xamppfiles/htdocs/melina_hms/system/Database.php","line":68}
[2026-01-29 15:36:20] [ERROR] Database connection (remote) failed {"error":"SQLSTATE[HY000] [1045] Access denied for user 'u602093072_melina'@'2405:201:e047:4823:954e:e334:945e:6067' (using password: YES)"}
[2026-01-29 15:36:20] [ERROR] API Error {"message":"SQLSTATE[HY000] [1045] Access denied for user 'u602093072_melina'@'2405:201:e047:4823:954e:e334:945e:6067' (using password: YES)","file":"/Applications/XAMPP/xamppfiles/htdocs/melina_hms/system/Database.php","line":68}
[2026-01-29 15:39:21] [ERROR] API Error {"message":"Class \"Database\" not found","file":"/Applications/XAMPP/xamppfiles/htdocs/melina_hms/src/Api/Controllers/AnalyticsController.php","line":13}
[2026-01-29 15:39:28] [ERROR] API Error {"message":"Class \"Database\" not found","file":"/Applications/XAMPP/xamppfiles/htdocs/melina_hms/src/Api/Controllers/AnalyticsController.php","line":13}
[2026-01-29 15:39:29] [ERROR] API Error {"message":"Class \"Database\" not found","file":"/Applications/XAMPP/xamppfiles/htdocs/melina_hms/src/Api/Controllers/AnalyticsController.php","line":13}
